<?xml version="1.0" encoding="UTF-8"?>
<!-- Generated by org.testng.reporters.JUnitXMLReporter -->
<testsuite ignored="9" hostname="DESKTOP-QU86F3Q" failures="0" tests="1" name="Default test(failed)" time="2.154" errors="0" timestamp="2025-01-28T18:06:26 PKT">
  <testcase classname="Private.transactionsControllerv4" name="gettransactionsWriteoff_v4" time="2.102"/>
  <testcase classname="Private.transactionsControllerv4" name="gettransactionpayment_v4" time="0.0">
    <ignored/>
  </testcase> <!-- gettransactionpayment_v4 -->
  <testcase classname="Private.transactionsControllerv4" name="gettransactionpayment_v4_false" time="0.0">
    <ignored/>
  </testcase> <!-- gettransactionpayment_v4_false -->
  <testcase classname="Private.transactionsControllerv4" name="gettransactionbatch_v4" time="0.0">
    <ignored/>
  </testcase> <!-- gettransactionbatch_v4 -->
  <testcase classname="Private.transactionsControllerv4" name="getMeterReadInquiryWork_v4" time="0.0">
    <ignored/>
  </testcase> <!-- getMeterReadInquiryWork_v4 -->
  <testcase classname="Private.transactionsControllerv4" name="gettransactionpaymentInvCred_v4" time="0.0">
    <ignored/>
  </testcase> <!-- gettransactionpaymentInvCred_v4 -->
  <testcase classname="Private.transactionsControllerv4" name="getapplyByService_v4" time="0.0">
    <ignored/>
  </testcase> <!-- getapplyByService_v4 -->
  <testcase classname="Private.transactionsControllerv4" name="getMeterReadInquiryOpen_v4" time="0.0">
    <ignored/>
  </testcase> <!-- getMeterReadInquiryOpen_v4 -->
  <testcase classname="Private.transactionsControllerv4" name="gettransactionpaymentInv_v4" time="0.0">
    <ignored/>
  </testcase> <!-- gettransactionpaymentInv_v4 -->
  <testcase classname="Private.transactionsControllerv4" name="getMeterReadInquiryHistory_v4" time="0.0">
    <ignored/>
  </testcase> <!-- getMeterReadInquiryHistory_v4 -->
</testsuite> <!-- Default test(failed) -->
