<?xml version="1.0" encoding="UTF-8"?>
<!-- Generated by org.testng.reporters.JUnitXMLReporter -->
<testsuite ignored="0" hostname="DESKTOP-QU86F3Q" failures="1" tests="11" name="Default test" time="4.676" errors="0" timestamp="2025-05-06T17:54:50 PKT">
  <testcase classname="Private.transactionsControllerv4" name="getapplyByService_v4" time="2.499"/>
  <testcase classname="Private.transactionsControllerv4" name="getMeterReadInquiryWork_v4" time="0.272"/>
  <testcase classname="Private.transactionsControllerv4" name="getMeterReadInquiryOpen_v4" time="0.23"/>
  <testcase classname="Private.transactionsControllerv4" name="getMeterReadInquiryHistory_v4" time="0.232"/>
  <testcase classname="Private.transactionsControllerv4" name="gettransactionbatch_v4" time="0.441"/>
  <testcase classname="Private.transactionsControllerv4" name="gettransactionpayment_v4" time="0.227"/>
  <testcase classname="Private.transactionsControllerv4" name="gettransactionpaymentInv_v4" time="0.241"/>
  <testcase classname="Private.transactionsControllerv4" name="gettransactionpaymentInvCred_v4" time="0.203"/>
  <testcase classname="Private.transactionsControllerv4" name="gettransactionsWriteoff_v4" time="0.002">
    <skipped/>
  </testcase> <!-- gettransactionsWriteoff_v4 -->
  <testcase classname="Private.transactionsControllerv4" name="gettransactionpayment_v3_false" time="0.001">
    <skipped/>
  </testcase> <!-- gettransactionpayment_v3_false -->
  <testcase classname="Private.transactionsControllerv4" name="gettransactionpayment_v4_false" time="0.236">
    <failure type="java.lang.AssertionError" message="expected:&amp;lt;{&amp;quot;Payment&amp;quot;:{&amp;quot;Success&amp;quot;:true,&amp;quot;Data&amp;quot;:{&amp;quot;DocumentNumber&amp;quot;:&amp;quot;PYMT00000000500&amp;quot;,&amp;quot;BatchId&amp;quot;:&amp;quot;109090ABC&amp;quot;,&amp;quot;PaidById&amp;quot;:&amp;quot;CUSTOMER016&amp;quot;,&amp;quot;PaidBy&amp;quot;:{&amp;quot;Id&amp;quot;:1,&amp;quot;Description&amp;quot;:&amp;quot;Bill To Customer&amp;quot;},&amp;quot;PaymentOrigin&amp;quot;:null,&amp;quot;Comment&amp;quot;:&amp;quot;&amp;quot;,&amp;quot;Status&amp;quot;:&amp;quot;Work&amp;quot;,&amp;quot;CreateDateTime&amp;quot;:&amp;quot;2019-08-05T09:01:03&amp;quot;,&amp;quot;CreatedBy&amp;quot;:&amp;quot;sa&amp;quot;,&amp;quot;IsAppliedToDeposit&amp;quot;:false,&amp;quot;PayDetail&amp;quot;:{&amp;quot;Type&amp;quot;:&amp;quot;Check&amp;quot;,&amp;quot;OtherType&amp;quot;:null,&amp;quot;TaxSchduleId&amp;quot;:null,&amp;quot;TaxDescription&amp;quot;:null,&amp;quot;CreditNoteId&amp;quot;:null,&amp;quot;Date&amp;quot;:&amp;quot;2019-08-05&amp;quot;,&amp;quot;SubTotal&amp;quot;:161.43,&amp;quot;TotalTaxAmount&amp;quot;:0.00,&amp;quot;Amount&amp;quot;:161.43,&amp;quot;UnappliedToBill&amp;quot;:0.00,&amp;quot;CheckbookId&amp;quot;:&amp;quot;FIRST NATIONAL&amp;quot;,&amp;quot;CreditCard&amp;quot;:null,&amp;quot;CheckNumber&amp;quot;:&amp;quot;&amp;quot;,&amp;quot;CreditNoteReasonCode&amp;quot;:&amp;quot;&amp;quot;,&amp;quot;TaxDetail&amp;quot;:[]},&amp;quot;IsVoided&amp;quot;:false,&amp;quot;Void&amp;quot;:null,&amp;quot;LocationId&amp;quot;:&amp;quot;SEWER001&amp;quot;,&amp;quot;ServiceAddress&amp;quot;:{&amp;quot;Line1&amp;quot;:&amp;quot;4 Water st UNIT 145&amp;quot;,&amp;quot;City&amp;quot;:&amp;quot;NEW YORK&amp;quot;,&amp;quot;State&amp;quot;:&amp;quot;NY&amp;quot;,&amp;quot;ZipCode&amp;quot;:&amp;quot;65342&amp;quot;,&amp;quot;Country&amp;quot;:&amp;quot;USA&amp;quot;},&amp;quot;Customer&amp;quot;:{&amp;quot;Id&amp;quot;:&amp;quot;CUSTOMER016&amp;quot;,&amp;quot;Type&amp;quot;:&amp;quot;Individual&amp;quot;,&amp;quot;Individual&amp;quot;:{&amp;quot;FullName&amp;quot;:&amp;quot;Mrs. Elizabeth R Hunter&amp;quot;,&amp;quot;Name&amp;quot;:{&amp;quot;Title&amp;quot;:&amp;quot;Mrs.&amp;quot;,&amp;quot;First&amp;quot;:&amp;quot;Elizabeth&amp;quot;,&amp;quot;Middle&amp;quot;:&amp;quot;R&amp;quot;,&amp;quot;Last&amp;quot;:&amp;quot;Hunter&amp;quot;}},&amp;quot;Business&amp;quot;:null},&amp;quot;Prepayment&amp;quot;:[]},&amp;quot;Messages&amp;quot;:[]}}&amp;gt; but was:&amp;lt;{&amp;quot;Payment&amp;quot;:{&amp;quot;Success&amp;quot;:true,&amp;quot;Data&amp;quot;:{&amp;quot;DocumentNumber&amp;quot;:&amp;quot;PYMT00000000500&amp;quot;,&amp;quot;BatchId&amp;quot;:&amp;quot;109090ABC&amp;quot;,&amp;quot;PaidById&amp;quot;:&amp;quot;CUSTOMER016&amp;quot;,&amp;quot;PaidBy&amp;quot;:{&amp;quot;Id&amp;quot;:1,&amp;quot;Description&amp;quot;:&amp;quot;Bill To Customer&amp;quot;},&amp;quot;PaymentOrigin&amp;quot;:null,&amp;quot;Comment&amp;quot;:&amp;quot;&amp;quot;,&amp;quot;Status&amp;quot;:&amp;quot;Work&amp;quot;,&amp;quot;CreateDateTime&amp;quot;:&amp;quot;2019-08-05T09:01:03&amp;quot;,&amp;quot;CreatedBy&amp;quot;:&amp;quot;sa&amp;quot;,&amp;quot;PayDetail&amp;quot;:{&amp;quot;Type&amp;quot;:&amp;quot;Check&amp;quot;,&amp;quot;OtherType&amp;quot;:null,&amp;quot;TaxSchduleId&amp;quot;:null,&amp;quot;TaxDescription&amp;quot;:null,&amp;quot;CreditNoteId&amp;quot;:null,&amp;quot;Date&amp;quot;:&amp;quot;2019-08-05&amp;quot;,&amp;quot;SubTotal&amp;quot;:161.43,&amp;quot;TotalTaxAmount&amp;quot;:0.00,&amp;quot;Amount&amp;quot;:161.43,&amp;quot;UnappliedToBill&amp;quot;:0.00,&amp;quot;CheckbookId&amp;quot;:&amp;quot;FIRST NATIONAL&amp;quot;,&amp;quot;CreditCard&amp;quot;:null,&amp;quot;CheckNumber&amp;quot;:&amp;quot;&amp;quot;,&amp;quot;CreditNoteReasonCode&amp;quot;:&amp;quot;&amp;quot;,&amp;quot;TaxDetail&amp;quot;:[]},&amp;quot;IsVoided&amp;quot;:false,&amp;quot;Void&amp;quot;:null,&amp;quot;LocationId&amp;quot;:&amp;quot;SEWER001&amp;quot;,&amp;quot;ServiceAddress&amp;quot;:{&amp;quot;Line1&amp;quot;:&amp;quot;4 Water st UNIT 145&amp;quot;,&amp;quot;City&amp;quot;:&amp;quot;NEW YORK&amp;quot;,&amp;quot;State&amp;quot;:&amp;quot;NY&amp;quot;,&amp;quot;ZipCode&amp;quot;:&amp;quot;65342&amp;quot;,&amp;quot;Country&amp;quot;:&amp;quot;USA&amp;quot;},&amp;quot;Customer&amp;quot;:{&amp;quot;Id&amp;quot;:&amp;quot;CUSTOMER016&amp;quot;,&amp;quot;Type&amp;quot;:&amp;quot;Individual&amp;quot;,&amp;quot;Individual&amp;quot;:{&amp;quot;FullName&amp;quot;:&amp;quot;Mrs. Elizabeth R Hunter&amp;quot;,&amp;quot;Name&amp;quot;:{&amp;quot;Title&amp;quot;:&amp;quot;Mrs.&amp;quot;,&amp;quot;First&amp;quot;:&amp;quot;Elizabeth&amp;quot;,&amp;quot;Middle&amp;quot;:&amp;quot;R&amp;quot;,&amp;quot;Last&amp;quot;:&amp;quot;Hunter&amp;quot;}},&amp;quot;Business&amp;quot;:null},&amp;quot;Prepayment&amp;quot;:[]},&amp;quot;Messages&amp;quot;:[]}}&amp;gt;">
      <![CDATA[java.lang.AssertionError: expected:<{"Payment":{"Success":true,"Data":{"DocumentNumber":"PYMT00000000500","BatchId":"109090ABC","PaidById":"CUSTOMER016","PaidBy":{"Id":1,"Description":"Bill To Customer"},"PaymentOrigin":null,"Comment":"","Status":"Work","CreateDateTime":"2019-08-05T09:01:03","CreatedBy":"sa","IsAppliedToDeposit":false,"PayDetail":{"Type":"Check","OtherType":null,"TaxSchduleId":null,"TaxDescription":null,"CreditNoteId":null,"Date":"2019-08-05","SubTotal":161.43,"TotalTaxAmount":0.00,"Amount":161.43,"UnappliedToBill":0.00,"CheckbookId":"FIRST NATIONAL","CreditCard":null,"CheckNumber":"","CreditNoteReasonCode":"","TaxDetail":[]},"IsVoided":false,"Void":null,"LocationId":"SEWER001","ServiceAddress":{"Line1":"4 Water st UNIT 145","City":"NEW YORK","State":"NY","ZipCode":"65342","Country":"USA"},"Customer":{"Id":"CUSTOMER016","Type":"Individual","Individual":{"FullName":"Mrs. Elizabeth R Hunter","Name":{"Title":"Mrs.","First":"Elizabeth","Middle":"R","Last":"Hunter"}},"Business":null},"Prepayment":[]},"Messages":[]}}> but was:<{"Payment":{"Success":true,"Data":{"DocumentNumber":"PYMT00000000500","BatchId":"109090ABC","PaidById":"CUSTOMER016","PaidBy":{"Id":1,"Description":"Bill To Customer"},"PaymentOrigin":null,"Comment":"","Status":"Work","CreateDateTime":"2019-08-05T09:01:03","CreatedBy":"sa","PayDetail":{"Type":"Check","OtherType":null,"TaxSchduleId":null,"TaxDescription":null,"CreditNoteId":null,"Date":"2019-08-05","SubTotal":161.43,"TotalTaxAmount":0.00,"Amount":161.43,"UnappliedToBill":0.00,"CheckbookId":"FIRST NATIONAL","CreditCard":null,"CheckNumber":"","CreditNoteReasonCode":"","TaxDetail":[]},"IsVoided":false,"Void":null,"LocationId":"SEWER001","ServiceAddress":{"Line1":"4 Water st UNIT 145","City":"NEW YORK","State":"NY","ZipCode":"65342","Country":"USA"},"Customer":{"Id":"CUSTOMER016","Type":"Individual","Individual":{"FullName":"Mrs. Elizabeth R Hunter","Name":{"Title":"Mrs.","First":"Elizabeth","Middle":"R","Last":"Hunter"}},"Business":null},"Prepayment":[]},"Messages":[]}}>
at org.testng.AssertJUnit.assertEquals(AssertJUnit.java:115)
at org.testng.AssertJUnit.assertEquals(AssertJUnit.java:125)
at Private.transactionsControllerv4.gettransactionpayment_v4_false(transactionsControllerv4.java:176)
at java.base/jdk.internal.reflect.NativeMethodAccessorImpl.invoke0(Native Method)
at java.base/jdk.internal.reflect.NativeMethodAccessorImpl.invoke(NativeMethodAccessorImpl.java:62)
at java.base/jdk.internal.reflect.DelegatingMethodAccessorImpl.invoke(DelegatingMethodAccessorImpl.java:43)
at java.base/java.lang.reflect.Method.invoke(Method.java:566)
at org.testng.internal.invokers.MethodInvocationHelper.invokeMethod(MethodInvocationHelper.java:141)
at org.testng.internal.invokers.TestInvoker.invokeMethod(TestInvoker.java:686)
at org.testng.internal.invokers.TestInvoker.invokeTestMethod(TestInvoker.java:230)
at org.testng.internal.invokers.MethodRunner.runInSequence(MethodRunner.java:63)
at org.testng.internal.invokers.TestInvoker$MethodInvocationAgent.invoke(TestInvoker.java:992)
at org.testng.internal.invokers.TestInvoker.invokeTestMethods(TestInvoker.java:203)
at org.testng.internal.invokers.TestMethodWorker.invokeTestMethods(TestMethodWorker.java:154)
at org.testng.internal.invokers.TestMethodWorker.run(TestMethodWorker.java:134)
at java.base/java.util.ArrayList.forEach(ArrayList.java:1541)
at org.testng.TestRunner.privateRun(TestRunner.java:739)
at org.testng.TestRunner.run(TestRunner.java:614)
at org.testng.SuiteRunner.runTest(SuiteRunner.java:421)
at org.testng.SuiteRunner.runSequentially(SuiteRunner.java:413)
at org.testng.SuiteRunner.privateRun(SuiteRunner.java:373)
at org.testng.SuiteRunner.run(SuiteRunner.java:312)
at org.testng.SuiteRunnerWorker.runSuite(SuiteRunnerWorker.java:52)
at org.testng.SuiteRunnerWorker.run(SuiteRunnerWorker.java:95)
at org.testng.TestNG.runSuitesSequentially(TestNG.java:1274)
at org.testng.TestNG.runSuitesLocally(TestNG.java:1208)
at org.testng.TestNG.runSuites(TestNG.java:1112)
at org.testng.TestNG.run(TestNG.java:1079)
at org.testng.remote.AbstractRemoteTestNG.run(AbstractRemoteTestNG.java:115)
at org.testng.remote.RemoteTestNG.initAndRun(RemoteTestNG.java:293)
at org.testng.remote.RemoteTestNG.main(RemoteTestNG.java:91)
]]>
    </failure>
  </testcase> <!-- gettransactionpayment_v4_false -->
</testsuite> <!-- Default test -->
