<?xml version="1.0" encoding="UTF-8"?>
<!-- Generated by org.testng.reporters.JUnitXMLReporter -->
<testsuite ignored="0" hostname="DESKTOP-QU86F3Q" failures="1" tests="19" name="Default test" time="4.218" errors="0" timestamp="2025-01-06T02:20:26 PST">
  <testcase classname="Private.BillingControllerv4" name="TC001_getutilitySetup" time="1.443"/>
  <testcase classname="Private.BillingControllerv4" name="delBatv4" time="0.206"/>
  <testcase classname="Private.BillingControllerv4" name="TC002_getbillBatchStatus" time="0.191"/>
  <testcase classname="Private.BillingControllerv4" name="delBatv4Err" time="0.175"/>
  <testcase classname="Private.BillingControllerv4" name="PostBillingcalculatev4" time="0.203"/>
  <testcase classname="Private.BillingControllerv4" name="PostgenerateEditReportv4" time="0.182"/>
  <testcase classname="Private.BillingControllerv4" name="getbillprintTemplatePath" time="0.175"/>
  <testcase classname="Private.BillingControllerv4" name="postcreateStatementv4" time="0.19"/>
  <testcase classname="Private.BillingControllerv4" name="postcreateStatementv4_isfinal" time="0.174"/>
  <testcase classname="Private.BillingControllerv4" name="billingprintStatementv4" time="0.0">
    <skipped/>
  </testcase> <!-- billingprintStatementv4 -->
  <testcase classname="Private.BillingControllerv4" name="postBillingv4" time="0.0">
    <skipped/>
  </testcase> <!-- postBillingv4 -->
  <testcase classname="Private.BillingControllerv4" name="printcsvbillingStatements" time="0.0">
    <skipped/>
  </testcase> <!-- printcsvbillingStatements -->
  <testcase classname="Private.BillingControllerv4" name="getbillingtransferProgress" time="0.206"/>
  <testcase classname="Private.BillingControllerv4" name="billingfinalcalculatev4" time="0.191">
    <skipped/>
  </testcase> <!-- billingfinalcalculatev4 -->
  <testcase classname="Private.BillingControllerv4" name="billingfinalcalculatev4" time="0.183">
    <skipped/>
  </testcase> <!-- billingfinalcalculatev4 -->
  <testcase classname="Private.BillingControllerv4" name="billingfinalcalculatev4" time="0.159">
    <skipped/>
  </testcase> <!-- billingfinalcalculatev4 -->
  <testcase classname="Private.BillingControllerv4" name="billingfinalcalculatev4" time="0.174">
    <failure type="java.lang.AssertionError" message="expected [{&amp;quot;Billing&amp;quot;:{&amp;quot;Success&amp;quot;:true,&amp;quot;Data&amp;quot;:{&amp;quot;BatchId&amp;quot;:&amp;quot;BATCHID&amp;quot;,&amp;quot;NumberOfValidTransaction&amp;quot;:1,&amp;quot;HasTransferErrorInReport&amp;quot;:false,&amp;quot;List&amp;quot;:[{&amp;quot;LocationId&amp;quot;:&amp;quot;TESTLOC018&amp;quot;,&amp;quot;CustomerId&amp;quot;:&amp;quot;50000201&amp;quot;,&amp;quot;ServiceOrderNumber&amp;quot;:&amp;quot;SORD00000009024&amp;quot;}],&amp;quot;TransferErrorList&amp;quot;:[],&amp;quot;ReportErrorList&amp;quot;:[]},&amp;quot;Messages&amp;quot;:[]}}] but found [{&amp;quot;Billing&amp;quot;:{&amp;quot;Success&amp;quot;:false,&amp;quot;Data&amp;quot;:{&amp;quot;BatchId&amp;quot;:&amp;quot;BATCHID&amp;quot;,&amp;quot;NumberOfValidTransaction&amp;quot;:0,&amp;quot;HasTransferErrorInReport&amp;quot;:true,&amp;quot;List&amp;quot;:[],&amp;quot;TransferErrorList&amp;quot;:[{&amp;quot;ServiceOrderNumber&amp;quot;:&amp;quot;SORD00000009024&amp;quot;,&amp;quot;LocationId&amp;quot;:&amp;quot;TESTLOC018&amp;quot;}],&amp;quot;ReportErrorList&amp;quot;:[{&amp;quot;Name&amp;quot;:&amp;quot;Billing Final Calculate Transfer Error List&amp;quot;,&amp;quot;DisplayName&amp;quot;:&amp;quot;Transfer Error List&amp;quot;,&amp;quot;PrintOrder&amp;quot;:1}]},&amp;quot;Messages&amp;quot;:[]}}]">
      <![CDATA[java.lang.AssertionError: expected [{"Billing":{"Success":true,"Data":{"BatchId":"BATCHID","NumberOfValidTransaction":1,"HasTransferErrorInReport":false,"List":[{"LocationId":"TESTLOC018","CustomerId":"50000201","ServiceOrderNumber":"SORD00000009024"}],"TransferErrorList":[],"ReportErrorList":[]},"Messages":[]}}] but found [{"Billing":{"Success":false,"Data":{"BatchId":"BATCHID","NumberOfValidTransaction":0,"HasTransferErrorInReport":true,"List":[],"TransferErrorList":[{"ServiceOrderNumber":"SORD00000009024","LocationId":"TESTLOC018"}],"ReportErrorList":[{"Name":"Billing Final Calculate Transfer Error List","DisplayName":"Transfer Error List","PrintOrder":1}]},"Messages":[]}}]
at org.testng.Assert.fail(Assert.java:111)
at org.testng.Assert.failNotEquals(Assert.java:1578)
at org.testng.Assert.assertEqualsImpl(Assert.java:150)
at org.testng.Assert.assertEquals(Assert.java:132)
at org.testng.Assert.assertEquals(Assert.java:656)
at org.testng.Assert.assertEquals(Assert.java:666)
at Private.BillingControllerv4.billingfinalcalculatev4(BillingControllerv4.java:259)
at java.base/jdk.internal.reflect.NativeMethodAccessorImpl.invoke0(Native Method)
at java.base/jdk.internal.reflect.NativeMethodAccessorImpl.invoke(NativeMethodAccessorImpl.java:62)
at java.base/jdk.internal.reflect.DelegatingMethodAccessorImpl.invoke(DelegatingMethodAccessorImpl.java:43)
at java.base/java.lang.reflect.Method.invoke(Method.java:566)
at org.testng.internal.invokers.MethodInvocationHelper.invokeMethod(MethodInvocationHelper.java:141)
at org.testng.internal.invokers.TestInvoker.invokeMethod(TestInvoker.java:686)
at org.testng.internal.invokers.TestInvoker.retryFailed(TestInvoker.java:269)
at org.testng.internal.invokers.MethodRunner.runInSequence(MethodRunner.java:76)
at org.testng.internal.invokers.TestInvoker$MethodInvocationAgent.invoke(TestInvoker.java:992)
at org.testng.internal.invokers.TestInvoker.invokeTestMethods(TestInvoker.java:203)
at org.testng.internal.invokers.TestMethodWorker.invokeTestMethods(TestMethodWorker.java:154)
at org.testng.internal.invokers.TestMethodWorker.run(TestMethodWorker.java:134)
at java.base/java.util.ArrayList.forEach(ArrayList.java:1541)
at org.testng.TestRunner.privateRun(TestRunner.java:739)
at org.testng.TestRunner.run(TestRunner.java:614)
at org.testng.SuiteRunner.runTest(SuiteRunner.java:421)
at org.testng.SuiteRunner.runSequentially(SuiteRunner.java:413)
at org.testng.SuiteRunner.privateRun(SuiteRunner.java:373)
at org.testng.SuiteRunner.run(SuiteRunner.java:312)
at org.testng.SuiteRunnerWorker.runSuite(SuiteRunnerWorker.java:52)
at org.testng.SuiteRunnerWorker.run(SuiteRunnerWorker.java:95)
at org.testng.TestNG.runSuitesSequentially(TestNG.java:1274)
at org.testng.TestNG.runSuitesLocally(TestNG.java:1208)
at org.testng.TestNG.runSuites(TestNG.java:1112)
at org.testng.TestNG.run(TestNG.java:1079)
at org.testng.remote.AbstractRemoteTestNG.run(AbstractRemoteTestNG.java:115)
at org.testng.remote.RemoteTestNG.initAndRun(RemoteTestNG.java:293)
at org.testng.remote.RemoteTestNG.main(RemoteTestNG.java:91)
]]>
    </failure>
  </testcase> <!-- billingfinalcalculatev4 -->
  <testcase classname="Private.BillingControllerv4" name="getBatchIdValidate" time="0.157"/>
  <testcase classname="Private.BillingControllerv4" name="getBatchIdValidatetrue" time="0.156"/>
</testsuite> <!-- Default test -->
