<?xml version="1.0" encoding="UTF-8"?>
<!-- Generated by org.testng.reporters.JUnitXMLReporter -->
<testsuite ignored="14" hostname="DESKTOP-QU86F3Q" failures="7" tests="303" name="Nexus API Automation" time="626.848" errors="0" timestamp="2025-05-23T17:42:05 PKT">
  <testcase classname="apackage.FailedTests" name="getapplyByService_v4" time="5.795"/>
  <testcase classname="apackage.FailedTests" name="lookupPaymentDocuments" time="0.666"/>
  <testcase classname="Private.ActionsMenuController_ExtentReports" name="getActionsMenu_v4" time="0.346"/>
  <testcase classname="Public.accountBalancesv4" name="getAccountBalancesV4" time="0.002">
    <skipped/>
  </testcase> <!-- getAccountBalancesV4 -->
  <testcase classname="zpackage.Failed_Tests" name="gettransactionsWriteoff_v4" time="0.691">
    <failure type="java.lang.AssertionError" message="expected [{&amp;quot;result&amp;quot;:[{&amp;quot;DocumentNumber&amp;quot;:&amp;quot;PYMT00000000532&amp;quot;,&amp;quot;DocumentType&amp;quot;:&amp;quot;Payment&amp;quot;,&amp;quot;DocumentStatus&amp;quot;:&amp;quot;Unposted&amp;quot;,&amp;quot;ConnectionSequence&amp;quot;:&amp;quot;0&amp;quot;,&amp;quot;DocumentDate&amp;quot;:&amp;quot;2027-04-11T19:00:00.000Z&amp;quot;,&amp;quot;DocVoided&amp;quot;:&amp;quot;0&amp;quot;,&amp;quot;DueDate&amp;quot;:&amp;quot;1899-12-31T19:31:48.000Z&amp;quot;,&amp;quot;Amount&amp;quot;:&amp;quot;10.00&amp;quot;,&amp;quot;OutstandingAmount&amp;quot;:&amp;quot;10.00&amp;quot;,&amp;quot;ServiceCategory&amp;quot;:&amp;quot;0&amp;quot;,&amp;quot;ServiceCategoryDescription&amp;quot;:&amp;quot;&amp;quot;,&amp;quot;ServiceType&amp;quot;:&amp;quot;&amp;quot;,&amp;quot;EquipmentID&amp;quot;:&amp;quot;&amp;quot;,&amp;quot;Description&amp;quot;:&amp;quot;WRITEOFF&amp;quot;,&amp;quot;DrillbackLink&amp;quot;:&amp;quot;cogsDrillback://DGPB/?Db=&amp;amp;Srv=DESKTOP-QU86F3Q&amp;amp;Cmp=TWO&amp;amp;Prod=229&amp;amp;Act=OPEN&amp;amp;Func=TransactionPymtOrCreditMemoInquiry&amp;amp;DocumentNumber=PYMT00000000532&amp;amp;CogsDrillback=1&amp;quot;,&amp;quot;ReferenceDocumentNumber&amp;quot;:&amp;quot;&amp;quot;,&amp;quot;ReferenceDocumentDate&amp;quot;:&amp;quot;1899-12-31T19:31:48.000Z&amp;quot;,&amp;quot;PaymentOrigin&amp;quot;:&amp;quot;&amp;quot;,&amp;quot;ChargeDescription&amp;quot;:&amp;quot;&amp;quot;},{&amp;quot;DocumentNumber&amp;quot;:&amp;quot;PYMT00000000531&amp;quot;,&amp;quot;DocumentType&amp;quot;:&amp;quot;Payment&amp;quot;,&amp;quot;DocumentStatus&amp;quot;:&amp;quot;Open&amp;quot;,&amp;quot;ConnectionSequence&amp;quot;:&amp;quot;0&amp;quot;,&amp;quot;DocumentDate&amp;quot;:&amp;quot;2027-04-11T19:00:00.000Z&amp;quot;,&amp;quot;DocVoided&amp;quot;:&amp;quot;0&amp;quot;,&amp;quot;DueDate&amp;quot;:&amp;quot;1899-12-31T19:31:48.000Z&amp;quot;,&amp;quot;Amount&amp;quot;:&amp;quot;10.00&amp;quot;,&amp;quot;OutstandingAmount&amp;quot;:&amp;quot;10.00&amp;quot;,&amp;quot;ServiceCategory&amp;quot;:&amp;quot;0&amp;quot;,&amp;quot;ServiceCategoryDescription&amp;quot;:&amp;quot;&amp;quot;,&amp;quot;ServiceType&amp;quot;:&amp;quot;&amp;quot;,&amp;quot;EquipmentID&amp;quot;:&amp;quot;&amp;quot;,&amp;quot;Description&amp;quot;:&amp;quot;WRITEOFF&amp;quot;,&amp;quot;DrillbackLink&amp;quot;:&amp;quot;cogsDrillback://DGPB/?Db=&amp;amp;Srv=DESKTOP-QU86F3Q&amp;amp;Cmp=TWO&amp;amp;Prod=229&amp;amp;Act=OPEN&amp;amp;Func=TransactionPymtOrCreditMemoInquiry&amp;amp;DocumentNumber=PYMT00000000531&amp;amp;CogsDrillback=1&amp;quot;,&amp;quot;ReferenceDocumentNumber&amp;quot;:&amp;quot;&amp;quot;,&amp;quot;ReferenceDocumentDate&amp;quot;:&amp;quot;1899-12-31T19:31:48.000Z&amp;quot;,&amp;quot;PaymentOrigin&amp;quot;:&amp;quot;&amp;quot;,&amp;quot;ChargeDescription&amp;quot;:&amp;quot;&amp;quot;},{&amp;quot;DocumentNumber&amp;quot;:&amp;quot;PYMT00000000529&amp;quot;,&amp;quot;DocumentType&amp;quot;:&amp;quot;Payment&amp;quot;,&amp;quot;DocumentStatus&amp;quot;:&amp;quot;Unposted&amp;quot;,&amp;quot;ConnectionSequence&amp;quot;:&amp;quot;0&amp;quot;,&amp;quot;DocumentDate&amp;quot;:&amp;quot;2024-04-19T19:00:00.000Z&amp;quot;,&amp;quot;DocVoided&amp;quot;:&amp;quot;0&amp;quot;,&amp;quot;DueDate&amp;quot;:&amp;quot;1899-12-31T19:31:48.000Z&amp;quot;,&amp;quot;Amount&amp;quot;:&amp;quot;10.00&amp;quot;,&amp;quot;OutstandingAmount&amp;quot;:&amp;quot;10.00&amp;quot;,&amp;quot;ServiceCategory&amp;quot;:&amp;quot;0&amp;quot;,&amp;quot;ServiceCategoryDescription&amp;quot;:&amp;quot;&amp;quot;,&amp;quot;ServiceType&amp;quot;:&amp;quot;&amp;quot;,&amp;quot;EquipmentID&amp;quot;:&amp;quot;&amp;quot;,&amp;quot;Description&amp;quot;:&amp;quot;RMGT-OTH-000002&amp;quot;,&amp;quot;DrillbackLink&amp;quot;:&amp;quot;cogsDrillback://DGPB/?Db=&amp;amp;Srv=DESKTOP-QU86F3Q&amp;amp;Cmp=TWO&amp;amp;Prod=229&amp;amp;Act=OPEN&amp;amp;Func=TransactionPymtOrCreditMemoInquiry&amp;amp;DocumentNumber=PYMT00000000529&amp;amp;CogsDrillback=1&amp;quot;,&amp;quot;ReferenceDocumentNumber&amp;quot;:&amp;quot;&amp;quot;,&amp;quot;ReferenceDocumentDate&amp;quot;:&amp;quot;1899-12-31T19:31:48.000Z&amp;quot;,&amp;quot;PaymentOrigin&amp;quot;:&amp;quot;TEST&amp;quot;,&amp;quot;ChargeDescription&amp;quot;:&amp;quot;&amp;quot;},{&amp;quot;DocumentNumber&amp;quot;:&amp;quot;READ00000000423&amp;quot;,&amp;quot;DocumentType&amp;quot;:&amp;quot;Meter Reading&amp;quot;,&amp;quot;DocumentStatus&amp;quot;:&amp;quot;Open&amp;quot;,&amp;quot;ConnectionSequence&amp;quot;:&amp;quot;1&amp;quot;,&amp;quot;DocumentDate&amp;quot;:&amp;quot;2000-06-29T19:00:00.000Z&amp;quot;,&amp;quot;DocVoided&amp;quot;:&amp;quot;0&amp;quot;,&amp;quot;DueDate&amp;quot;:&amp;quot;1899-12-31T19:31:48.000Z&amp;quot;,&amp;quot;Amount&amp;quot;:&amp;quot;100&amp;quot;,&amp;quot;OutstandingAmount&amp;quot;:&amp;quot;0.00&amp;quot;,&amp;quot;ServiceCategory&amp;quot;:&amp;quot;1&amp;quot;,&amp;quot;ServiceCategoryDescription&amp;quot;:&amp;quot;Electric&amp;quot;,&amp;quot;ServiceType&amp;quot;:&amp;quot;ELECTRIC&amp;quot;,&amp;quot;EquipmentID&amp;quot;:&amp;quot;EQUIPMENT005&amp;quot;,&amp;quot;Description&amp;quot;:&amp;quot;Actual&amp;quot;,&amp;quot;DrillbackLink&amp;quot;:&amp;quot;cogsDrillback://DGPB/?Db=&amp;amp;Srv=DESKTOP-QU86F3Q&amp;amp;Cmp=TWO&amp;amp;Prod=229&amp;amp;Act=OPEN&amp;amp;Func=TransactionReadInquiry&amp;amp;DocumentNumber=READ00000000423&amp;amp;DocumentLocation=2&amp;amp;CogsDrillback=1&amp;quot;,&amp;quot;ReferenceDocumentNumber&amp;quot;:&amp;quot;&amp;quot;,&amp;quot;ReferenceDocumentDate&amp;quot;:&amp;quot;1899-12-31T19:31:48.000Z&amp;quot;,&amp;quot;PaymentOrigin&amp;quot;:&amp;quot;&amp;quot;,&amp;quot;ChargeDescription&amp;quot;:&amp;quot;&amp;quot;},{&amp;quot;DocumentNumber&amp;quot;:&amp;quot;READ00000000409&amp;quot;,&amp;quot;DocumentType&amp;quot;:&amp;quot;Meter Reading&amp;quot;,&amp;quot;DocumentStatus&amp;quot;:&amp;quot;History&amp;quot;,&amp;quot;ConnectionSequence&amp;quot;:&amp;quot;1&amp;quot;,&amp;quot;DocumentDate&amp;quot;:&amp;quot;2000-03-30T19:00:00.000Z&amp;quot;,&amp;quot;DocVoided&amp;quot;:&amp;quot;0&amp;quot;,&amp;quot;DueDate&amp;quot;:&amp;quot;1899-12-31T19:31:48.000Z&amp;quot;,&amp;quot;Amount&amp;quot;:&amp;quot;410&amp;quot;,&amp;quot;OutstandingAmount&amp;quot;:&amp;quot;0.00&amp;quot;,&amp;quot;ServiceCategory&amp;quot;:&amp;quot;1&amp;quot;,&amp;quot;ServiceCategoryDescription&amp;quot;:&amp;quot;Electric&amp;quot;,&amp;quot;ServiceType&amp;quot;:&amp;quot;ELECTRIC&amp;quot;,&amp;quot;EquipmentID&amp;quot;:&amp;quot;EQUIPMENT005&amp;quot;,&amp;quot;Description&amp;quot;:&amp;quot;Actual&amp;quot;,&amp;quot;DrillbackLink&amp;quot;:&amp;quot;cogsDrillback://DGPB/?Db=&amp;amp;Srv=DESKTOP-QU86F3Q&amp;amp;Cmp=TWO&amp;amp;Prod=229&amp;amp;Act=OPEN&amp;amp;Func=TransactionReadInquiry&amp;amp;DocumentNumber=READ00000000409&amp;amp;DocumentLocation=3&amp;amp;CogsDrillback=1&amp;quot;,&amp;quot;ReferenceDocumentNumber&amp;quot;:&amp;quot;BILL00000000369&amp;quot;,&amp;quot;ReferenceDocumentDate&amp;quot;:&amp;quot;2000-03-29T19:00:00.000Z&amp;quot;,&amp;quot;PaymentOrigin&amp;quot;:&amp;quot;&amp;quot;,&amp;quot;ChargeDescription&amp;quot;:&amp;quot;&amp;quot;}]}] but found [{&amp;quot;result&amp;quot;:[{&amp;quot;DocumentNumber&amp;quot;:&amp;quot;PYMT00000000532&amp;quot;,&amp;quot;DocumentType&amp;quot;:&amp;quot;Payment&amp;quot;,&amp;quot;DocumentStatus&amp;quot;:&amp;quot;Unposted&amp;quot;,&amp;quot;ConnectionSequence&amp;quot;:&amp;quot;0&amp;quot;,&amp;quot;DocumentDate&amp;quot;:&amp;quot;2027-04-11T19:00:00.000Z&amp;quot;,&amp;quot;DocVoided&amp;quot;:&amp;quot;0&amp;quot;,&amp;quot;DueDate&amp;quot;:&amp;quot;1899-12-31T19:31:48.000Z&amp;quot;,&amp;quot;Amount&amp;quot;:&amp;quot;10.00&amp;quot;,&amp;quot;OutstandingAmount&amp;quot;:&amp;quot;10.00&amp;quot;,&amp;quot;ServiceCategory&amp;quot;:&amp;quot;0&amp;quot;,&amp;quot;ServiceCategoryDescription&amp;quot;:&amp;quot;&amp;quot;,&amp;quot;ServiceType&amp;quot;:&amp;quot;&amp;quot;,&amp;quot;EquipmentID&amp;quot;:&amp;quot;&amp;quot;,&amp;quot;Description&amp;quot;:&amp;quot;WRITEOFF&amp;quot;,&amp;quot;DrillbackLink&amp;quot;:&amp;quot;cogsDrillback://DGPB/?Db=&amp;amp;Srv=DESKTOP-QU86F3Q&amp;amp;Cmp=TWO&amp;amp;Prod=229&amp;amp;Act=OPEN&amp;amp;Func=TransactionPymtOrCreditMemoInquiry&amp;amp;DocumentNumber=PYMT00000000532&amp;amp;CogsDrillback=1&amp;quot;,&amp;quot;ReferenceDocumentNumber&amp;quot;:&amp;quot;&amp;quot;,&amp;quot;ReferenceDocumentDate&amp;quot;:&amp;quot;1899-12-31T19:31:48.000Z&amp;quot;,&amp;quot;PaymentOrigin&amp;quot;:&amp;quot;&amp;quot;,&amp;quot;ChargeDescription&amp;quot;:&amp;quot;&amp;quot;},{&amp;quot;DocumentNumber&amp;quot;:&amp;quot;PYMT00000000531&amp;quot;,&amp;quot;DocumentType&amp;quot;:&amp;quot;Payment&amp;quot;,&amp;quot;DocumentStatus&amp;quot;:&amp;quot;Open&amp;quot;,&amp;quot;ConnectionSequence&amp;quot;:&amp;quot;0&amp;quot;,&amp;quot;DocumentDate&amp;quot;:&amp;quot;2027-04-11T19:00:00.000Z&amp;quot;,&amp;quot;DocVoided&amp;quot;:&amp;quot;0&amp;quot;,&amp;quot;DueDate&amp;quot;:&amp;quot;1899-12-31T19:31:48.000Z&amp;quot;,&amp;quot;Amount&amp;quot;:&amp;quot;10.00&amp;quot;,&amp;quot;OutstandingAmount&amp;quot;:&amp;quot;10.00&amp;quot;,&amp;quot;ServiceCategory&amp;quot;:&amp;quot;0&amp;quot;,&amp;quot;ServiceCategoryDescription&amp;quot;:&amp;quot;&amp;quot;,&amp;quot;ServiceType&amp;quot;:&amp;quot;&amp;quot;,&amp;quot;EquipmentID&amp;quot;:&amp;quot;&amp;quot;,&amp;quot;Description&amp;quot;:&amp;quot;WRITEOFF&amp;quot;,&amp;quot;DrillbackLink&amp;quot;:&amp;quot;cogsDrillback://DGPB/?Db=&amp;amp;Srv=DESKTOP-QU86F3Q&amp;amp;Cmp=TWO&amp;amp;Prod=229&amp;amp;Act=OPEN&amp;amp;Func=TransactionPymtOrCreditMemoInquiry&amp;amp;DocumentNumber=PYMT00000000531&amp;amp;CogsDrillback=1&amp;quot;,&amp;quot;ReferenceDocumentNumber&amp;quot;:&amp;quot;&amp;quot;,&amp;quot;ReferenceDocumentDate&amp;quot;:&amp;quot;1899-12-31T19:31:48.000Z&amp;quot;,&amp;quot;PaymentOrigin&amp;quot;:&amp;quot;&amp;quot;,&amp;quot;ChargeDescription&amp;quot;:&amp;quot;&amp;quot;},{&amp;quot;DocumentNumber&amp;quot;:&amp;quot;PYMT00000000529&amp;quot;,&amp;quot;DocumentType&amp;quot;:&amp;quot;Payment&amp;quot;,&amp;quot;DocumentStatus&amp;quot;:&amp;quot;Unposted&amp;quot;,&amp;quot;ConnectionSequence&amp;quot;:&amp;quot;0&amp;quot;,&amp;quot;DocumentDate&amp;quot;:&amp;quot;2027-04-11T19:00:00.000Z&amp;quot;,&amp;quot;DocVoided&amp;quot;:&amp;quot;0&amp;quot;,&amp;quot;DueDate&amp;quot;:&amp;quot;1899-12-31T19:31:48.000Z&amp;quot;,&amp;quot;Amount&amp;quot;:&amp;quot;10.00&amp;quot;,&amp;quot;OutstandingAmount&amp;quot;:&amp;quot;10.00&amp;quot;,&amp;quot;ServiceCategory&amp;quot;:&amp;quot;0&amp;quot;,&amp;quot;ServiceCategoryDescription&amp;quot;:&amp;quot;&amp;quot;,&amp;quot;ServiceType&amp;quot;:&amp;quot;&amp;quot;,&amp;quot;EquipmentID&amp;quot;:&amp;quot;&amp;quot;,&amp;quot;Description&amp;quot;:&amp;quot;WRITEOFF&amp;quot;,&amp;quot;DrillbackLink&amp;quot;:&amp;quot;cogsDrillback://DGPB/?Db=&amp;amp;Srv=DESKTOP-QU86F3Q&amp;amp;Cmp=TWO&amp;amp;Prod=229&amp;amp;Act=OPEN&amp;amp;Func=TransactionPymtOrCreditMemoInquiry&amp;amp;DocumentNumber=PYMT00000000529&amp;amp;CogsDrillback=1&amp;quot;,&amp;quot;ReferenceDocumentNumber&amp;quot;:&amp;quot;&amp;quot;,&amp;quot;ReferenceDocumentDate&amp;quot;:&amp;quot;1899-12-31T19:31:48.000Z&amp;quot;,&amp;quot;PaymentOrigin&amp;quot;:&amp;quot;&amp;quot;,&amp;quot;ChargeDescription&amp;quot;:&amp;quot;&amp;quot;},{&amp;quot;DocumentNumber&amp;quot;:&amp;quot;READ00000000423&amp;quot;,&amp;quot;DocumentType&amp;quot;:&amp;quot;Meter Reading&amp;quot;,&amp;quot;DocumentStatus&amp;quot;:&amp;quot;Open&amp;quot;,&amp;quot;ConnectionSequence&amp;quot;:&amp;quot;1&amp;quot;,&amp;quot;DocumentDate&amp;quot;:&amp;quot;2000-06-29T19:00:00.000Z&amp;quot;,&amp;quot;DocVoided&amp;quot;:&amp;quot;0&amp;quot;,&amp;quot;DueDate&amp;quot;:&amp;quot;1899-12-31T19:31:48.000Z&amp;quot;,&amp;quot;Amount&amp;quot;:&amp;quot;100&amp;quot;,&amp;quot;OutstandingAmount&amp;quot;:&amp;quot;0.00&amp;quot;,&amp;quot;ServiceCategory&amp;quot;:&amp;quot;1&amp;quot;,&amp;quot;ServiceCategoryDescription&amp;quot;:&amp;quot;Electric&amp;quot;,&amp;quot;ServiceType&amp;quot;:&amp;quot;ELECTRIC&amp;quot;,&amp;quot;EquipmentID&amp;quot;:&amp;quot;EQUIPMENT005&amp;quot;,&amp;quot;Description&amp;quot;:&amp;quot;Actual&amp;quot;,&amp;quot;DrillbackLink&amp;quot;:&amp;quot;cogsDrillback://DGPB/?Db=&amp;amp;Srv=DESKTOP-QU86F3Q&amp;amp;Cmp=TWO&amp;amp;Prod=229&amp;amp;Act=OPEN&amp;amp;Func=TransactionReadInquiry&amp;amp;DocumentNumber=READ00000000423&amp;amp;DocumentLocation=2&amp;amp;CogsDrillback=1&amp;quot;,&amp;quot;ReferenceDocumentNumber&amp;quot;:&amp;quot;&amp;quot;,&amp;quot;ReferenceDocumentDate&amp;quot;:&amp;quot;1899-12-31T19:31:48.000Z&amp;quot;,&amp;quot;PaymentOrigin&amp;quot;:&amp;quot;&amp;quot;,&amp;quot;ChargeDescription&amp;quot;:&amp;quot;&amp;quot;},{&amp;quot;DocumentNumber&amp;quot;:&amp;quot;READ00000000409&amp;quot;,&amp;quot;DocumentType&amp;quot;:&amp;quot;Meter Reading&amp;quot;,&amp;quot;DocumentStatus&amp;quot;:&amp;quot;History&amp;quot;,&amp;quot;ConnectionSequence&amp;quot;:&amp;quot;1&amp;quot;,&amp;quot;DocumentDate&amp;quot;:&amp;quot;2000-03-30T19:00:00.000Z&amp;quot;,&amp;quot;DocVoided&amp;quot;:&amp;quot;0&amp;quot;,&amp;quot;DueDate&amp;quot;:&amp;quot;1899-12-31T19:31:48.000Z&amp;quot;,&amp;quot;Amount&amp;quot;:&amp;quot;410&amp;quot;,&amp;quot;OutstandingAmount&amp;quot;:&amp;quot;0.00&amp;quot;,&amp;quot;ServiceCategory&amp;quot;:&amp;quot;1&amp;quot;,&amp;quot;ServiceCategoryDescription&amp;quot;:&amp;quot;Electric&amp;quot;,&amp;quot;ServiceType&amp;quot;:&amp;quot;ELECTRIC&amp;quot;,&amp;quot;EquipmentID&amp;quot;:&amp;quot;EQUIPMENT005&amp;quot;,&amp;quot;Description&amp;quot;:&amp;quot;Actual&amp;quot;,&amp;quot;DrillbackLink&amp;quot;:&amp;quot;cogsDrillback://DGPB/?Db=&amp;amp;Srv=DESKTOP-QU86F3Q&amp;amp;Cmp=TWO&amp;amp;Prod=229&amp;amp;Act=OPEN&amp;amp;Func=TransactionReadInquiry&amp;amp;DocumentNumber=READ00000000409&amp;amp;DocumentLocation=3&amp;amp;CogsDrillback=1&amp;quot;,&amp;quot;ReferenceDocumentNumber&amp;quot;:&amp;quot;BILL00000000369&amp;quot;,&amp;quot;ReferenceDocumentDate&amp;quot;:&amp;quot;2000-03-29T19:00:00.000Z&amp;quot;,&amp;quot;PaymentOrigin&amp;quot;:&amp;quot;&amp;quot;,&amp;quot;ChargeDescription&amp;quot;:&amp;quot;&amp;quot;}]}]">
      <![CDATA[java.lang.AssertionError: expected [{"result":[{"DocumentNumber":"PYMT00000000532","DocumentType":"Payment","DocumentStatus":"Unposted","ConnectionSequence":"0","DocumentDate":"2027-04-11T19:00:00.000Z","DocVoided":"0","DueDate":"1899-12-31T19:31:48.000Z","Amount":"10.00","OutstandingAmount":"10.00","ServiceCategory":"0","ServiceCategoryDescription":"","ServiceType":"","EquipmentID":"","Description":"WRITEOFF","DrillbackLink":"cogsDrillback://DGPB/?Db=&Srv=DESKTOP-QU86F3Q&Cmp=TWO&Prod=229&Act=OPEN&Func=TransactionPymtOrCreditMemoInquiry&DocumentNumber=PYMT00000000532&CogsDrillback=1","ReferenceDocumentNumber":"","ReferenceDocumentDate":"1899-12-31T19:31:48.000Z","PaymentOrigin":"","ChargeDescription":""},{"DocumentNumber":"PYMT00000000531","DocumentType":"Payment","DocumentStatus":"Open","ConnectionSequence":"0","DocumentDate":"2027-04-11T19:00:00.000Z","DocVoided":"0","DueDate":"1899-12-31T19:31:48.000Z","Amount":"10.00","OutstandingAmount":"10.00","ServiceCategory":"0","ServiceCategoryDescription":"","ServiceType":"","EquipmentID":"","Description":"WRITEOFF","DrillbackLink":"cogsDrillback://DGPB/?Db=&Srv=DESKTOP-QU86F3Q&Cmp=TWO&Prod=229&Act=OPEN&Func=TransactionPymtOrCreditMemoInquiry&DocumentNumber=PYMT00000000531&CogsDrillback=1","ReferenceDocumentNumber":"","ReferenceDocumentDate":"1899-12-31T19:31:48.000Z","PaymentOrigin":"","ChargeDescription":""},{"DocumentNumber":"PYMT00000000529","DocumentType":"Payment","DocumentStatus":"Unposted","ConnectionSequence":"0","DocumentDate":"2024-04-19T19:00:00.000Z","DocVoided":"0","DueDate":"1899-12-31T19:31:48.000Z","Amount":"10.00","OutstandingAmount":"10.00","ServiceCategory":"0","ServiceCategoryDescription":"","ServiceType":"","EquipmentID":"","Description":"RMGT-OTH-000002","DrillbackLink":"cogsDrillback://DGPB/?Db=&Srv=DESKTOP-QU86F3Q&Cmp=TWO&Prod=229&Act=OPEN&Func=TransactionPymtOrCreditMemoInquiry&DocumentNumber=PYMT00000000529&CogsDrillback=1","ReferenceDocumentNumber":"","ReferenceDocumentDate":"1899-12-31T19:31:48.000Z","PaymentOrigin":"TEST","ChargeDescription":""},{"DocumentNumber":"READ00000000423","DocumentType":"Meter Reading","DocumentStatus":"Open","ConnectionSequence":"1","DocumentDate":"2000-06-29T19:00:00.000Z","DocVoided":"0","DueDate":"1899-12-31T19:31:48.000Z","Amount":"100","OutstandingAmount":"0.00","ServiceCategory":"1","ServiceCategoryDescription":"Electric","ServiceType":"ELECTRIC","EquipmentID":"EQUIPMENT005","Description":"Actual","DrillbackLink":"cogsDrillback://DGPB/?Db=&Srv=DESKTOP-QU86F3Q&Cmp=TWO&Prod=229&Act=OPEN&Func=TransactionReadInquiry&DocumentNumber=READ00000000423&DocumentLocation=2&CogsDrillback=1","ReferenceDocumentNumber":"","ReferenceDocumentDate":"1899-12-31T19:31:48.000Z","PaymentOrigin":"","ChargeDescription":""},{"DocumentNumber":"READ00000000409","DocumentType":"Meter Reading","DocumentStatus":"History","ConnectionSequence":"1","DocumentDate":"2000-03-30T19:00:00.000Z","DocVoided":"0","DueDate":"1899-12-31T19:31:48.000Z","Amount":"410","OutstandingAmount":"0.00","ServiceCategory":"1","ServiceCategoryDescription":"Electric","ServiceType":"ELECTRIC","EquipmentID":"EQUIPMENT005","Description":"Actual","DrillbackLink":"cogsDrillback://DGPB/?Db=&Srv=DESKTOP-QU86F3Q&Cmp=TWO&Prod=229&Act=OPEN&Func=TransactionReadInquiry&DocumentNumber=READ00000000409&DocumentLocation=3&CogsDrillback=1","ReferenceDocumentNumber":"BILL00000000369","ReferenceDocumentDate":"2000-03-29T19:00:00.000Z","PaymentOrigin":"","ChargeDescription":""}]}] but found [{"result":[{"DocumentNumber":"PYMT00000000532","DocumentType":"Payment","DocumentStatus":"Unposted","ConnectionSequence":"0","DocumentDate":"2027-04-11T19:00:00.000Z","DocVoided":"0","DueDate":"1899-12-31T19:31:48.000Z","Amount":"10.00","OutstandingAmount":"10.00","ServiceCategory":"0","ServiceCategoryDescription":"","ServiceType":"","EquipmentID":"","Description":"WRITEOFF","DrillbackLink":"cogsDrillback://DGPB/?Db=&Srv=DESKTOP-QU86F3Q&Cmp=TWO&Prod=229&Act=OPEN&Func=TransactionPymtOrCreditMemoInquiry&DocumentNumber=PYMT00000000532&CogsDrillback=1","ReferenceDocumentNumber":"","ReferenceDocumentDate":"1899-12-31T19:31:48.000Z","PaymentOrigin":"","ChargeDescription":""},{"DocumentNumber":"PYMT00000000531","DocumentType":"Payment","DocumentStatus":"Open","ConnectionSequence":"0","DocumentDate":"2027-04-11T19:00:00.000Z","DocVoided":"0","DueDate":"1899-12-31T19:31:48.000Z","Amount":"10.00","OutstandingAmount":"10.00","ServiceCategory":"0","ServiceCategoryDescription":"","ServiceType":"","EquipmentID":"","Description":"WRITEOFF","DrillbackLink":"cogsDrillback://DGPB/?Db=&Srv=DESKTOP-QU86F3Q&Cmp=TWO&Prod=229&Act=OPEN&Func=TransactionPymtOrCreditMemoInquiry&DocumentNumber=PYMT00000000531&CogsDrillback=1","ReferenceDocumentNumber":"","ReferenceDocumentDate":"1899-12-31T19:31:48.000Z","PaymentOrigin":"","ChargeDescription":""},{"DocumentNumber":"PYMT00000000529","DocumentType":"Payment","DocumentStatus":"Unposted","ConnectionSequence":"0","DocumentDate":"2027-04-11T19:00:00.000Z","DocVoided":"0","DueDate":"1899-12-31T19:31:48.000Z","Amount":"10.00","OutstandingAmount":"10.00","ServiceCategory":"0","ServiceCategoryDescription":"","ServiceType":"","EquipmentID":"","Description":"WRITEOFF","DrillbackLink":"cogsDrillback://DGPB/?Db=&Srv=DESKTOP-QU86F3Q&Cmp=TWO&Prod=229&Act=OPEN&Func=TransactionPymtOrCreditMemoInquiry&DocumentNumber=PYMT00000000529&CogsDrillback=1","ReferenceDocumentNumber":"","ReferenceDocumentDate":"1899-12-31T19:31:48.000Z","PaymentOrigin":"","ChargeDescription":""},{"DocumentNumber":"READ00000000423","DocumentType":"Meter Reading","DocumentStatus":"Open","ConnectionSequence":"1","DocumentDate":"2000-06-29T19:00:00.000Z","DocVoided":"0","DueDate":"1899-12-31T19:31:48.000Z","Amount":"100","OutstandingAmount":"0.00","ServiceCategory":"1","ServiceCategoryDescription":"Electric","ServiceType":"ELECTRIC","EquipmentID":"EQUIPMENT005","Description":"Actual","DrillbackLink":"cogsDrillback://DGPB/?Db=&Srv=DESKTOP-QU86F3Q&Cmp=TWO&Prod=229&Act=OPEN&Func=TransactionReadInquiry&DocumentNumber=READ00000000423&DocumentLocation=2&CogsDrillback=1","ReferenceDocumentNumber":"","ReferenceDocumentDate":"1899-12-31T19:31:48.000Z","PaymentOrigin":"","ChargeDescription":""},{"DocumentNumber":"READ00000000409","DocumentType":"Meter Reading","DocumentStatus":"History","ConnectionSequence":"1","DocumentDate":"2000-03-30T19:00:00.000Z","DocVoided":"0","DueDate":"1899-12-31T19:31:48.000Z","Amount":"410","OutstandingAmount":"0.00","ServiceCategory":"1","ServiceCategoryDescription":"Electric","ServiceType":"ELECTRIC","EquipmentID":"EQUIPMENT005","Description":"Actual","DrillbackLink":"cogsDrillback://DGPB/?Db=&Srv=DESKTOP-QU86F3Q&Cmp=TWO&Prod=229&Act=OPEN&Func=TransactionReadInquiry&DocumentNumber=READ00000000409&DocumentLocation=3&CogsDrillback=1","ReferenceDocumentNumber":"BILL00000000369","ReferenceDocumentDate":"2000-03-29T19:00:00.000Z","PaymentOrigin":"","ChargeDescription":""}]}]
at org.testng.Assert.fail(Assert.java:111)
at org.testng.Assert.failNotEquals(Assert.java:1578)
at org.testng.Assert.assertEqualsImpl(Assert.java:150)
at org.testng.Assert.assertEquals(Assert.java:132)
at org.testng.Assert.assertEquals(Assert.java:656)
at org.testng.Assert.assertEquals(Assert.java:666)
at zpackage.Failed_Tests.gettransactionsWriteoff_v4(Failed_Tests.java:46)
at java.base/jdk.internal.reflect.NativeMethodAccessorImpl.invoke0(Native Method)
at java.base/jdk.internal.reflect.NativeMethodAccessorImpl.invoke(NativeMethodAccessorImpl.java:62)
at java.base/jdk.internal.reflect.DelegatingMethodAccessorImpl.invoke(DelegatingMethodAccessorImpl.java:43)
at java.base/java.lang.reflect.Method.invoke(Method.java:566)
at org.testng.internal.invokers.MethodInvocationHelper.invokeMethod(MethodInvocationHelper.java:141)
at org.testng.internal.invokers.TestInvoker.invokeMethod(TestInvoker.java:686)
at org.testng.internal.invokers.TestInvoker.invokeTestMethod(TestInvoker.java:230)
at org.testng.internal.invokers.MethodRunner.runInSequence(MethodRunner.java:63)
at org.testng.internal.invokers.TestInvoker$MethodInvocationAgent.invoke(TestInvoker.java:992)
at org.testng.internal.invokers.TestInvoker.invokeTestMethods(TestInvoker.java:203)
at org.testng.internal.invokers.TestMethodWorker.invokeTestMethods(TestMethodWorker.java:154)
at org.testng.internal.invokers.TestMethodWorker.run(TestMethodWorker.java:134)
at java.base/java.util.ArrayList.forEach(ArrayList.java:1541)
at org.testng.TestRunner.privateRun(TestRunner.java:739)
at org.testng.TestRunner.run(TestRunner.java:614)
at org.testng.SuiteRunner.runTest(SuiteRunner.java:421)
at org.testng.SuiteRunner.runSequentially(SuiteRunner.java:413)
at org.testng.SuiteRunner.privateRun(SuiteRunner.java:373)
at org.testng.SuiteRunner.run(SuiteRunner.java:312)
at org.testng.SuiteRunnerWorker.runSuite(SuiteRunnerWorker.java:52)
at org.testng.SuiteRunnerWorker.run(SuiteRunnerWorker.java:95)
at org.testng.TestNG.runSuitesSequentially(TestNG.java:1274)
at org.testng.TestNG.runSuitesLocally(TestNG.java:1208)
at org.testng.TestNG.runSuites(TestNG.java:1112)
at org.testng.TestNG.run(TestNG.java:1079)
at org.testng.remote.AbstractRemoteTestNG.run(AbstractRemoteTestNG.java:115)
at org.testng.remote.RemoteTestNG.initAndRun(RemoteTestNG.java:293)
at org.testng.remote.RemoteTestNG.main(RemoteTestNG.java:91)
]]>
    </failure>
  </testcase> <!-- gettransactionsWriteoff_v4 -->
  <testcase classname="Private.AlertPanelController" name="getalert_v4" time="0.415"/>
  <testcase classname="Private.AlertPanelController" name="getalertaccountAttributes_v4" time="0.403"/>
  <testcase classname="Public.billingController" name="billingprintStatementv4true" time="0.275"/>
  <testcase classname="Public.billingController" name="billingprintStatementv4false" time="0.28"/>
  <testcase classname="Public.billingController" name="billingprintStatementv3true" time="0.223"/>
  <testcase classname="Public.billingController" name="billingprintStatementv3false" time="0.271"/>
  <testcase classname="Public.billingController" name="billingbillBatchStatus" time="0.462"/>
  <testcase classname="Private.BatchControllerv4" name="postBatchtv4" time="10.375"/>
  <testcase classname="Private.BatchControllerv4" name="postBatchtv4_err" time="10.192"/>
  <testcase classname="Private.BatchControllerv4" name="putBatchtv4" time="0.0"/>
  <testcase classname="Public.CashieringGet" name="TC003_1_getCashin" time="0.221"/>
  <testcase classname="Public.CashieringGet" name="TC003_getCashin" time="0.193"/>
  <testcase classname="Public.CashieringGet" name="TC004_balances" time="0.362"/>
  <testcase classname="Public.CashieringGet" name="TC003_getnextReceipt" time="0.277"/>
  <testcase classname="Public.CashieringGet" name="TC004_getReceipt" time="0.357"/>
  <testcase classname="Public.CashieringGet" name="TC005_getRegisterInfo" time="0.282"/>
  <testcase classname="Public.CashieringGet" name="TC006_gettransactions" time="0.38"/>
  <testcase classname="Public.CashieringGet" name="TC007_getAutoApply" time="1.33"/>
  <testcase classname="Private.BillingControllerv4" name="delBatv4" time="1.647"/>
  <testcase classname="Private.BillingControllerv4" name="delBatv4Err" time="0.198"/>
  <testcase classname="Private.BillingControllerv4" name="billingprintStatementv4" time="0.0">
    <skipped/>
  </testcase> <!-- billingprintStatementv4 -->
  <testcase classname="Private.BillingControllerv4" name="PostBillingcalculatev4" time="27.159"/>
  <testcase classname="Private.BillingControllerv4" name="postBillingv4" time="0.0">
    <skipped/>
  </testcase> <!-- postBillingv4 -->
  <testcase classname="Private.BillingControllerv4" name="PostgenerateEditReportv4" time="10.778"/>
  <testcase classname="Private.BillingControllerv4" name="postcreateStatementv4" time="12.59"/>
  <testcase classname="Private.BillingControllerv4" name="getbillprintTemplatePath" time="0.22"/>
  <testcase classname="Private.BillingControllerv4" name="printcsvbillingStatements" time="0.0">
    <skipped/>
  </testcase> <!-- printcsvbillingStatements -->
  <testcase classname="Private.BillingControllerv4" name="TC001_getutilitySetup" time="0.177"/>
  <testcase classname="Private.BillingControllerv4" name="TC002_getbillBatchStatus" time="0.179"/>
  <testcase classname="Private.BillingControllerv4" name="getbillingtransferProgress" time="0.21"/>
  <testcase classname="Private.BillingControllerv4" name="postcreateStatementv4_isfinal" time="10.219"/>
  <testcase classname="Private.BillingControllerv4" name="billingfinalcalculatev4" time="10.757"/>
  <testcase classname="Private.BillingControllerv4" name="getBatchIdValidate" time="0.178"/>
  <testcase classname="Private.BillingControllerv4" name="getBatchIdValidatetrue" time="0.172"/>
  <testcase classname="Private.BillingControllerv4" name="delBatv4_EditListPrint" time="0.22"/>
  <testcase classname="Private.BillingControllerv4" name="delBatv4_calculating" time="0.627"/>
  <testcase classname="Private.BillingControllerv4" name="billBatchStatus" time="0.212"/>
  <testcase classname="Private.BillingControllerv4" name="getBilltransferProgress" time="0.179"/>
  <testcase classname="Private.BillingControllerv4" name="postingFinalBillTransferv4" time="13.927"/>
  <testcase classname="Private.BillingControllerv4" name="postinggenerateBillingTransferReportv4" time="11.413"/>
  <testcase classname="Public.CashieringGetV3" name="TC003_getCashin" time="0.201"/>
  <testcase classname="Public.CashieringGetV3" name="TC004_balances" time="0.208"/>
  <testcase classname="Public.CashieringGetV3" name="TC003_getnextReceipt" time="0.201"/>
  <testcase classname="Public.CashieringGetV3" name="TC004_getReceipt" time="0.285"/>
  <testcase classname="Public.CashieringGetV3" name="TC005_getRegisterInfo" time="0.195"/>
  <testcase classname="Public.CashieringGetV3" name="TC006_gettransactions" time="0.193"/>
  <testcase classname="Public.CashieringGetV3" name="TC007_getAutoApply" time="0.293"/>
  <testcase classname="Private.CashieringController" name="TC003_1_getCashin" time="0.208"/>
  <testcase classname="Private.CashieringController" name="saveReciept_2_4" time="6.926"/>
  <testcase classname="Private.CashieringController" name="TC002_RecieptAdjustment" time="0.21"/>
  <testcase classname="Private.CashieringController" name="TC004_balances" time="0.216"/>
  <testcase classname="Private.CashieringController" name="TC003_getnextReceipt" time="0.208"/>
  <testcase classname="Private.CashieringController" name="TC004_getReceipt" time="0.619"/>
  <testcase classname="Private.CashieringController" name="TC005_getRegisterInfo" time="0.187"/>
  <testcase classname="Private.CashieringController" name="TC006_gettransactions" time="0.197"/>
  <testcase classname="Private.CashieringController" name="TC007_getAutoApply" time="0.219"/>
  <testcase classname="Private.CashieringController" name="saveReciept_4_prepaymentExistingCustomer" time="10.492"/>
  <testcase classname="Private.CashieringController" name="saveReciept_4_prepaymentNewCustomer" time="10.254"/>
  <testcase classname="Private.CashieringController" name="saveReciept_4_SOTaskCompleteDepositPayment" time="10.226"/>
  <testcase classname="Private.CashieringController" name="saveReciept_4_SOTaskCompleteDepositPaymenttask2" time="10.228"/>
  <testcase classname="Private.CashieringController" name="saveReciept_SOTaskCompleteDepositPaymenttaskNewCustomer" time="10.249"/>
  <testcase classname="Private.CashieringController" name="TC006_gettransactions_2_4" time="0.374"/>
  <testcase classname="Private.checkControllerv4" name="PostCheckv4" time="22.19"/>
  <testcase classname="Private.checkControllerv4" name="postingReceivable4RefundError" time="0.812"/>
  <testcase classname="Public.CashieringPostV3" name="saveReciept_v_3" time="6.472"/>
  <testcase classname="Public.CashieringPostV3" name="TC002_RecieptAdjustment" time="0.206"/>
  <testcase classname="Private.CollectionControllerv4" name="getcollectionsetupv4" time="0.184"/>
  <testcase classname="Private.CollectionControllerv4" name="getcollectionv4" time="0.367"/>
  <testcase classname="Private.CollectionControllerv4" name="postcollectionGeneratev4" time="5.315"/>
  <testcase classname="Private.CollectionControllerv4" name="putcollectionapplyDisconnectDatev4" time="0.201"/>
  <testcase classname="Private.CollectionControllerv4" name="postcollectionprocessv4" time="0.712"/>
  <testcase classname="Private.CollectionControllerv4" name="postcollectionprintv4" time="1.141"/>
  <testcase classname="Private.CollectionControllerv4" name="getcollectionMessagesv4" time="0.207"/>
  <testcase classname="Private.CollectionControllerv4" name="confirmNoticev4" time="1.336"/>
  <testcase classname="Private.CollectionControllerv4" name="getcollectionNoticeTypev4" time="0.2"/>
  <testcase classname="Private.CollectionControllerv4" name="getcollectioncriteriav4" time="0.217"/>
  <testcase classname="Public.checkControllerv4" name="PostCheckv4" time="21.001"/>
  <testcase classname="Public.checkControllerv4" name="putChecksendtoAPv4" time="10.26"/>
  <testcase classname="Public.checkControllerv4" name="postingReceivable4Error" time="0.672"/>
  <testcase classname="Public.checkControllerv4" name="postingReceivable4RefundError" time="0.556"/>
  <testcase classname="Private.connectionControllerV4" name="getcollectioncriteriav4" time="0.593"/>
  <testcase classname="Private.connectionControllerV4" name="postconnectionFlatv4" time="10.374"/>
  <testcase classname="Private.connectionControllerV4" name="postconnectionalternatev4" time="10.293"/>
  <testcase classname="Private.connectionControllerV4" name="postconnectionmeterv4" time="10.305"/>
  <testcase classname="Private.connectionControllerV4" name="putconnectionmeterv4" time="0.704"/>
  <testcase classname="Private.connectionControllerV4" name="deleteconnectionmetergrpv4" time="0.238"/>
  <testcase classname="Private.connectionControllerV4" name="postconnectionmetergrpv4" time="10.392"/>
  <testcase classname="Private.connectionControllerV4" name="putconnectionmeterAlternatev4" time="0.317"/>
  <testcase classname="Private.connectionControllerV4" name="postconnectionMeterInstallMeter" time="10.255"/>
  <testcase classname="Public.connectionControllerv4" name="putconnectionmeterGroupV4" time="10.352"/>
  <testcase classname="Public.connectionControllerv4" name="getconnection_v4" time="0.165"/>
  <testcase classname="Private.consumptionHistoryController" name="getconsumptionHistoryController" time="0.501"/>
  <testcase classname="Public.consumptionHistoryController" name="getconsumptionHistoryController" time="0.274"/>
  <testcase classname="Private.contactLogController" name="postcontactLogSimplev4" time="0.23"/>
  <testcase classname="Private.contactLogController" name="postcontactLogControllerv4datevaldiation" time="0.259"/>
  <testcase classname="Private.contactLogController" name="postcontactLogControllerv4" time="0.306"/>
  <testcase classname="Private.contactLogController" name="getContactLogDetail" time="0.228"/>
  <testcase classname="Private.contactLogController" name="getContactLogDetail2" time="0.227"/>
  <testcase classname="Private.contactLogController" name="getContactLogMethods" time="0.162"/>
  <testcase classname="Private.contactLogController" name="contactLoggetContactLogActionCodes" time="0.17"/>
  <testcase classname="Private.contactLogController" name="getContactLogServiceOrderRequest" time="0.164"/>
  <testcase classname="Private.contactLogController" name="putcontactLogv4" time="0.23"/>
  <testcase classname="Public.consumptionHistoryControllerV3" name="getconsumptionHistoryController" time="0.223"/>
  <testcase classname="Private.csmGlobalsController" name="csmSetupautoGeneratenextIdv4" time="0.198"/>
  <testcase classname="Private.csmGlobalsController" name="getCsmGlobalBySettingNamev4" time="0.163"/>
  <testcase classname="Private.csmSetup" name="getserviceCategoryv4" time="0.234"/>
  <testcase classname="Private.csmSetup" name="getcsmSetupserviceOrderv4" time="0.173"/>
  <testcase classname="Private.csmSetup" name="getcsmDefaultCheckbookIdv4" time="0.179"/>
  <testcase classname="Public.createandcancelSpaV3" name="cancelSPA_v_3" time="0.206"/>
  <testcase classname="Public.createandcancelSpaV3" name="createSPA_v_3" time="10.27"/>
  <testcase classname="Public.createandcancelSpaV3" name="putspaCalculate_v_3" time="0.197"/>
  <testcase classname="Public.createandcancelSpaV3" name="recancelSPA_v_3" time="0.486"/>
  <testcase classname="Public.createandcancelSpaV3" name="createSPA_v_4" time="10.224"/>
  <testcase classname="Private.customerControllerV4" name="getCustomerBasicInfo4" time="0.207"/>
  <testcase classname="Private.customerControllerV4" name="getCustomerAddressInfo" time="0.0">
    <skipped/>
  </testcase> <!-- getCustomerAddressInfo -->
  <testcase classname="Private.customerControllerV4" name="getSecondaryCustomer" time="0.207"/>
  <testcase classname="Private.customerControllerV4" name="getSecondaryCustomer2" time="0.202"/>
  <testcase classname="Private.customerControllerV4" name="putupdateCustomerCard" time="0.245"/>
  <testcase classname="Private.customerControllerV4" name="putupdateCustomersInfov4" time="0.288"/>
  <testcase classname="Private.customerControllerV4" name="putupdateCustomersInfov4Pos" time="0.183"/>
  <testcase classname="Public.customerControllerV3" name="getCustomerBillingOptions_v3" time="0.196"/>
  <testcase classname="Public.customerControllerV3" name="getCollectionsoptions_v2" time="0.194"/>
  <testcase classname="Public.customerControllerV3" name="getOtheroptions_v2" time="0.211"/>
  <testcase classname="Public.customerControllerV3" name="getinfolabels_v2" time="0.162"/>
  <testcase classname="Public.customerControllerV3" name="getlocationsByCustomerv_2_4_ExcludeFormer" time="0.418"/>
  <testcase classname="Public.customerControllerV3" name="getLocationsByCustomer_v3" time="0.198"/>
  <testcase classname="Public.customerControllerV3" name="getnextCustomerId_v2" time="0.187"/>
  <testcase classname="Public.customerControllerV3" name="getCustomerDetail_v3" time="0.0">
    <skipped/>
  </testcase> <!-- getCustomerDetail_v3 -->
  <testcase classname="Public.customerControllerV3" name="getpreauthorizepaymentplan_v2" time="0.268"/>
  <testcase classname="Public.customerControllerV3" name="putcustomersaddressv2" time="0.416"/>
  <testcase classname="Public.customerControllerV3" name="putcustomerbillingoptionv2" time="0.263"/>
  <testcase classname="Public.customerControllerV3" name="putcustomerscollectionsOptionsv2" time="0.233"/>
  <testcase classname="Public.customerControllerV3" name="putcustomersotherOptionsv2" time="0.222"/>
  <testcase classname="Public.customerControllerV3" name="putcustomersrolldownAddressCodev2" time="0.232"/>
  <testcase classname="Private.DepositsController" name="postdepositpaymentPlanv4" time="0.302"/>
  <testcase classname="Private.DepositsController" name="getdeposit" time="0.252"/>
  <testcase classname="Private.DepositsController" name="lookupDepositId" time="0.195"/>
  <testcase classname="Private.DepositsController" name="getdepositpaymentPlan" time="0.232"/>
  <testcase classname="Private.DepositsController" name="getdepositpaymentPlanv3" time="0.178"/>
  <testcase classname="Public.customerControllerV4" name="getlocationsByCustomerv4" time="0.206"/>
  <testcase classname="Private.Drillback" name="getdrillbackv4" time="0.279"/>
  <testcase classname="Private.equipmentControllerV4" name="postequipmentControllerv4" time="10.368"/>
  <testcase classname="Private.equipmentControllerV4" name="postequipmentControllerv4Error" time="10.189"/>
  <testcase classname="Private.equipmentControllerV4" name="getequipmentControllerClassv4" time="0.208"/>
  <testcase classname="Private.equipmentControllerV4" name="getequipmentControllerEquipmentDetailv4" time="0.263"/>
  <testcase classname="Public.customerController_v2" name="getpreauthorizepaymentplan_v2" time="0.195"/>
  <testcase classname="Private.locationControllerv4" name="dellocationv4" time="0.235"/>
  <testcase classname="Private.locationControllerv4" name="getlocationClassv4" time="0.199"/>
  <testcase classname="Private.locationControllerv4" name="postbillingOptionv4" time="10.226"/>
  <testcase classname="Private.locationControllerv4" name="lookuptransferThirdPartyDepositv4" time="0.163"/>
  <testcase classname="Private.lookupControllerv4" name="getapplyByService_v4" time="0.164">
    <failure type="java.lang.AssertionError" message="expected [{&amp;quot;Batch&amp;quot;:[{&amp;quot;Id&amp;quot;:&amp;quot;10001&amp;quot;,&amp;quot;Description&amp;quot;:&amp;quot;&amp;quot;,&amp;quot;HasTransaction&amp;quot;:true},{&amp;quot;Id&amp;quot;:&amp;quot;1001&amp;quot;,&amp;quot;Description&amp;quot;:&amp;quot;&amp;quot;,&amp;quot;HasTransaction&amp;quot;:true},{&amp;quot;Id&amp;quot;:&amp;quot;100111&amp;quot;,&amp;quot;Description&amp;quot;:&amp;quot;&amp;quot;,&amp;quot;HasTransaction&amp;quot;:true},{&amp;quot;Id&amp;quot;:&amp;quot;10111&amp;quot;,&amp;quot;Description&amp;quot;:&amp;quot;&amp;quot;,&amp;quot;HasTransaction&amp;quot;:false},{&amp;quot;Id&amp;quot;:&amp;quot;109090ABC&amp;quot;,&amp;quot;Description&amp;quot;:&amp;quot;&amp;quot;,&amp;quot;HasTransaction&amp;quot;:true},{&amp;quot;Id&amp;quot;:&amp;quot;12312312&amp;quot;,&amp;quot;Description&amp;quot;:&amp;quot;&amp;quot;,&amp;quot;HasTransaction&amp;quot;:true},{&amp;quot;Id&amp;quot;:&amp;quot;12345&amp;quot;,&amp;quot;Description&amp;quot;:&amp;quot;&amp;quot;,&amp;quot;HasTransaction&amp;quot;:false},{&amp;quot;Id&amp;quot;:&amp;quot;ABC10001&amp;quot;,&amp;quot;Description&amp;quot;:&amp;quot;&amp;quot;,&amp;quot;HasTransaction&amp;quot;:true},{&amp;quot;Id&amp;quot;:&amp;quot;ABC1213&amp;quot;,&amp;quot;Description&amp;quot;:&amp;quot;&amp;quot;,&amp;quot;HasTransaction&amp;quot;:true},{&amp;quot;Id&amp;quot;:&amp;quot;API 20190430&amp;quot;,&amp;quot;Description&amp;quot;:&amp;quot;Payments from Web Service - API&amp;quot;,&amp;quot;HasTransaction&amp;quot;:true},{&amp;quot;Id&amp;quot;:&amp;quot;API 20190503&amp;quot;,&amp;quot;Description&amp;quot;:&amp;quot;Payments from Web Service - API&amp;quot;,&amp;quot;HasTransaction&amp;quot;:true},{&amp;quot;Id&amp;quot;:&amp;quot;API20220908001&amp;quot;,&amp;quot;Description&amp;quot;:&amp;quot;Payments from Nexus Api - API&amp;quot;,&amp;quot;HasTransaction&amp;quot;:true},{&amp;quot;Id&amp;quot;:&amp;quot;API20220929001&amp;quot;,&amp;quot;Description&amp;quot;:&amp;quot;Payments from Nexus Api - API&amp;quot;,&amp;quot;HasTransaction&amp;quot;:true},{&amp;quot;Id&amp;quot;:&amp;quot;BAT012301203&amp;quot;,&amp;quot;Description&amp;quot;:&amp;quot;&amp;quot;,&amp;quot;HasTransaction&amp;quot;:true},{&amp;quot;Id&amp;quot;:&amp;quot;BAT1&amp;quot;,&amp;quot;Description&amp;quot;:&amp;quot;&amp;quot;,&amp;quot;HasTransaction&amp;quot;:true},{&amp;quot;Id&amp;quot;:&amp;quot;BAT10123123&amp;quot;,&amp;quot;Description&amp;quot;:&amp;quot;&amp;quot;,&amp;quot;HasTransaction&amp;quot;:false},{&amp;quot;Id&amp;quot;:&amp;quot;BATCH2025&amp;quot;,&amp;quot;Description&amp;quot;:&amp;quot;&amp;quot;,&amp;quot;HasTransaction&amp;quot;:true},{&amp;quot;Id&amp;quot;:&amp;quot;BATCHPOSTTRANS&amp;quot;,&amp;quot;Description&amp;quot;:&amp;quot;&amp;quot;,&amp;quot;HasTransaction&amp;quot;:false},{&amp;quot;Id&amp;quot;:&amp;quot;BATCHTEST01&amp;quot;,&amp;quot;Description&amp;quot;:&amp;quot;&amp;quot;,&amp;quot;HasTransaction&amp;quot;:false},{&amp;quot;Id&amp;quot;:&amp;quot;CHEQ1&amp;quot;,&amp;quot;Description&amp;quot;:&amp;quot;&amp;quot;,&amp;quot;HasTransaction&amp;quot;:false},{&amp;quot;Id&amp;quot;:&amp;quot;CHK041227sa01&amp;quot;,&amp;quot;Description&amp;quot;:&amp;quot;CHEQUE&amp;quot;,&amp;quot;HasTransaction&amp;quot;:false},{&amp;quot;Id&amp;quot;:&amp;quot;CHK043025sa01&amp;quot;,&amp;quot;Description&amp;quot;:&amp;quot;CHEQUE&amp;quot;,&amp;quot;HasTransaction&amp;quot;:false},{&amp;quot;Id&amp;quot;:&amp;quot;DPP041227sa01&amp;quot;,&amp;quot;Description&amp;quot;:&amp;quot;PYMT&amp;quot;,&amp;quot;HasTransaction&amp;quot;:true},{&amp;quot;Id&amp;quot;:&amp;quot;FINALBILL&amp;quot;,&amp;quot;Description&amp;quot;:&amp;quot;&amp;quot;,&amp;quot;HasTransaction&amp;quot;:true},{&amp;quot;Id&amp;quot;:&amp;quot;INT4\/12\/2027&amp;quot;,&amp;quot;Description&amp;quot;:&amp;quot;&amp;quot;,&amp;quot;HasTransaction&amp;quot;:false},{&amp;quot;Id&amp;quot;:&amp;quot;INT4\/30\/2025&amp;quot;,&amp;quot;Description&amp;quot;:&amp;quot;&amp;quot;,&amp;quot;HasTransaction&amp;quot;:false},{&amp;quot;Id&amp;quot;:&amp;quot;MG2024&amp;quot;,&amp;quot;Description&amp;quot;:&amp;quot;&amp;quot;,&amp;quot;HasTransaction&amp;quot;:true},{&amp;quot;Id&amp;quot;:&amp;quot;MG2024DM001&amp;quot;,&amp;quot;Description&amp;quot;:&amp;quot;MISC&amp;quot;,&amp;quot;HasTransaction&amp;quot;:true},{&amp;quot;Id&amp;quot;:&amp;quot;MISC10001&amp;quot;,&amp;quot;Description&amp;quot;:&amp;quot;&amp;quot;,&amp;quot;HasTransaction&amp;quot;:false},{&amp;quot;Id&amp;quot;:&amp;quot;NADMC2022093001&amp;quot;,&amp;quot;Description&amp;quot;:&amp;quot;API Deposit Misc Charge&amp;quot;,&amp;quot;HasTransaction&amp;quot;:true},{&amp;quot;Id&amp;quot;:&amp;quot;RM(3)120427&amp;quot;,&amp;quot;Description&amp;quot;:&amp;quot;&amp;quot;,&amp;quot;HasTransaction&amp;quot;:true},{&amp;quot;Id&amp;quot;:&amp;quot;TEST109&amp;quot;,&amp;quot;Description&amp;quot;:&amp;quot;&amp;quot;,&amp;quot;HasTransaction&amp;quot;:true},{&amp;quot;Id&amp;quot;:&amp;quot;WO101619CRP001&amp;quot;,&amp;quot;Description&amp;quot;:&amp;quot;Write Off - sa&amp;quot;,&amp;quot;HasTransaction&amp;quot;:true},{&amp;quot;Id&amp;quot;:&amp;quot;WRITEOFF01&amp;quot;,&amp;quot;Description&amp;quot;:&amp;quot;&amp;quot;,&amp;quot;HasTransaction&amp;quot;:true}]}] but found [{&amp;quot;Batch&amp;quot;:[{&amp;quot;Id&amp;quot;:&amp;quot;10001&amp;quot;,&amp;quot;Description&amp;quot;:&amp;quot;&amp;quot;,&amp;quot;HasTransaction&amp;quot;:true},{&amp;quot;Id&amp;quot;:&amp;quot;1001&amp;quot;,&amp;quot;Description&amp;quot;:&amp;quot;&amp;quot;,&amp;quot;HasTransaction&amp;quot;:true},{&amp;quot;Id&amp;quot;:&amp;quot;100111&amp;quot;,&amp;quot;Description&amp;quot;:&amp;quot;&amp;quot;,&amp;quot;HasTransaction&amp;quot;:true},{&amp;quot;Id&amp;quot;:&amp;quot;10111&amp;quot;,&amp;quot;Description&amp;quot;:&amp;quot;&amp;quot;,&amp;quot;HasTransaction&amp;quot;:false},{&amp;quot;Id&amp;quot;:&amp;quot;109090ABC&amp;quot;,&amp;quot;Description&amp;quot;:&amp;quot;&amp;quot;,&amp;quot;HasTransaction&amp;quot;:true},{&amp;quot;Id&amp;quot;:&amp;quot;12312312&amp;quot;,&amp;quot;Description&amp;quot;:&amp;quot;&amp;quot;,&amp;quot;HasTransaction&amp;quot;:true},{&amp;quot;Id&amp;quot;:&amp;quot;12345&amp;quot;,&amp;quot;Description&amp;quot;:&amp;quot;&amp;quot;,&amp;quot;HasTransaction&amp;quot;:false},{&amp;quot;Id&amp;quot;:&amp;quot;ABC10001&amp;quot;,&amp;quot;Description&amp;quot;:&amp;quot;&amp;quot;,&amp;quot;HasTransaction&amp;quot;:true},{&amp;quot;Id&amp;quot;:&amp;quot;ABC1213&amp;quot;,&amp;quot;Description&amp;quot;:&amp;quot;&amp;quot;,&amp;quot;HasTransaction&amp;quot;:true},{&amp;quot;Id&amp;quot;:&amp;quot;API 20190430&amp;quot;,&amp;quot;Description&amp;quot;:&amp;quot;Payments from Web Service - API&amp;quot;,&amp;quot;HasTransaction&amp;quot;:true},{&amp;quot;Id&amp;quot;:&amp;quot;API 20190503&amp;quot;,&amp;quot;Description&amp;quot;:&amp;quot;Payments from Web Service - API&amp;quot;,&amp;quot;HasTransaction&amp;quot;:true},{&amp;quot;Id&amp;quot;:&amp;quot;API20220908001&amp;quot;,&amp;quot;Description&amp;quot;:&amp;quot;Payments from Nexus Api - API&amp;quot;,&amp;quot;HasTransaction&amp;quot;:true},{&amp;quot;Id&amp;quot;:&amp;quot;API20220929001&amp;quot;,&amp;quot;Description&amp;quot;:&amp;quot;Payments from Nexus Api - API&amp;quot;,&amp;quot;HasTransaction&amp;quot;:true},{&amp;quot;Id&amp;quot;:&amp;quot;BAT012301203&amp;quot;,&amp;quot;Description&amp;quot;:&amp;quot;&amp;quot;,&amp;quot;HasTransaction&amp;quot;:true},{&amp;quot;Id&amp;quot;:&amp;quot;BAT1&amp;quot;,&amp;quot;Description&amp;quot;:&amp;quot;&amp;quot;,&amp;quot;HasTransaction&amp;quot;:true},{&amp;quot;Id&amp;quot;:&amp;quot;BAT10123123&amp;quot;,&amp;quot;Description&amp;quot;:&amp;quot;&amp;quot;,&amp;quot;HasTransaction&amp;quot;:false},{&amp;quot;Id&amp;quot;:&amp;quot;BATCHPOSTTRANS&amp;quot;,&amp;quot;Description&amp;quot;:&amp;quot;&amp;quot;,&amp;quot;HasTransaction&amp;quot;:false},{&amp;quot;Id&amp;quot;:&amp;quot;BATCHTEST01&amp;quot;,&amp;quot;Description&amp;quot;:&amp;quot;&amp;quot;,&amp;quot;HasTransaction&amp;quot;:false},{&amp;quot;Id&amp;quot;:&amp;quot;CHEQ1&amp;quot;,&amp;quot;Description&amp;quot;:&amp;quot;&amp;quot;,&amp;quot;HasTransaction&amp;quot;:false},{&amp;quot;Id&amp;quot;:&amp;quot;CHK041227sa01&amp;quot;,&amp;quot;Description&amp;quot;:&amp;quot;CHEQUE&amp;quot;,&amp;quot;HasTransaction&amp;quot;:false},{&amp;quot;Id&amp;quot;:&amp;quot;DPP041227sa01&amp;quot;,&amp;quot;Description&amp;quot;:&amp;quot;PYMT&amp;quot;,&amp;quot;HasTransaction&amp;quot;:true},{&amp;quot;Id&amp;quot;:&amp;quot;FINALBILL&amp;quot;,&amp;quot;Description&amp;quot;:&amp;quot;&amp;quot;,&amp;quot;HasTransaction&amp;quot;:true},{&amp;quot;Id&amp;quot;:&amp;quot;INT4\/12\/2027&amp;quot;,&amp;quot;Description&amp;quot;:&amp;quot;&amp;quot;,&amp;quot;HasTransaction&amp;quot;:false},{&amp;quot;Id&amp;quot;:&amp;quot;INT4\/30\/2025&amp;quot;,&amp;quot;Description&amp;quot;:&amp;quot;&amp;quot;,&amp;quot;HasTransaction&amp;quot;:false},{&amp;quot;Id&amp;quot;:&amp;quot;MG2024&amp;quot;,&amp;quot;Description&amp;quot;:&amp;quot;&amp;quot;,&amp;quot;HasTransaction&amp;quot;:true},{&amp;quot;Id&amp;quot;:&amp;quot;MG2024DM001&amp;quot;,&amp;quot;Description&amp;quot;:&amp;quot;MISC&amp;quot;,&amp;quot;HasTransaction&amp;quot;:true},{&amp;quot;Id&amp;quot;:&amp;quot;MISC10001&amp;quot;,&amp;quot;Description&amp;quot;:&amp;quot;&amp;quot;,&amp;quot;HasTransaction&amp;quot;:false},{&amp;quot;Id&amp;quot;:&amp;quot;NADMC2022093001&amp;quot;,&amp;quot;Description&amp;quot;:&amp;quot;API Deposit Misc Charge&amp;quot;,&amp;quot;HasTransaction&amp;quot;:true},{&amp;quot;Id&amp;quot;:&amp;quot;RM(3)120427&amp;quot;,&amp;quot;Description&amp;quot;:&amp;quot;&amp;quot;,&amp;quot;HasTransaction&amp;quot;:true},{&amp;quot;Id&amp;quot;:&amp;quot;Test Batch&amp;quot;,&amp;quot;Description&amp;quot;:&amp;quot;&amp;quot;,&amp;quot;HasTransaction&amp;quot;:false},{&amp;quot;Id&amp;quot;:&amp;quot;Test Batch 2025&amp;quot;,&amp;quot;Description&amp;quot;:&amp;quot;Example Comment&amp;quot;,&amp;quot;HasTransaction&amp;quot;:false},{&amp;quot;Id&amp;quot;:&amp;quot;WO101619CRP001&amp;quot;,&amp;quot;Description&amp;quot;:&amp;quot;Write Off - sa&amp;quot;,&amp;quot;HasTransaction&amp;quot;:true},{&amp;quot;Id&amp;quot;:&amp;quot;WRITEOFF01&amp;quot;,&amp;quot;Description&amp;quot;:&amp;quot;&amp;quot;,&amp;quot;HasTransaction&amp;quot;:true}]}]">
      <![CDATA[java.lang.AssertionError: expected [{"Batch":[{"Id":"10001","Description":"","HasTransaction":true},{"Id":"1001","Description":"","HasTransaction":true},{"Id":"100111","Description":"","HasTransaction":true},{"Id":"10111","Description":"","HasTransaction":false},{"Id":"109090ABC","Description":"","HasTransaction":true},{"Id":"12312312","Description":"","HasTransaction":true},{"Id":"12345","Description":"","HasTransaction":false},{"Id":"ABC10001","Description":"","HasTransaction":true},{"Id":"ABC1213","Description":"","HasTransaction":true},{"Id":"API 20190430","Description":"Payments from Web Service - API","HasTransaction":true},{"Id":"API 20190503","Description":"Payments from Web Service - API","HasTransaction":true},{"Id":"API20220908001","Description":"Payments from Nexus Api - API","HasTransaction":true},{"Id":"API20220929001","Description":"Payments from Nexus Api - API","HasTransaction":true},{"Id":"BAT012301203","Description":"","HasTransaction":true},{"Id":"BAT1","Description":"","HasTransaction":true},{"Id":"BAT10123123","Description":"","HasTransaction":false},{"Id":"BATCH2025","Description":"","HasTransaction":true},{"Id":"BATCHPOSTTRANS","Description":"","HasTransaction":false},{"Id":"BATCHTEST01","Description":"","HasTransaction":false},{"Id":"CHEQ1","Description":"","HasTransaction":false},{"Id":"CHK041227sa01","Description":"CHEQUE","HasTransaction":false},{"Id":"CHK043025sa01","Description":"CHEQUE","HasTransaction":false},{"Id":"DPP041227sa01","Description":"PYMT","HasTransaction":true},{"Id":"FINALBILL","Description":"","HasTransaction":true},{"Id":"INT4\/12\/2027","Description":"","HasTransaction":false},{"Id":"INT4\/30\/2025","Description":"","HasTransaction":false},{"Id":"MG2024","Description":"","HasTransaction":true},{"Id":"MG2024DM001","Description":"MISC","HasTransaction":true},{"Id":"MISC10001","Description":"","HasTransaction":false},{"Id":"NADMC2022093001","Description":"API Deposit Misc Charge","HasTransaction":true},{"Id":"RM(3)120427","Description":"","HasTransaction":true},{"Id":"TEST109","Description":"","HasTransaction":true},{"Id":"WO101619CRP001","Description":"Write Off - sa","HasTransaction":true},{"Id":"WRITEOFF01","Description":"","HasTransaction":true}]}] but found [{"Batch":[{"Id":"10001","Description":"","HasTransaction":true},{"Id":"1001","Description":"","HasTransaction":true},{"Id":"100111","Description":"","HasTransaction":true},{"Id":"10111","Description":"","HasTransaction":false},{"Id":"109090ABC","Description":"","HasTransaction":true},{"Id":"12312312","Description":"","HasTransaction":true},{"Id":"12345","Description":"","HasTransaction":false},{"Id":"ABC10001","Description":"","HasTransaction":true},{"Id":"ABC1213","Description":"","HasTransaction":true},{"Id":"API 20190430","Description":"Payments from Web Service - API","HasTransaction":true},{"Id":"API 20190503","Description":"Payments from Web Service - API","HasTransaction":true},{"Id":"API20220908001","Description":"Payments from Nexus Api - API","HasTransaction":true},{"Id":"API20220929001","Description":"Payments from Nexus Api - API","HasTransaction":true},{"Id":"BAT012301203","Description":"","HasTransaction":true},{"Id":"BAT1","Description":"","HasTransaction":true},{"Id":"BAT10123123","Description":"","HasTransaction":false},{"Id":"BATCHPOSTTRANS","Description":"","HasTransaction":false},{"Id":"BATCHTEST01","Description":"","HasTransaction":false},{"Id":"CHEQ1","Description":"","HasTransaction":false},{"Id":"CHK041227sa01","Description":"CHEQUE","HasTransaction":false},{"Id":"DPP041227sa01","Description":"PYMT","HasTransaction":true},{"Id":"FINALBILL","Description":"","HasTransaction":true},{"Id":"INT4\/12\/2027","Description":"","HasTransaction":false},{"Id":"INT4\/30\/2025","Description":"","HasTransaction":false},{"Id":"MG2024","Description":"","HasTransaction":true},{"Id":"MG2024DM001","Description":"MISC","HasTransaction":true},{"Id":"MISC10001","Description":"","HasTransaction":false},{"Id":"NADMC2022093001","Description":"API Deposit Misc Charge","HasTransaction":true},{"Id":"RM(3)120427","Description":"","HasTransaction":true},{"Id":"Test Batch","Description":"","HasTransaction":false},{"Id":"Test Batch 2025","Description":"Example Comment","HasTransaction":false},{"Id":"WO101619CRP001","Description":"Write Off - sa","HasTransaction":true},{"Id":"WRITEOFF01","Description":"","HasTransaction":true}]}]
at org.testng.Assert.fail(Assert.java:111)
at org.testng.Assert.failNotEquals(Assert.java:1578)
at org.testng.Assert.assertEqualsImpl(Assert.java:150)
at org.testng.Assert.assertEquals(Assert.java:132)
at org.testng.Assert.assertEquals(Assert.java:656)
at org.testng.Assert.assertEquals(Assert.java:666)
at Private.lookupControllerv4.getapplyByService_v4(lookupControllerv4.java:28)
at java.base/jdk.internal.reflect.NativeMethodAccessorImpl.invoke0(Native Method)
at java.base/jdk.internal.reflect.NativeMethodAccessorImpl.invoke(NativeMethodAccessorImpl.java:62)
at java.base/jdk.internal.reflect.DelegatingMethodAccessorImpl.invoke(DelegatingMethodAccessorImpl.java:43)
at java.base/java.lang.reflect.Method.invoke(Method.java:566)
at org.testng.internal.invokers.MethodInvocationHelper.invokeMethod(MethodInvocationHelper.java:141)
at org.testng.internal.invokers.TestInvoker.invokeMethod(TestInvoker.java:686)
at org.testng.internal.invokers.TestInvoker.invokeTestMethod(TestInvoker.java:230)
at org.testng.internal.invokers.MethodRunner.runInSequence(MethodRunner.java:63)
at org.testng.internal.invokers.TestInvoker$MethodInvocationAgent.invoke(TestInvoker.java:992)
at org.testng.internal.invokers.TestInvoker.invokeTestMethods(TestInvoker.java:203)
at org.testng.internal.invokers.TestMethodWorker.invokeTestMethods(TestMethodWorker.java:154)
at org.testng.internal.invokers.TestMethodWorker.run(TestMethodWorker.java:134)
at java.base/java.util.ArrayList.forEach(ArrayList.java:1541)
at org.testng.TestRunner.privateRun(TestRunner.java:739)
at org.testng.TestRunner.run(TestRunner.java:614)
at org.testng.SuiteRunner.runTest(SuiteRunner.java:421)
at org.testng.SuiteRunner.runSequentially(SuiteRunner.java:413)
at org.testng.SuiteRunner.privateRun(SuiteRunner.java:373)
at org.testng.SuiteRunner.run(SuiteRunner.java:312)
at org.testng.SuiteRunnerWorker.runSuite(SuiteRunnerWorker.java:52)
at org.testng.SuiteRunnerWorker.run(SuiteRunnerWorker.java:95)
at org.testng.TestNG.runSuitesSequentially(TestNG.java:1274)
at org.testng.TestNG.runSuitesLocally(TestNG.java:1208)
at org.testng.TestNG.runSuites(TestNG.java:1112)
at org.testng.TestNG.run(TestNG.java:1079)
at org.testng.remote.AbstractRemoteTestNG.run(AbstractRemoteTestNG.java:115)
at org.testng.remote.RemoteTestNG.initAndRun(RemoteTestNG.java:293)
at org.testng.remote.RemoteTestNG.main(RemoteTestNG.java:91)
]]>
    </failure>
  </testcase> <!-- getapplyByService_v4 -->
  <testcase classname="Private.lookupControllerv4" name="getapplyByService_Paymentsv4" time="0.154">
    <failure type="java.lang.AssertionError" message="expected [true] but found [false]">
      <![CDATA[java.lang.AssertionError: expected [true] but found [false]
at org.testng.Assert.fail(Assert.java:111)
at org.testng.Assert.failNotEquals(Assert.java:1578)
at org.testng.Assert.assertTrue(Assert.java:57)
at org.testng.Assert.assertTrue(Assert.java:67)
at Private.lookupControllerv4.getapplyByService_Paymentsv4(lookupControllerv4.java:43)
at java.base/jdk.internal.reflect.NativeMethodAccessorImpl.invoke0(Native Method)
at java.base/jdk.internal.reflect.NativeMethodAccessorImpl.invoke(NativeMethodAccessorImpl.java:62)
at java.base/jdk.internal.reflect.DelegatingMethodAccessorImpl.invoke(DelegatingMethodAccessorImpl.java:43)
at java.base/java.lang.reflect.Method.invoke(Method.java:566)
at org.testng.internal.invokers.MethodInvocationHelper.invokeMethod(MethodInvocationHelper.java:141)
at org.testng.internal.invokers.TestInvoker.invokeMethod(TestInvoker.java:686)
at org.testng.internal.invokers.TestInvoker.invokeTestMethod(TestInvoker.java:230)
at org.testng.internal.invokers.MethodRunner.runInSequence(MethodRunner.java:63)
at org.testng.internal.invokers.TestInvoker$MethodInvocationAgent.invoke(TestInvoker.java:992)
at org.testng.internal.invokers.TestInvoker.invokeTestMethods(TestInvoker.java:203)
at org.testng.internal.invokers.TestMethodWorker.invokeTestMethods(TestMethodWorker.java:154)
at org.testng.internal.invokers.TestMethodWorker.run(TestMethodWorker.java:134)
at java.base/java.util.ArrayList.forEach(ArrayList.java:1541)
at org.testng.TestRunner.privateRun(TestRunner.java:739)
at org.testng.TestRunner.run(TestRunner.java:614)
at org.testng.SuiteRunner.runTest(SuiteRunner.java:421)
at org.testng.SuiteRunner.runSequentially(SuiteRunner.java:413)
at org.testng.SuiteRunner.privateRun(SuiteRunner.java:373)
at org.testng.SuiteRunner.run(SuiteRunner.java:312)
at org.testng.SuiteRunnerWorker.runSuite(SuiteRunnerWorker.java:52)
at org.testng.SuiteRunnerWorker.run(SuiteRunnerWorker.java:95)
at org.testng.TestNG.runSuitesSequentially(TestNG.java:1274)
at org.testng.TestNG.runSuitesLocally(TestNG.java:1208)
at org.testng.TestNG.runSuites(TestNG.java:1112)
at org.testng.TestNG.run(TestNG.java:1079)
at org.testng.remote.AbstractRemoteTestNG.run(AbstractRemoteTestNG.java:115)
at org.testng.remote.RemoteTestNG.initAndRun(RemoteTestNG.java:293)
at org.testng.remote.RemoteTestNG.main(RemoteTestNG.java:91)
]]>
    </failure>
  </testcase> <!-- getapplyByService_Paymentsv4 -->
  <testcase classname="Private.lookupControllerv4" name="getapplyByService_nonev4" time="0.169"/>
  <testcase classname="Private.lookupControllerv4" name="lookupMetergroup4" time="0.18"/>
  <testcase classname="Private.lookupControllerv4" name="lookupCheckBookv4" time="0.182"/>
  <testcase classname="Private.lookupControllerv4" name="lookupReadingTypev4" time="0.191"/>
  <testcase classname="Private.lookupControllerv4" name="lookupNsfReasonCodev4" time="0.187"/>
  <testcase classname="Private.lookupControllerv4" name="lookupMeterReadv4" time="0.0">
    <skipped/>
  </testcase> <!-- lookupMeterReadv4 -->
  <testcase classname="Private.lookupControllerv4" name="lookupdocumentTypev4" time="0.167"/>
  <testcase classname="Private.lookupControllerv4" name="lookupzonev4" time="0.193"/>
  <testcase classname="Private.lookupControllerv4" name="lookupequipmentModelv4" time="0.185"/>
  <testcase classname="Private.lookupControllerv4" name="lookupequipmentClassv4" time="0.168"/>
  <testcase classname="Private.lookupControllerv4" name="lookupequipmentTypev4" time="0.175"/>
  <testcase classname="Private.lookupControllerv4" name="lookupequipmentStatusv4" time="0.17"/>
  <testcase classname="Private.lookupControllerv4" name="lookupequipmentNetMetervType4" time="0.171"/>
  <testcase classname="Private.lookupControllerv4" name="lookupEquipmentRegisterCode4" time="0.164"/>
  <testcase classname="Private.lookupControllerv4" name="lookupEquipmentAttributeProtection4" time="0.178"/>
  <testcase classname="Private.lookupControllerv4" name="lookupbillType" time="0.18"/>
  <testcase classname="Private.lookupControllerv4" name="lookupbillingPrepareType" time="0.174"/>
  <testcase classname="Private.lookupControllerv4" name="lookupcollectionnoticeType" time="0.18"/>
  <testcase classname="Private.lookupControllerv4" name="lookupkvaReadingType" time="0.176"/>
  <testcase classname="Private.lookupControllerv4" name="lookupchargeType" time="0.204"/>
  <testcase classname="Private.lookupControllerv4" name="lookupchargeTypeAll" time="0.176"/>
  <testcase classname="Private.lookupControllerv4" name="lookupbillingCyclePeriod" time="0.236"/>
  <testcase classname="Private.lookupControllerv4" name="lookupserviceOrderOrigin" time="0.17"/>
  <testcase classname="Private.lookupControllerv4" name="lookupserviceOrderStatus" time="0.173"/>
  <testcase classname="Private.lookupControllerv4" name="lookupserviceOrderTask" time="0.222"/>
  <testcase classname="Private.lookupControllerv4" name="lookupserviceOrderRequestedBy" time="0.171"/>
  <testcase classname="Private.lookupControllerv4" name="lookuplocationClass" time="0.169"/>
  <testcase classname="Private.lookupControllerv4" name="lookuplocation" time="0.2"/>
  <testcase classname="Private.lookupControllerv4" name="lookupBatch" time="0.172"/>
  <testcase classname="Private.lookupControllerv4" name="lookuptranferBillToCustomerDeposit" time="0.0">
    <skipped/>
  </testcase> <!-- lookuptranferBillToCustomerDeposit -->
  <testcase classname="Private.lookupControllerv4" name="getlookupcreditCard_v4" time="0.177"/>
  <testcase classname="Private.lookupControllerv4" name="elascticsearchcreateindex_v_4" time="0.858"/>
  <testcase classname="Private.lookupControllerv4" name="getserviceAddressLookup_v4" time="0.234"/>
  <testcase classname="Private.lookupControllerv4" name="lookupPaymentDocuments" time="0.183"/>
  <testcase classname="Private.lookupControllerv4" name="lookupMiscChargeDocuments" time="0.0">
    <skipped/>
  </testcase> <!-- lookupMiscChargeDocuments -->
  <testcase classname="Private.lookupControllerv4" name="lookupchargeTypeAll2" time="0.182"/>
  <testcase classname="Private.MeterReadControllerV4" name="getmeterReadingnextv4" time="0.181"/>
  <testcase classname="Private.MeterReadControllerV4" name="putMeterReadinginWorkV4" time="10.399"/>
  <testcase classname="Private.MeterReadControllerV4" name="deletemeterReadingvalidv4" time="0.263"/>
  <testcase classname="Private.MeterReadControllerV4" name="deletemeterReadingErrorv4" time="0.175"/>
  <testcase classname="Private.MeterReadControllerV4" name="putMeterReadingNetMeterV4" time="10.179"/>
  <testcase classname="Private.MeterReadControllerV4" name="putMeterReadingnottheLatestreadingV4" time="10.18"/>
  <testcase classname="Private.MeterReadControllerV4" name="getmeterlastDocumentv4" time="0.22"/>
  <testcase classname="Private.MeterReadControllerV4" name="postMeterReadPostInvalidv4" time="10.303"/>
  <testcase classname="Private.MeterReadControllerV4" name="PostMeterReadv4" time="10.517"/>
  <testcase classname="Private.MeterReadControllerV4" name="postmoveOpenToHistoryv4" time="0.277"/>
  <testcase classname="Public.DisconnectFromStarttoFinish" name="PostServiceOrder" time="0.513"/>
  <testcase classname="Public.DisconnectFromStarttoFinish" name="PostMeterReading" time="0.228"/>
  <testcase classname="Public.DisconnectFromStarttoFinish" name="putMeterDisconnect" time="10.23"/>
  <testcase classname="Private.MiscellaneousChargeControllerV4" name="miscellaneousChargeSimulatev4" time="0.28"/>
  <testcase classname="Private.MiscellaneousChargeControllerV4" name="deleteMiscellaneousChargeErr1v4" time="0.198"/>
  <testcase classname="Private.MiscellaneousChargeControllerV4" name="deleteMiscellaneousChargeErrv4" time="0.163"/>
  <testcase classname="Private.MiscellaneousChargeControllerV4" name="miscellaneousChargepostv4" time="1.751"/>
  <testcase classname="Private.MiscellaneousChargeControllerV4" name="putmiscellaneousChargeSimulatev4" time="10.583"/>
  <testcase classname="Private.MiscellaneousChargeControllerV4" name="miscellaneousChargepostv4err" time="0.223"/>
  <testcase classname="Private.MiscellaneousChargeControllerV4" name="postMiscellaneousv4" time="0.29"/>
  <testcase classname="Private.moveInMoveOutController" name="postTransferv4" time="0.44"/>
  <testcase classname="Public.GetAccountBalancesV3" name="getAccountBalancesV3" time="0.304"/>
  <testcase classname="Public.GetAccountBalancesV3" name="getAccountBalancesPortalv3" time="0.736"/>
  <testcase classname="Public.GetAccountBalancesV3" name="getAccountBalancesPortalv3Paymentatwork" time="0.334"/>
  <testcase classname="Private.PaymentControllerV4" name="gettPaymentNextv4" time="0.252"/>
  <testcase classname="Private.PaymentControllerV4" name="postPaymentSimulatev4" time="1.977">
    <failure type="java.lang.AssertionError" message="expected:&amp;lt;{&amp;quot;Payment&amp;quot;:{&amp;quot;Success&amp;quot;:true,&amp;quot;Data&amp;quot;:{&amp;quot;LocationId&amp;quot;:&amp;quot;000000000523000&amp;quot;,&amp;quot;CustomerId&amp;quot;:&amp;quot;0012200&amp;quot;,&amp;quot;CreditNoteId&amp;quot;:&amp;quot;RMGT-OTH-000002&amp;quot;,&amp;quot;TaxScheduleId&amp;quot;:&amp;quot;ONT GST\/PST&amp;quot;,&amp;quot;Amount&amp;quot;:5.00,&amp;quot;TotalTax&amp;quot;:0.00,&amp;quot;TotalAmount&amp;quot;:5.00,&amp;quot;UnappliedAmount&amp;quot;:0.00,&amp;quot;DistributionDetail&amp;quot;:[{&amp;quot;TypeId&amp;quot;:3,&amp;quot;Type&amp;quot;:&amp;quot;RECV&amp;quot;,&amp;quot;Description&amp;quot;:&amp;quot;Accounts Receivable&amp;quot;,&amp;quot;Index&amp;quot;:6,&amp;quot;Number&amp;quot;:&amp;quot;000-1200-00&amp;quot;,&amp;quot;DebitAmount&amp;quot;:0.00,&amp;quot;CreditAmount&amp;quot;:5.00},{&amp;quot;TypeId&amp;quot;:9,&amp;quot;Type&amp;quot;:&amp;quot;SALES&amp;quot;,&amp;quot;Description&amp;quot;:&amp;quot;Other Electric Revenues&amp;quot;,&amp;quot;Index&amp;quot;:554,&amp;quot;Number&amp;quot;:&amp;quot;900-4740-00&amp;quot;,&amp;quot;DebitAmount&amp;quot;:5.00,&amp;quot;CreditAmount&amp;quot;:0.00}],&amp;quot;DistributionTotal&amp;quot;:{&amp;quot;DebitAmount&amp;quot;:5.00,&amp;quot;CreditAmount&amp;quot;:5.00},&amp;quot;DefaultDistributionDetail&amp;quot;:[{&amp;quot;TypeId&amp;quot;:3,&amp;quot;Type&amp;quot;:&amp;quot;RECV&amp;quot;,&amp;quot;Description&amp;quot;:&amp;quot;Accounts Receivable&amp;quot;,&amp;quot;Index&amp;quot;:6,&amp;quot;Number&amp;quot;:&amp;quot;000-1200-00&amp;quot;,&amp;quot;DebitAmount&amp;quot;:0.00,&amp;quot;CreditAmount&amp;quot;:5.00},{&amp;quot;TypeId&amp;quot;:9,&amp;quot;Type&amp;quot;:&amp;quot;SALES&amp;quot;,&amp;quot;Description&amp;quot;:&amp;quot;Other Electric Revenues&amp;quot;,&amp;quot;Index&amp;quot;:554,&amp;quot;Number&amp;quot;:&amp;quot;900-4740-00&amp;quot;,&amp;quot;DebitAmount&amp;quot;:5.00,&amp;quot;CreditAmount&amp;quot;:0.00}],&amp;quot;TaxDetail&amp;quot;:[],&amp;quot;Document&amp;quot;:[{&amp;quot;Number&amp;quot;:&amp;quot;BUDG00000002604&amp;quot;,&amp;quot;LocationId&amp;quot;:&amp;quot;000000000523000&amp;quot;,&amp;quot;LocationAddress&amp;quot;:&amp;quot;130 W SAMSULA DR&amp;quot;,&amp;quot;StatementNumber&amp;quot;:0,&amp;quot;Type&amp;quot;:[{&amp;quot;Id&amp;quot;:7,&amp;quot;Description&amp;quot;:&amp;quot;Budget Document&amp;quot;}],&amp;quot;ServiceType&amp;quot;:[{&amp;quot;Id&amp;quot;:&amp;quot;&amp;quot;,&amp;quot;Description&amp;quot;:&amp;quot;&amp;quot;}],&amp;quot;Date&amp;quot;:&amp;quot;2000-05-22&amp;quot;,&amp;quot;DueDate&amp;quot;:&amp;quot;2000-05-22&amp;quot;,&amp;quot;Amount&amp;quot;:167.00,&amp;quot;OutstandingAmount&amp;quot;:162.00,&amp;quot;ApplyAmount&amp;quot;:5.00,&amp;quot;Sequence&amp;quot;:1,&amp;quot;ReferenceDocumentNumber&amp;quot;:&amp;quot;BUDG00000002600&amp;quot;,&amp;quot;ReferenceDocumentDate&amp;quot;:&amp;quot;2000-01-01&amp;quot;,&amp;quot;ServiceCategory&amp;quot;:[{&amp;quot;Id&amp;quot;:0,&amp;quot;Description&amp;quot;:&amp;quot;ALL&amp;quot;}],&amp;quot;Attribute&amp;quot;:[{&amp;quot;ChargeType&amp;quot;:&amp;quot;&amp;quot;,&amp;quot;ChargeDescription&amp;quot;:&amp;quot;&amp;quot;,&amp;quot;PaymentOrigin&amp;quot;:&amp;quot;&amp;quot;,&amp;quot;SupportAuthorization&amp;quot;:0,&amp;quot;Service&amp;quot;:[{&amp;quot;Category&amp;quot;:0,&amp;quot;Description&amp;quot;:&amp;quot;&amp;quot;,&amp;quot;Type&amp;quot;:&amp;quot;&amp;quot;,&amp;quot;Amount&amp;quot;:0.00,&amp;quot;OutstandingAmount&amp;quot;:0.00,&amp;quot;ApplyAmount&amp;quot;:0.00}]}]},{&amp;quot;Number&amp;quot;:&amp;quot;BUDG00000002605&amp;quot;,&amp;quot;LocationId&amp;quot;:&amp;quot;000000000523000&amp;quot;,&amp;quot;LocationAddress&amp;quot;:&amp;quot;130 W SAMSULA DR&amp;quot;,&amp;quot;StatementNumber&amp;quot;:0,&amp;quot;Type&amp;quot;:[{&amp;quot;Id&amp;quot;:7,&amp;quot;Description&amp;quot;:&amp;quot;Budget Document&amp;quot;}],&amp;quot;ServiceType&amp;quot;:[{&amp;quot;Id&amp;quot;:&amp;quot;&amp;quot;,&amp;quot;Description&amp;quot;:&amp;quot;&amp;quot;}],&amp;quot;Date&amp;quot;:&amp;quot;2000-06-21&amp;quot;,&amp;quot;DueDate&amp;quot;:&amp;quot;2000-06-21&amp;quot;,&amp;quot;Amount&amp;quot;:167.00,&amp;quot;OutstandingAmount&amp;quot;:167.00,&amp;quot;ApplyAmount&amp;quot;:0.00,&amp;quot;Sequence&amp;quot;:2,&amp;quot;ReferenceDocumentNumber&amp;quot;:&amp;quot;BUDG00000002600&amp;quot;,&amp;quot;ReferenceDocumentDate&amp;quot;:&amp;quot;2000-01-01&amp;quot;,&amp;quot;ServiceCategory&amp;quot;:[{&amp;quot;Id&amp;quot;:0,&amp;quot;Description&amp;quot;:&amp;quot;ALL&amp;quot;}],&amp;quot;Attribute&amp;quot;:[{&amp;quot;ChargeType&amp;quot;:&amp;quot;&amp;quot;,&amp;quot;ChargeDescription&amp;quot;:&amp;quot;&amp;quot;,&amp;quot;PaymentOrigin&amp;quot;:&amp;quot;&amp;quot;,&amp;quot;SupportAuthorization&amp;quot;:0,&amp;quot;Service&amp;quot;:[{&amp;quot;Category&amp;quot;:0,&amp;quot;Description&amp;quot;:&amp;quot;&amp;quot;,&amp;quot;Type&amp;quot;:&amp;quot;&amp;quot;,&amp;quot;Amount&amp;quot;:0.00,&amp;quot;OutstandingAmount&amp;quot;:0.00,&amp;quot;ApplyAmount&amp;quot;:0.00}]}]},{&amp;quot;Number&amp;quot;:&amp;quot;BUDG00000002606&amp;quot;,&amp;quot;LocationId&amp;quot;:&amp;quot;000000000523000&amp;quot;,&amp;quot;LocationAddress&amp;quot;:&amp;quot;130 W SAMSULA DR&amp;quot;,&amp;quot;StatementNumber&amp;quot;:0,&amp;quot;Type&amp;quot;:[{&amp;quot;Id&amp;quot;:7,&amp;quot;Description&amp;quot;:&amp;quot;Budget Document&amp;quot;}],&amp;quot;ServiceType&amp;quot;:[{&amp;quot;Id&amp;quot;:&amp;quot;&amp;quot;,&amp;quot;Description&amp;quot;:&amp;quot;&amp;quot;}],&amp;quot;Date&amp;quot;:&amp;quot;2000-07-21&amp;quot;,&amp;quot;DueDate&amp;quot;:&amp;quot;2000-07-21&amp;quot;,&amp;quot;Amount&amp;quot;:167.00,&amp;quot;OutstandingAmount&amp;quot;:167.00,&amp;quot;ApplyAmount&amp;quot;:0.00,&amp;quot;Sequence&amp;quot;:3,&amp;quot;ReferenceDocumentNumber&amp;quot;:&amp;quot;BUDG00000002600&amp;quot;,&amp;quot;ReferenceDocumentDate&amp;quot;:&amp;quot;2000-01-01&amp;quot;,&amp;quot;ServiceCategory&amp;quot;:[{&amp;quot;Id&amp;quot;:0,&amp;quot;Description&amp;quot;:&amp;quot;ALL&amp;quot;}],&amp;quot;Attribute&amp;quot;:[{&amp;quot;ChargeType&amp;quot;:&amp;quot;&amp;quot;,&amp;quot;ChargeDescription&amp;quot;:&amp;quot;&amp;quot;,&amp;quot;PaymentOrigin&amp;quot;:&amp;quot;&amp;quot;,&amp;quot;SupportAuthorization&amp;quot;:0,&amp;quot;Service&amp;quot;:[{&amp;quot;Category&amp;quot;:0,&amp;quot;Description&amp;quot;:&amp;quot;&amp;quot;,&amp;quot;Type&amp;quot;:&amp;quot;&amp;quot;,&amp;quot;Amount&amp;quot;:0.00,&amp;quot;OutstandingAmount&amp;quot;:0.00,&amp;quot;ApplyAmount&amp;quot;:0.00}]}]},{&amp;quot;Number&amp;quot;:&amp;quot;BUDG00000002607&amp;quot;,&amp;quot;LocationId&amp;quot;:&amp;quot;000000000523000&amp;quot;,&amp;quot;LocationAddress&amp;quot;:&amp;quot;130 W SAMSULA DR&amp;quot;,&amp;quot;StatementNumber&amp;quot;:0,&amp;quot;Type&amp;quot;:[{&amp;quot;Id&amp;quot;:7,&amp;quot;Description&amp;quot;:&amp;quot;Budget Document&amp;quot;}],&amp;quot;ServiceType&amp;quot;:[{&amp;quot;Id&amp;quot;:&amp;quot;&amp;quot;,&amp;quot;Description&amp;quot;:&amp;quot;&amp;quot;}],&amp;quot;Date&amp;quot;:&amp;quot;2000-08-21&amp;quot;,&amp;quot;DueDate&amp;quot;:&amp;quot;2000-08-21&amp;quot;,&amp;quot;Amount&amp;quot;:167.00,&amp;quot;OutstandingAmount&amp;quot;:167.00,&amp;quot;ApplyAmount&amp;quot;:0.00,&amp;quot;Sequence&amp;quot;:4,&amp;quot;ReferenceDocumentNumber&amp;quot;:&amp;quot;BUDG00000002600&amp;quot;,&amp;quot;ReferenceDocumentDate&amp;quot;:&amp;quot;2000-01-01&amp;quot;,&amp;quot;ServiceCategory&amp;quot;:[{&amp;quot;Id&amp;quot;:0,&amp;quot;Description&amp;quot;:&amp;quot;ALL&amp;quot;}],&amp;quot;Attribute&amp;quot;:[{&amp;quot;ChargeType&amp;quot;:&amp;quot;&amp;quot;,&amp;quot;ChargeDescription&amp;quot;:&amp;quot;&amp;quot;,&amp;quot;PaymentOrigin&amp;quot;:&amp;quot;&amp;quot;,&amp;quot;SupportAuthorization&amp;quot;:0,&amp;quot;Service&amp;quot;:[{&amp;quot;Category&amp;quot;:0,&amp;quot;Description&amp;quot;:&amp;quot;&amp;quot;,&amp;quot;Type&amp;quot;:&amp;quot;&amp;quot;,&amp;quot;Amount&amp;quot;:0.00,&amp;quot;OutstandingAmount&amp;quot;:0.00,&amp;quot;ApplyAmount&amp;quot;:0.00}]}]},{&amp;quot;Number&amp;quot;:&amp;quot;BUDG00000002608&amp;quot;,&amp;quot;LocationId&amp;quot;:&amp;quot;000000000523000&amp;quot;,&amp;quot;LocationAddress&amp;quot;:&amp;quot;130 W SAMSULA DR&amp;quot;,&amp;quot;StatementNumber&amp;quot;:0,&amp;quot;Type&amp;quot;:[{&amp;quot;Id&amp;quot;:7,&amp;quot;Description&amp;quot;:&amp;quot;Budget Document&amp;quot;}],&amp;quot;ServiceType&amp;quot;:[{&amp;quot;Id&amp;quot;:&amp;quot;&amp;quot;,&amp;quot;Description&amp;quot;:&amp;quot;&amp;quot;}],&amp;quot;Date&amp;quot;:&amp;quot;2000-09-21&amp;quot;,&amp;quot;DueDate&amp;quot;:&amp;quot;2000-09-21&amp;quot;,&amp;quot;Amount&amp;quot;:167.00,&amp;quot;OutstandingAmount&amp;quot;:167.00,&amp;quot;ApplyAmount&amp;quot;:0.00,&amp;quot;Sequence&amp;quot;:5,&amp;quot;ReferenceDocumentNumber&amp;quot;:&amp;quot;BUDG00000002600&amp;quot;,&amp;quot;ReferenceDocumentDate&amp;quot;:&amp;quot;2000-01-01&amp;quot;,&amp;quot;ServiceCategory&amp;quot;:[{&amp;quot;Id&amp;quot;:0,&amp;quot;Description&amp;quot;:&amp;quot;ALL&amp;quot;}],&amp;quot;Attribute&amp;quot;:[{&amp;quot;ChargeType&amp;quot;:&amp;quot;&amp;quot;,&amp;quot;ChargeDescription&amp;quot;:&amp;quot;&amp;quot;,&amp;quot;PaymentOrigin&amp;quot;:&amp;quot;&amp;quot;,&amp;quot;SupportAuthorization&amp;quot;:0,&amp;quot;Service&amp;quot;:[{&amp;quot;Category&amp;quot;:0,&amp;quot;Description&amp;quot;:&amp;quot;&amp;quot;,&amp;quot;Type&amp;quot;:&amp;quot;&amp;quot;,&amp;quot;Amount&amp;quot;:0.00,&amp;quot;OutstandingAmount&amp;quot;:0.00,&amp;quot;ApplyAmount&amp;quot;:0.00}]}]},{&amp;quot;Number&amp;quot;:&amp;quot;BUDG00000002609&amp;quot;,&amp;quot;LocationId&amp;quot;:&amp;quot;000000000523000&amp;quot;,&amp;quot;LocationAddress&amp;quot;:&amp;quot;130 W SAMSULA DR&amp;quot;,&amp;quot;StatementNumber&amp;quot;:0,&amp;quot;Type&amp;quot;:[{&amp;quot;Id&amp;quot;:7,&amp;quot;Description&amp;quot;:&amp;quot;Budget Document&amp;quot;}],&amp;quot;ServiceType&amp;quot;:[{&amp;quot;Id&amp;quot;:&amp;quot;&amp;quot;,&amp;quot;Description&amp;quot;:&amp;quot;&amp;quot;}],&amp;quot;Date&amp;quot;:&amp;quot;2000-10-23&amp;quot;,&amp;quot;DueDate&amp;quot;:&amp;quot;2000-10-23&amp;quot;,&amp;quot;Amount&amp;quot;:167.00,&amp;quot;OutstandingAmount&amp;quot;:167.00,&amp;quot;ApplyAmount&amp;quot;:0.00,&amp;quot;Sequence&amp;quot;:6,&amp;quot;ReferenceDocumentNumber&amp;quot;:&amp;quot;BUDG00000002600&amp;quot;,&amp;quot;ReferenceDocumentDate&amp;quot;:&amp;quot;2000-01-01&amp;quot;,&amp;quot;ServiceCategory&amp;quot;:[{&amp;quot;Id&amp;quot;:0,&amp;quot;Description&amp;quot;:&amp;quot;ALL&amp;quot;}],&amp;quot;Attribute&amp;quot;:[{&amp;quot;ChargeType&amp;quot;:&amp;quot;&amp;quot;,&amp;quot;ChargeDescription&amp;quot;:&amp;quot;&amp;quot;,&amp;quot;PaymentOrigin&amp;quot;:&amp;quot;&amp;quot;,&amp;quot;SupportAuthorization&amp;quot;:0,&amp;quot;Service&amp;quot;:[{&amp;quot;Category&amp;quot;:0,&amp;quot;Description&amp;quot;:&amp;quot;&amp;quot;,&amp;quot;Type&amp;quot;:&amp;quot;&amp;quot;,&amp;quot;Amount&amp;quot;:0.00,&amp;quot;OutstandingAmount&amp;quot;:0.00,&amp;quot;ApplyAmount&amp;quot;:0.00}]}]},{&amp;quot;Number&amp;quot;:&amp;quot;BUDG00000002610&amp;quot;,&amp;quot;LocationId&amp;quot;:&amp;quot;000000000523000&amp;quot;,&amp;quot;LocationAddress&amp;quot;:&amp;quot;130 W SAMSULA DR&amp;quot;,&amp;quot;StatementNumber&amp;quot;:0,&amp;quot;Type&amp;quot;:[{&amp;quot;Id&amp;quot;:7,&amp;quot;Description&amp;quot;:&amp;quot;Budget Document&amp;quot;}],&amp;quot;ServiceType&amp;quot;:[{&amp;quot;Id&amp;quot;:&amp;quot;&amp;quot;,&amp;quot;Description&amp;quot;:&amp;quot;&amp;quot;}],&amp;quot;Date&amp;quot;:&amp;quot;2000-11-21&amp;quot;,&amp;quot;DueDate&amp;quot;:&amp;quot;2000-11-21&amp;quot;,&amp;quot;Amount&amp;quot;:167.00,&amp;quot;OutstandingAmount&amp;quot;:167.00,&amp;quot;ApplyAmount&amp;quot;:0.00,&amp;quot;Sequence&amp;quot;:7,&amp;quot;ReferenceDocumentNumber&amp;quot;:&amp;quot;BUDG00000002600&amp;quot;,&amp;quot;ReferenceDocumentDate&amp;quot;:&amp;quot;2000-01-01&amp;quot;,&amp;quot;ServiceCategory&amp;quot;:[{&amp;quot;Id&amp;quot;:0,&amp;quot;Description&amp;quot;:&amp;quot;ALL&amp;quot;}],&amp;quot;Attribute&amp;quot;:[{&amp;quot;ChargeType&amp;quot;:&amp;quot;&amp;quot;,&amp;quot;ChargeDescription&amp;quot;:&amp;quot;&amp;quot;,&amp;quot;PaymentOrigin&amp;quot;:&amp;quot;&amp;quot;,&amp;quot;SupportAuthorization&amp;quot;:0,&amp;quot;Service&amp;quot;:[{&amp;quot;Category&amp;quot;:0,&amp;quot;Description&amp;quot;:&amp;quot;&amp;quot;,&amp;quot;Type&amp;quot;:&amp;quot;&amp;quot;,&amp;quot;Amount&amp;quot;:0.00,&amp;quot;OutstandingAmount&amp;quot;:0.00,&amp;quot;ApplyAmount&amp;quot;:0.00}]}]},{&amp;quot;Number&amp;quot;:&amp;quot;BUDG00000002611&amp;quot;,&amp;quot;LocationId&amp;quot;:&amp;quot;000000000523000&amp;quot;,&amp;quot;LocationAddress&amp;quot;:&amp;quot;130 W SAMSULA DR&amp;quot;,&amp;quot;StatementNumber&amp;quot;:0,&amp;quot;Type&amp;quot;:[{&amp;quot;Id&amp;quot;:7,&amp;quot;Description&amp;quot;:&amp;quot;Budget Document&amp;quot;}],&amp;quot;ServiceType&amp;quot;:[{&amp;quot;Id&amp;quot;:&amp;quot;&amp;quot;,&amp;quot;Description&amp;quot;:&amp;quot;&amp;quot;}],&amp;quot;Date&amp;quot;:&amp;quot;2000-12-21&amp;quot;,&amp;quot;DueDate&amp;quot;:&amp;quot;2000-12-21&amp;quot;,&amp;quot;Amount&amp;quot;:167.00,&amp;quot;OutstandingAmount&amp;quot;:167.00,&amp;quot;ApplyAmount&amp;quot;:0.00,&amp;quot;Sequence&amp;quot;:8,&amp;quot;ReferenceDocumentNumber&amp;quot;:&amp;quot;BUDG00000002600&amp;quot;,&amp;quot;ReferenceDocumentDate&amp;quot;:&amp;quot;2000-01-01&amp;quot;,&amp;quot;ServiceCategory&amp;quot;:[{&amp;quot;Id&amp;quot;:0,&amp;quot;Description&amp;quot;:&amp;quot;ALL&amp;quot;}],&amp;quot;Attribute&amp;quot;:[{&amp;quot;ChargeType&amp;quot;:&amp;quot;&amp;quot;,&amp;quot;ChargeDescription&amp;quot;:&am
[...]
    <skipped/>
  </testcase> <!-- getsmartList_v_3 -->
  <testcase classname="Public.portalconsumptionControllerV4" name="getconsumptionHistoryController" time="0.656"/>
  <testcase classname="Public.portalconsumptionControllerV4" name="getserviceByLocation" time="0.92"/>
  <testcase classname="Private.SmartyStreetValidationV4" name="postSmartyStreetValidationv4" time="0.001">
    <skipped/>
  </testcase> <!-- postSmartyStreetValidationv4 -->
  <testcase classname="Private.SmartyStreetValidationV4" name="postvalidateAddressesandPostLocation" time="0.0">
    <skipped/>
  </testcase> <!-- postvalidateAddressesandPostLocation -->
  <testcase classname="Public.printControllerV4" name="getstatementAsPDFv3" time="15.207"/>
  <testcase classname="Public.searchController" name="elascticsearchcreateindex_v_2" time="0.186"/>
  <testcase classname="Public.searchController" name="getCustomer_v2" time="0.223"/>
  <testcase classname="Public.searchController" name="getindex_v2" time="0.24"/>
  <testcase classname="Public.searchControllerV3" name="elascticsearchcreateindex_v_3" time="0.996"/>
  <testcase classname="Public.searchControllerV3" name="getCustomer_v3" time="0.221"/>
  <testcase classname="Public.searchControllerV3" name="getindex_v3" time="0.227"/>
  <testcase classname="Private.transactionsControllerv3" name="getBillInquiry_v_3" time="0.312"/>
  <testcase classname="Private.transactionsControllerv3" name="getBillInquirychargeSummary_v_3" time="0.287"/>
  <testcase classname="Private.transactionsControllerv3" name="getBillInquirydistribution_v_3" time="0.195"/>
  <testcase classname="Private.transactionsControllerv3" name="getTransactions_v_3" time="0.185"/>
  <testcase classname="Private.transactionsControllerv3" name="getrecentTransactions_v_3" time="0.279"/>
  <testcase classname="Private.transactionsControllerv4" name="getapplyByService_v4" time="0.291"/>
  <testcase classname="Private.transactionsControllerv4" name="getMeterReadInquiryWork_v4" time="0.339"/>
  <testcase classname="Private.transactionsControllerv4" name="getMeterReadInquiryOpen_v4" time="0.171"/>
  <testcase classname="Private.transactionsControllerv4" name="getMeterReadInquiryHistory_v4" time="0.172"/>
  <testcase classname="Private.transactionsControllerv4" name="gettransactionbatch_v4" time="0.349"/>
  <testcase classname="Private.transactionsControllerv4" name="gettransactionpayment_v4" time="0.305"/>
  <testcase classname="Private.transactionsControllerv4" name="gettransactionpaymentInv_v4" time="0.164"/>
  <testcase classname="Private.transactionsControllerv4" name="gettransactionpaymentInvCred_v4" time="0.169"/>
  <testcase classname="Private.transactionsControllerv4" name="gettransactionpayment_v4_false" time="0.158"/>
  <testcase classname="Private.transactionsControllerv4" name="gettransactionpayment_v3_false" time="0.17"/>
  <testcase classname="Private.voidController" name="putvoidv4" time="11.542"/>
  <testcase classname="Private.voidController" name="getVoidLaodv4" time="0.001">
    <skipped/>
  </testcase> <!-- getVoidLaodv4 -->
  <testcase classname="Private.voidController" name="getlinkedDocumentv4" time="0.282">
    <failure type="junit.framework.ComparisonFailure" message="expected:&amp;lt;...&amp;quot;:{&amp;quot;LinkedDocument&amp;quot;:[{&amp;quot;Spa&amp;quot;:null,&amp;quot;Penalty&amp;quot;:null,&amp;quot;WriteOffExport&amp;quot;:[{&amp;quot;Number&amp;quot;:&amp;quot;PYMT00000000505&amp;quot;}],&amp;quot;CollectionImport&amp;quot;:null,&amp;quot;DepositReceivable&amp;quot;:null,&amp;quot;NegativeBill&amp;quot;:null,&amp;quot;BillCreditNote&amp;quot;:null,&amp;quot;TransferBalanceDocument&amp;quot;:null,&amp;quot;CashieringCheckCreditCard&amp;quot;:null}]},&amp;quot;Messages&amp;quot;:[]}}&amp;gt; but was:&amp;lt;...&amp;quot;:{&amp;quot;LinkedDocument&amp;quot;:[null]},&amp;quot;Messages&amp;quot;:[]}}&amp;gt;">
      <![CDATA[junit.framework.ComparisonFailure: expected:<...":{"LinkedDocument":[{"Spa":null,"Penalty":null,"WriteOffExport":[{"Number":"PYMT00000000505"}],"CollectionImport":null,"DepositReceivable":null,"NegativeBill":null,"BillCreditNote":null,"TransferBalanceDocument":null,"CashieringCheckCreditCard":null}]},"Messages":[]}}> but was:<...":{"LinkedDocument":[null]},"Messages":[]}}>
at junit.framework.Assert.assertEquals(Assert.java:85)
at junit.framework.Assert.assertEquals(Assert.java:91)
at Private.voidController.getlinkedDocumentv4(voidController.java:78)
at java.base/jdk.internal.reflect.NativeMethodAccessorImpl.invoke0(Native Method)
at java.base/jdk.internal.reflect.NativeMethodAccessorImpl.invoke(NativeMethodAccessorImpl.java:62)
at java.base/jdk.internal.reflect.DelegatingMethodAccessorImpl.invoke(DelegatingMethodAccessorImpl.java:43)
at java.base/java.lang.reflect.Method.invoke(Method.java:566)
at org.testng.internal.invokers.MethodInvocationHelper.invokeMethod(MethodInvocationHelper.java:141)
at org.testng.internal.invokers.TestInvoker.invokeMethod(TestInvoker.java:686)
at org.testng.internal.invokers.TestInvoker.invokeTestMethod(TestInvoker.java:230)
at org.testng.internal.invokers.MethodRunner.runInSequence(MethodRunner.java:63)
at org.testng.internal.invokers.TestInvoker$MethodInvocationAgent.invoke(TestInvoker.java:992)
at org.testng.internal.invokers.TestInvoker.invokeTestMethods(TestInvoker.java:203)
at org.testng.internal.invokers.TestMethodWorker.invokeTestMethods(TestMethodWorker.java:154)
at org.testng.internal.invokers.TestMethodWorker.run(TestMethodWorker.java:134)
at java.base/java.util.ArrayList.forEach(ArrayList.java:1541)
at org.testng.TestRunner.privateRun(TestRunner.java:739)
at org.testng.TestRunner.run(TestRunner.java:614)
at org.testng.SuiteRunner.runTest(SuiteRunner.java:421)
at org.testng.SuiteRunner.runSequentially(SuiteRunner.java:413)
at org.testng.SuiteRunner.privateRun(SuiteRunner.java:373)
at org.testng.SuiteRunner.run(SuiteRunner.java:312)
at org.testng.SuiteRunnerWorker.runSuite(SuiteRunnerWorker.java:52)
at org.testng.SuiteRunnerWorker.run(SuiteRunnerWorker.java:95)
at org.testng.TestNG.runSuitesSequentially(TestNG.java:1274)
at org.testng.TestNG.runSuitesLocally(TestNG.java:1208)
at org.testng.TestNG.runSuites(TestNG.java:1112)
at org.testng.TestNG.run(TestNG.java:1079)
at org.testng.remote.AbstractRemoteTestNG.run(AbstractRemoteTestNG.java:115)
at org.testng.remote.RemoteTestNG.initAndRun(RemoteTestNG.java:293)
at org.testng.remote.RemoteTestNG.main(RemoteTestNG.java:91)
]]>
    </failure>
  </testcase> <!-- getlinkedDocumentv4 -->
  <testcase classname="Public.ServiceLocationV3" name="getServicesByLocation_v_3" time="0.4"/>
  <testcase classname="Public.ServiceLocationV4" name="getServicesByLocation_v_4" time="0.181"/>
  <testcase classname="Public.ServiceOrderControllerV3" name="postcreateServiceOrder_v3" time="0.193"/>
  <testcase classname="Public.ServiceOrderControllerV3" name="getServiceOrder_v3" time="0.215"/>
  <testcase classname="Public.ServiceOrderControllerV3" name="getServiceOrderRequestDetails_v3" time="0.211"/>
  <testcase classname="Public.ServiceOrderControllerV3" name="getServiceOrderRequestDetailsbyOptional_v3" time="0.327"/>
  <testcase classname="Public.ServiceOrderControllerV3" name="putaddMeterReading_v_3" time="0.399"/>
  <testcase classname="Public.ServiceOrderControllerV3" name="putupdatecomment_v_3" time="0.191"/>
  <testcase classname="Public.ServiceOrderControllerV3" name="putaddMiscCharge_v_3" time="0.26"/>
  <testcase classname="Public.ServiceOrderControllerV3" name="putswitchMeter_v_3" time="0.238"/>
  <testcase classname="Public.ServiceOrderControllerV3" name="putTaskCompleteNocharge_v3" time="0.212"/>
  <testcase classname="Public.ServiceOrderControllerV4" name="getServiceOrderdetails_v4" time="0.466"/>
  <testcase classname="Public.ServiceOrderControllerV4" name="postCreateServiceOrderv4UseScheduleDateForSODetailfalse" time="10.221"/>
  <testcase classname="Public.ServiceOrderControllerV4" name="postCreateServiceOrderv4UseScheduleDateForSODetailtrue" time="10.438"/>
  <testcase classname="Public.spaController" name="getoutstandingDocuments_v_2" time="0.328">
    <failure type="java.lang.AssertionError" message="expected [{&amp;quot;OutstandingDocs&amp;quot;:[{&amp;quot;DocumentType&amp;quot;:&amp;quot;MISC&amp;quot;,&amp;quot;DocumentNumber&amp;quot;:&amp;quot;MISC00000000264&amp;quot;,&amp;quot;DueDate&amp;quot;:&amp;quot;1999-12-08&amp;quot;,&amp;quot;LocationId&amp;quot;:&amp;quot;WATER001&amp;quot;,&amp;quot;ServiceAddress&amp;quot;:&amp;quot;12 A Grafton st n APT 4&amp;quot;,&amp;quot;ServiceCategory&amp;quot;:{&amp;quot;Id&amp;quot;:0,&amp;quot;Description&amp;quot;:&amp;quot;&amp;quot;},&amp;quot;OutstandingAmount&amp;quot;:&amp;quot;46.00&amp;quot;}]}] but found [{&amp;quot;OutstandingDocs&amp;quot;:[{&amp;quot;DocumentType&amp;quot;:&amp;quot;MISC&amp;quot;,&amp;quot;DocumentNumber&amp;quot;:&amp;quot;MISC00000000264&amp;quot;,&amp;quot;DueDate&amp;quot;:&amp;quot;1999-12-08&amp;quot;,&amp;quot;LocationId&amp;quot;:&amp;quot;WATER001&amp;quot;,&amp;quot;ServiceAddress&amp;quot;:&amp;quot;12 A Grafton st n APT 4&amp;quot;,&amp;quot;ServiceCategory&amp;quot;:{&amp;quot;Id&amp;quot;:0,&amp;quot;Description&amp;quot;:&amp;quot;NONE&amp;quot;},&amp;quot;OutstandingAmount&amp;quot;:&amp;quot;46.00&amp;quot;}]}]">
      <![CDATA[java.lang.AssertionError: expected [{"OutstandingDocs":[{"DocumentType":"MISC","DocumentNumber":"MISC00000000264","DueDate":"1999-12-08","LocationId":"WATER001","ServiceAddress":"12 A Grafton st n APT 4","ServiceCategory":{"Id":0,"Description":""},"OutstandingAmount":"46.00"}]}] but found [{"OutstandingDocs":[{"DocumentType":"MISC","DocumentNumber":"MISC00000000264","DueDate":"1999-12-08","LocationId":"WATER001","ServiceAddress":"12 A Grafton st n APT 4","ServiceCategory":{"Id":0,"Description":"NONE"},"OutstandingAmount":"46.00"}]}]
at org.testng.Assert.fail(Assert.java:111)
at org.testng.Assert.failNotEquals(Assert.java:1578)
at org.testng.Assert.assertEqualsImpl(Assert.java:150)
at org.testng.Assert.assertEquals(Assert.java:132)
at org.testng.Assert.assertEquals(Assert.java:656)
at org.testng.Assert.assertEquals(Assert.java:666)
at com.NexustAPIAutomation.java.CommonMethods.getMethod(CommonMethods.java:706)
at Public.spaController.getoutstandingDocuments_v_2(spaController.java:32)
at java.base/jdk.internal.reflect.NativeMethodAccessorImpl.invoke0(Native Method)
at java.base/jdk.internal.reflect.NativeMethodAccessorImpl.invoke(NativeMethodAccessorImpl.java:62)
at java.base/jdk.internal.reflect.DelegatingMethodAccessorImpl.invoke(DelegatingMethodAccessorImpl.java:43)
at java.base/java.lang.reflect.Method.invoke(Method.java:566)
at org.testng.internal.invokers.MethodInvocationHelper.invokeMethod(MethodInvocationHelper.java:141)
at org.testng.internal.invokers.TestInvoker.invokeMethod(TestInvoker.java:686)
at org.testng.internal.invokers.TestInvoker.invokeTestMethod(TestInvoker.java:230)
at org.testng.internal.invokers.MethodRunner.runInSequence(MethodRunner.java:63)
at org.testng.internal.invokers.TestInvoker$MethodInvocationAgent.invoke(TestInvoker.java:992)
at org.testng.internal.invokers.TestInvoker.invokeTestMethods(TestInvoker.java:203)
at org.testng.internal.invokers.TestMethodWorker.invokeTestMethods(TestMethodWorker.java:154)
at org.testng.internal.invokers.TestMethodWorker.run(TestMethodWorker.java:134)
at java.base/java.util.ArrayList.forEach(ArrayList.java:1541)
at org.testng.TestRunner.privateRun(TestRunner.java:739)
at org.testng.TestRunner.run(TestRunner.java:614)
at org.testng.SuiteRunner.runTest(SuiteRunner.java:421)
at org.testng.SuiteRunner.runSequentially(SuiteRunner.java:413)
at org.testng.SuiteRunner.privateRun(SuiteRunner.java:373)
at org.testng.SuiteRunner.run(SuiteRunner.java:312)
at org.testng.SuiteRunnerWorker.runSuite(SuiteRunnerWorker.java:52)
at org.testng.SuiteRunnerWorker.run(SuiteRunnerWorker.java:95)
at org.testng.TestNG.runSuitesSequentially(TestNG.java:1274)
at org.testng.TestNG.runSuitesLocally(TestNG.java:1208)
at org.testng.TestNG.runSuites(TestNG.java:1112)
at org.testng.TestNG.run(TestNG.java:1079)
at org.testng.remote.AbstractRemoteTestNG.run(AbstractRemoteTestNG.java:115)
at org.testng.remote.RemoteTestNG.initAndRun(RemoteTestNG.java:293)
at org.testng.remote.RemoteTestNG.main(RemoteTestNG.java:91)
]]>
    </failure>
  </testcase> <!-- getoutstandingDocuments_v_2 -->
  <testcase classname="Public.spaController" name="getheaderInfo_v_2" time="0.282"/>
  <testcase classname="Public.spaController" name="getspadetails_v_2" time="0.231"/>
  <testcase classname="Public.spaController" name="getspadocuments_v_2" time="0.258"/>
  <testcase classname="Public.spaController" name="putcalculatedocuments_v_2" time="0.174"/>
  <testcase classname="Public.spaController" name="getcalculatedocuments_v_2" time="0.2"/>
  <testcase classname="Public.spaController" name="getspaAccountBalances_v_2" time="0.267"/>
  <testcase classname="Public.spaControllerV3" name="getoutstandingDocuments_v_3" time="0.194">
    <failure type="java.lang.AssertionError" message="expected [{&amp;quot;OutstandingDocs&amp;quot;:[{&amp;quot;DocumentType&amp;quot;:&amp;quot;MISC&amp;quot;,&amp;quot;DocumentNumber&amp;quot;:&amp;quot;MISC00000000264&amp;quot;,&amp;quot;DueDate&amp;quot;:&amp;quot;1999-12-08&amp;quot;,&amp;quot;LocationId&amp;quot;:&amp;quot;WATER001&amp;quot;,&amp;quot;ServiceAddress&amp;quot;:&amp;quot;12 A Grafton st n APT 4&amp;quot;,&amp;quot;ServiceCategory&amp;quot;:{&amp;quot;Id&amp;quot;:0,&amp;quot;Description&amp;quot;:&amp;quot;&amp;quot;},&amp;quot;OutstandingAmount&amp;quot;:&amp;quot;46.00&amp;quot;}]}] but found [{&amp;quot;OutstandingDocs&amp;quot;:[{&amp;quot;DocumentType&amp;quot;:&amp;quot;MISC&amp;quot;,&amp;quot;DocumentNumber&amp;quot;:&amp;quot;MISC00000000264&amp;quot;,&amp;quot;DueDate&amp;quot;:&amp;quot;1999-12-08&amp;quot;,&amp;quot;LocationId&amp;quot;:&amp;quot;WATER001&amp;quot;,&amp;quot;ServiceAddress&amp;quot;:&amp;quot;12 A Grafton st n APT 4&amp;quot;,&amp;quot;ServiceCategory&amp;quot;:{&amp;quot;Id&amp;quot;:0,&amp;quot;Description&amp;quot;:&amp;quot;NONE&amp;quot;},&amp;quot;OutstandingAmount&amp;quot;:&amp;quot;46.00&amp;quot;}]}]">
      <![CDATA[java.lang.AssertionError: expected [{"OutstandingDocs":[{"DocumentType":"MISC","DocumentNumber":"MISC00000000264","DueDate":"1999-12-08","LocationId":"WATER001","ServiceAddress":"12 A Grafton st n APT 4","ServiceCategory":{"Id":0,"Description":""},"OutstandingAmount":"46.00"}]}] but found [{"OutstandingDocs":[{"DocumentType":"MISC","DocumentNumber":"MISC00000000264","DueDate":"1999-12-08","LocationId":"WATER001","ServiceAddress":"12 A Grafton st n APT 4","ServiceCategory":{"Id":0,"Description":"NONE"},"OutstandingAmount":"46.00"}]}]
at org.testng.Assert.fail(Assert.java:111)
at org.testng.Assert.failNotEquals(Assert.java:1578)
at org.testng.Assert.assertEqualsImpl(Assert.java:150)
at org.testng.Assert.assertEquals(Assert.java:132)
at org.testng.Assert.assertEquals(Assert.java:656)
at org.testng.Assert.assertEquals(Assert.java:666)
at com.NexustAPIAutomation.java.CommonMethods.getMethod(CommonMethods.java:706)
at Public.spaControllerV3.getoutstandingDocuments_v_3(spaControllerV3.java:32)
at java.base/jdk.internal.reflect.NativeMethodAccessorImpl.invoke0(Native Method)
at java.base/jdk.internal.reflect.NativeMethodAccessorImpl.invoke(NativeMethodAccessorImpl.java:62)
at java.base/jdk.internal.reflect.DelegatingMethodAccessorImpl.invoke(DelegatingMethodAccessorImpl.java:43)
at java.base/java.lang.reflect.Method.invoke(Method.java:566)
at org.testng.internal.invokers.MethodInvocationHelper.invokeMethod(MethodInvocationHelper.java:141)
at org.testng.internal.invokers.TestInvoker.invokeMethod(TestInvoker.java:686)
at org.testng.internal.invokers.TestInvoker.invokeTestMethod(TestInvoker.java:230)
at org.testng.internal.invokers.MethodRunner.runInSequence(MethodRunner.java:63)
at org.testng.internal.invokers.TestInvoker$MethodInvocationAgent.invoke(TestInvoker.java:992)
at org.testng.internal.invokers.TestInvoker.invokeTestMethods(TestInvoker.java:203)
at org.testng.internal.invokers.TestMethodWorker.invokeTestMethods(TestMethodWorker.java:154)
at org.testng.internal.invokers.TestMethodWorker.run(TestMethodWorker.java:134)
at java.base/java.util.ArrayList.forEach(ArrayList.java:1541)
at org.testng.TestRunner.privateRun(TestRunner.java:739)
at org.testng.TestRunner.run(TestRunner.java:614)
at org.testng.SuiteRunner.runTest(SuiteRunner.java:421)
at org.testng.SuiteRunner.runSequentially(SuiteRunner.java:413)
at org.testng.SuiteRunner.privateRun(SuiteRunner.java:373)
at org.testng.SuiteRunner.run(SuiteRunner.java:312)
at org.testng.SuiteRunnerWorker.runSuite(SuiteRunnerWorker.java:52)
at org.testng.SuiteRunnerWorker.run(SuiteRunnerWorker.java:95)
at org.testng.TestNG.runSuitesSequentially(TestNG.java:1274)
at org.testng.TestNG.runSuitesLocally(TestNG.java:1208)
at org.testng.TestNG.runSuites(TestNG.java:1112)
at org.testng.TestNG.run(TestNG.java:1079)
at org.testng.remote.AbstractRemoteTestNG.run(AbstractRemoteTestNG.java:115)
at org.testng.remote.RemoteTestNG.initAndRun(RemoteTestNG.java:293)
at org.testng.remote.RemoteTestNG.main(RemoteTestNG.java:91)
]]>
    </failure>
  </testcase> <!-- getoutstandingDocuments_v_3 -->
  <testcase classname="Public.spaControllerV3" name="getheaderInfo_v_3" time="0.182"/>
  <testcase classname="Public.spaControllerV3" name="getspadetails_v_3" time="0.188"/>
  <testcase classname="Public.spaControllerV3" name="getspadocuments_v_3" time="0.187"/>
  <testcase classname="Public.spaControllerV3" name="putcalculatedocuments_v_3" time="0.195"/>
  <testcase classname="Public.spaControllerV3" name="getcalculatedocuments_v_3" time="0.199"/>
  <testcase classname="Public.spaControllerV3" name="getspaAccountBalances_v_3" time="0.206"/>
  <testcase classname="Private.BaseClass" name="@BeforeSuite setupReport" time="0.0">
    <ignored/>
  </testcase> <!-- @BeforeSuite setupReport -->
  <testcase classname="Private.BaseClass" name="@BeforeSuite setupReport" time="0.0">
    <ignored/>
  </testcase> <!-- @BeforeSuite setupReport -->
  <testcase classname="Private.BaseClass" name="@AfterSuite tearDownReport" time="0.0">
    <ignored/>
  </testcase> <!-- @AfterSuite tearDownReport -->
  <testcase classname="Public.BaseClass" name="@AfterSuite flush" time="0.0">
    <ignored/>
  </testcase> <!-- @AfterSuite flush -->
  <testcase classname="Private.BaseClass" name="@BeforeSuite setupReport" time="0.0">
    <ignored/>
  </testcase> <!-- @BeforeSuite setupReport -->
  <testcase classname="Public.BaseClass" name="@AfterSuite flush" time="0.0">
    <ignored/>
  </testcase> <!-- @AfterSuite flush -->
  <testcase classname="Private.BaseClass" name="@AfterSuite tearDownReport" time="0.0">
    <ignored/>
  </testcase> <!-- @AfterSuite tearDownReport -->
  <testcase classname="Private.BaseClass" name="@AfterSuite tearDownReport" time="0.0">
    <ignored/>
  </testcase> <!-- @AfterSuite tearDownReport -->
  <testcase classname="Private.BaseClass" name="@BeforeSuite setupReport" time="0.0">
    <ignored/>
  </testcase> <!-- @BeforeSuite setupReport -->
  <testcase classname="Private.BaseClass" name="@AfterSuite tearDownReport" time="0.0">
    <ignored/>
  </testcase> <!-- @AfterSuite tearDownReport -->
  <testcase classname="Public.BaseClass" name="@BeforeSuite BeforeTest" time="0.0">
    <ignored/>
  </testcase> <!-- @BeforeSuite BeforeTest -->
  <testcase classname="Public.BaseClass" name="@BeforeSuite BeforeTest" time="0.0">
    <ignored/>
  </testcase> <!-- @BeforeSuite BeforeTest -->
  <testcase classname="Private.BaseClass" name="@AfterSuite tearDownReport" time="0.0">
    <ignored/>
  </testcase> <!-- @AfterSuite tearDownReport -->
  <testcase classname="Private.BaseClass" name="@BeforeSuite setupReport" time="0.0">
    <ignored/>
  </testcase> <!-- @BeforeSuite setupReport -->
</testsuite> <!-- Nexus API Automation -->
