<?xml version="1.0" encoding="UTF-8"?>
<!-- Generated by org.testng.reporters.JUnitXMLReporter -->
<testsuite ignored="14" hostname="DESKTOP-QU86F3Q" failures="7" tests="303" name="Nexus API Automation" time="679.039" errors="0" timestamp="2025-05-26T19:52:43 PKT">
  <testcase classname="apackage.FailedTests" name="getapplyByService_v4" time="5.8">
    <failure type="java.lang.AssertionError" message="expected [{&amp;quot;Batch&amp;quot;:[{&amp;quot;Id&amp;quot;:&amp;quot;___api_CR&amp;quot;,&amp;quot;Description&amp;quot;:&amp;quot;&amp;quot;,&amp;quot;HasTransaction&amp;quot;:true},{&amp;quot;Id&amp;quot;:&amp;quot;10001&amp;quot;,&amp;quot;Description&amp;quot;:&amp;quot;&amp;quot;,&amp;quot;HasTransaction&amp;quot;:true},{&amp;quot;Id&amp;quot;:&amp;quot;1001&amp;quot;,&amp;quot;Description&amp;quot;:&amp;quot;&amp;quot;,&amp;quot;HasTransaction&amp;quot;:true},{&amp;quot;Id&amp;quot;:&amp;quot;100111&amp;quot;,&amp;quot;Description&amp;quot;:&amp;quot;&amp;quot;,&amp;quot;HasTransaction&amp;quot;:true},{&amp;quot;Id&amp;quot;:&amp;quot;10111&amp;quot;,&amp;quot;Description&amp;quot;:&amp;quot;&amp;quot;,&amp;quot;HasTransaction&amp;quot;:false},{&amp;quot;Id&amp;quot;:&amp;quot;109090ABC&amp;quot;,&amp;quot;Description&amp;quot;:&amp;quot;&amp;quot;,&amp;quot;HasTransaction&amp;quot;:true},{&amp;quot;Id&amp;quot;:&amp;quot;12312312&amp;quot;,&amp;quot;Description&amp;quot;:&amp;quot;&amp;quot;,&amp;quot;HasTransaction&amp;quot;:true},{&amp;quot;Id&amp;quot;:&amp;quot;12345&amp;quot;,&amp;quot;Description&amp;quot;:&amp;quot;&amp;quot;,&amp;quot;HasTransaction&amp;quot;:false},{&amp;quot;Id&amp;quot;:&amp;quot;ABC10001&amp;quot;,&amp;quot;Description&amp;quot;:&amp;quot;&amp;quot;,&amp;quot;HasTransaction&amp;quot;:true},{&amp;quot;Id&amp;quot;:&amp;quot;ABC1213&amp;quot;,&amp;quot;Description&amp;quot;:&amp;quot;&amp;quot;,&amp;quot;HasTransaction&amp;quot;:true},{&amp;quot;Id&amp;quot;:&amp;quot;API 20190430&amp;quot;,&amp;quot;Description&amp;quot;:&amp;quot;Payments from Web Service - API&amp;quot;,&amp;quot;HasTransaction&amp;quot;:true},{&amp;quot;Id&amp;quot;:&amp;quot;API 20190503&amp;quot;,&amp;quot;Description&amp;quot;:&amp;quot;Payments from Web Service - API&amp;quot;,&amp;quot;HasTransaction&amp;quot;:true},{&amp;quot;Id&amp;quot;:&amp;quot;API20250525001&amp;quot;,&amp;quot;Description&amp;quot;:&amp;quot;Payments from Nexus Api - API&amp;quot;,&amp;quot;HasTransaction&amp;quot;:true},{&amp;quot;Id&amp;quot;:&amp;quot;API5262025&amp;quot;,&amp;quot;Description&amp;quot;:&amp;quot;&amp;quot;,&amp;quot;HasTransaction&amp;quot;:true},{&amp;quot;Id&amp;quot;:&amp;quot;auto&amp;quot;,&amp;quot;Description&amp;quot;:&amp;quot;API Misc Charge&amp;quot;,&amp;quot;HasTransaction&amp;quot;:true},{&amp;quot;Id&amp;quot;:&amp;quot;BAT012301203&amp;quot;,&amp;quot;Description&amp;quot;:&amp;quot;&amp;quot;,&amp;quot;HasTransaction&amp;quot;:true},{&amp;quot;Id&amp;quot;:&amp;quot;BAT1&amp;quot;,&amp;quot;Description&amp;quot;:&amp;quot;&amp;quot;,&amp;quot;HasTransaction&amp;quot;:true},{&amp;quot;Id&amp;quot;:&amp;quot;BAT10123123&amp;quot;,&amp;quot;Description&amp;quot;:&amp;quot;&amp;quot;,&amp;quot;HasTransaction&amp;quot;:false},{&amp;quot;Id&amp;quot;:&amp;quot;BATCHPOSTTRANS&amp;quot;,&amp;quot;Description&amp;quot;:&amp;quot;&amp;quot;,&amp;quot;HasTransaction&amp;quot;:false},{&amp;quot;Id&amp;quot;:&amp;quot;BATCHTEST01&amp;quot;,&amp;quot;Description&amp;quot;:&amp;quot;&amp;quot;,&amp;quot;HasTransaction&amp;quot;:false},{&amp;quot;Id&amp;quot;:&amp;quot;CHEQ1&amp;quot;,&amp;quot;Description&amp;quot;:&amp;quot;&amp;quot;,&amp;quot;HasTransaction&amp;quot;:false},{&amp;quot;Id&amp;quot;:&amp;quot;CHK041227sa01&amp;quot;,&amp;quot;Description&amp;quot;:&amp;quot;CHEQUE&amp;quot;,&amp;quot;HasTransaction&amp;quot;:false},{&amp;quot;Id&amp;quot;:&amp;quot;DPP041227sa01&amp;quot;,&amp;quot;Description&amp;quot;:&amp;quot;PYMT&amp;quot;,&amp;quot;HasTransaction&amp;quot;:true},{&amp;quot;Id&amp;quot;:&amp;quot;FINALBILL&amp;quot;,&amp;quot;Description&amp;quot;:&amp;quot;&amp;quot;,&amp;quot;HasTransaction&amp;quot;:true},{&amp;quot;Id&amp;quot;:&amp;quot;INT4\/12\/2027&amp;quot;,&amp;quot;Description&amp;quot;:&amp;quot;&amp;quot;,&amp;quot;HasTransaction&amp;quot;:false},{&amp;quot;Id&amp;quot;:&amp;quot;INT4\/30\/2025&amp;quot;,&amp;quot;Description&amp;quot;:&amp;quot;&amp;quot;,&amp;quot;HasTransaction&amp;quot;:false},{&amp;quot;Id&amp;quot;:&amp;quot;MG2024&amp;quot;,&amp;quot;Description&amp;quot;:&amp;quot;&amp;quot;,&amp;quot;HasTransaction&amp;quot;:true},{&amp;quot;Id&amp;quot;:&amp;quot;MG2024DM001&amp;quot;,&amp;quot;Description&amp;quot;:&amp;quot;MISC&amp;quot;,&amp;quot;HasTransaction&amp;quot;:true},{&amp;quot;Id&amp;quot;:&amp;quot;MISC10001&amp;quot;,&amp;quot;Description&amp;quot;:&amp;quot;&amp;quot;,&amp;quot;HasTransaction&amp;quot;:false},{&amp;quot;Id&amp;quot;:&amp;quot;MR052625sa01&amp;quot;,&amp;quot;Description&amp;quot;:&amp;quot;API Meter Read&amp;quot;,&amp;quot;HasTransaction&amp;quot;:true},{&amp;quot;Id&amp;quot;:&amp;quot;NADMC2022093001&amp;quot;,&amp;quot;Description&amp;quot;:&amp;quot;API Deposit Misc Charge&amp;quot;,&amp;quot;HasTransaction&amp;quot;:true},{&amp;quot;Id&amp;quot;:&amp;quot;RM(3)120427&amp;quot;,&amp;quot;Description&amp;quot;:&amp;quot;&amp;quot;,&amp;quot;HasTransaction&amp;quot;:true},{&amp;quot;Id&amp;quot;:&amp;quot;Test Batch&amp;quot;,&amp;quot;Description&amp;quot;:&amp;quot;&amp;quot;,&amp;quot;HasTransaction&amp;quot;:false},{&amp;quot;Id&amp;quot;:&amp;quot;Test Batch 2025&amp;quot;,&amp;quot;Description&amp;quot;:&amp;quot;Example Comment&amp;quot;,&amp;quot;HasTransaction&amp;quot;:false},{&amp;quot;Id&amp;quot;:&amp;quot;WO101619CRP001&amp;quot;,&amp;quot;Description&amp;quot;:&amp;quot;Write Off - sa&amp;quot;,&amp;quot;HasTransaction&amp;quot;:true},{&amp;quot;Id&amp;quot;:&amp;quot;WRITEOFF01&amp;quot;,&amp;quot;Description&amp;quot;:&amp;quot;&amp;quot;,&amp;quot;HasTransaction&amp;quot;:true}]}] but found [{&amp;quot;Batch&amp;quot;:[{&amp;quot;Id&amp;quot;:&amp;quot;10001&amp;quot;,&amp;quot;Description&amp;quot;:&amp;quot;&amp;quot;,&amp;quot;HasTransaction&amp;quot;:true},{&amp;quot;Id&amp;quot;:&amp;quot;1001&amp;quot;,&amp;quot;Description&amp;quot;:&amp;quot;&amp;quot;,&amp;quot;HasTransaction&amp;quot;:true},{&amp;quot;Id&amp;quot;:&amp;quot;100111&amp;quot;,&amp;quot;Description&amp;quot;:&amp;quot;&amp;quot;,&amp;quot;HasTransaction&amp;quot;:true},{&amp;quot;Id&amp;quot;:&amp;quot;10111&amp;quot;,&amp;quot;Description&amp;quot;:&amp;quot;&amp;quot;,&amp;quot;HasTransaction&amp;quot;:false},{&amp;quot;Id&amp;quot;:&amp;quot;109090ABC&amp;quot;,&amp;quot;Description&amp;quot;:&amp;quot;&amp;quot;,&amp;quot;HasTransaction&amp;quot;:true},{&amp;quot;Id&amp;quot;:&amp;quot;12312312&amp;quot;,&amp;quot;Description&amp;quot;:&amp;quot;&amp;quot;,&amp;quot;HasTransaction&amp;quot;:true},{&amp;quot;Id&amp;quot;:&amp;quot;12345&amp;quot;,&amp;quot;Description&amp;quot;:&amp;quot;&amp;quot;,&amp;quot;HasTransaction&amp;quot;:false},{&amp;quot;Id&amp;quot;:&amp;quot;ABC10001&amp;quot;,&amp;quot;Description&amp;quot;:&amp;quot;&amp;quot;,&amp;quot;HasTransaction&amp;quot;:true},{&amp;quot;Id&amp;quot;:&amp;quot;ABC1213&amp;quot;,&amp;quot;Description&amp;quot;:&amp;quot;&amp;quot;,&amp;quot;HasTransaction&amp;quot;:true},{&amp;quot;Id&amp;quot;:&amp;quot;API 20190430&amp;quot;,&amp;quot;Description&amp;quot;:&amp;quot;Payments from Web Service - API&amp;quot;,&amp;quot;HasTransaction&amp;quot;:true},{&amp;quot;Id&amp;quot;:&amp;quot;API 20190503&amp;quot;,&amp;quot;Description&amp;quot;:&amp;quot;Payments from Web Service - API&amp;quot;,&amp;quot;HasTransaction&amp;quot;:true},{&amp;quot;Id&amp;quot;:&amp;quot;API20220908001&amp;quot;,&amp;quot;Description&amp;quot;:&amp;quot;Payments from Nexus Api - API&amp;quot;,&amp;quot;HasTransaction&amp;quot;:true},{&amp;quot;Id&amp;quot;:&amp;quot;API20220929001&amp;quot;,&amp;quot;Description&amp;quot;:&amp;quot;Payments from Nexus Api - API&amp;quot;,&amp;quot;HasTransaction&amp;quot;:true},{&amp;quot;Id&amp;quot;:&amp;quot;BAT012301203&amp;quot;,&amp;quot;Description&amp;quot;:&amp;quot;&amp;quot;,&amp;quot;HasTransaction&amp;quot;:true},{&amp;quot;Id&amp;quot;:&amp;quot;BAT1&amp;quot;,&amp;quot;Description&amp;quot;:&amp;quot;&amp;quot;,&amp;quot;HasTransaction&amp;quot;:true},{&amp;quot;Id&amp;quot;:&amp;quot;BAT10123123&amp;quot;,&amp;quot;Description&amp;quot;:&amp;quot;&amp;quot;,&amp;quot;HasTransaction&amp;quot;:false},{&amp;quot;Id&amp;quot;:&amp;quot;BATCH2025&amp;quot;,&amp;quot;Description&amp;quot;:&amp;quot;&amp;quot;,&amp;quot;HasTransaction&amp;quot;:true},{&amp;quot;Id&amp;quot;:&amp;quot;BATCHPOSTTRANS&amp;quot;,&amp;quot;Description&amp;quot;:&amp;quot;&amp;quot;,&amp;quot;HasTransaction&amp;quot;:false},{&amp;quot;Id&amp;quot;:&amp;quot;BATCHTEST01&amp;quot;,&amp;quot;Description&amp;quot;:&amp;quot;&amp;quot;,&amp;quot;HasTransaction&amp;quot;:false},{&amp;quot;Id&amp;quot;:&amp;quot;CHEQ1&amp;quot;,&amp;quot;Description&amp;quot;:&amp;quot;&amp;quot;,&amp;quot;HasTransaction&amp;quot;:false},{&amp;quot;Id&amp;quot;:&amp;quot;CHK041227sa01&amp;quot;,&amp;quot;Description&amp;quot;:&amp;quot;CHEQUE&amp;quot;,&amp;quot;HasTransaction&amp;quot;:false},{&amp;quot;Id&amp;quot;:&amp;quot;CHK043025sa01&amp;quot;,&amp;quot;Description&amp;quot;:&amp;quot;CHEQUE&amp;quot;,&amp;quot;HasTransaction&amp;quot;:false},{&amp;quot;Id&amp;quot;:&amp;quot;DPP041227sa01&amp;quot;,&amp;quot;Description&amp;quot;:&amp;quot;PYMT&amp;quot;,&amp;quot;HasTransaction&amp;quot;:true},{&amp;quot;Id&amp;quot;:&amp;quot;FINALBILL&amp;quot;,&amp;quot;Description&amp;quot;:&amp;quot;&amp;quot;,&amp;quot;HasTransaction&amp;quot;:true},{&amp;quot;Id&amp;quot;:&amp;quot;INT4\/12\/2027&amp;quot;,&amp;quot;Description&amp;quot;:&amp;quot;&amp;quot;,&amp;quot;HasTransaction&amp;quot;:false},{&amp;quot;Id&amp;quot;:&amp;quot;INT4\/30\/2025&amp;quot;,&amp;quot;Description&amp;quot;:&amp;quot;&amp;quot;,&amp;quot;HasTransaction&amp;quot;:false},{&amp;quot;Id&amp;quot;:&amp;quot;MG2024&amp;quot;,&amp;quot;Description&amp;quot;:&amp;quot;&amp;quot;,&amp;quot;HasTransaction&amp;quot;:true},{&amp;quot;Id&amp;quot;:&amp;quot;MG2024DM001&amp;quot;,&amp;quot;Description&amp;quot;:&amp;quot;MISC&amp;quot;,&amp;quot;HasTransaction&amp;quot;:true},{&amp;quot;Id&amp;quot;:&amp;quot;MISC10001&amp;quot;,&amp;quot;Description&amp;quot;:&amp;quot;&amp;quot;,&amp;quot;HasTransaction&amp;quot;:false},{&amp;quot;Id&amp;quot;:&amp;quot;NADMC2022093001&amp;quot;,&amp;quot;Description&amp;quot;:&amp;quot;API Deposit Misc Charge&amp;quot;,&amp;quot;HasTransaction&amp;quot;:true},{&amp;quot;Id&amp;quot;:&amp;quot;RM(3)120427&amp;quot;,&amp;quot;Description&amp;quot;:&amp;quot;&amp;quot;,&amp;quot;HasTransaction&amp;quot;:true},{&amp;quot;Id&amp;quot;:&amp;quot;TEST109&amp;quot;,&amp;quot;Description&amp;quot;:&amp;quot;&amp;quot;,&amp;quot;HasTransaction&amp;quot;:true},{&amp;quot;Id&amp;quot;:&amp;quot;WO101619CRP001&amp;quot;,&amp;quot;Description&amp;quot;:&amp;quot;Write Off - sa&amp;quot;,&amp;quot;HasTransaction&amp;quot;:true},{&amp;quot;Id&amp;quot;:&amp;quot;WRITEOFF01&amp;quot;,&amp;quot;Description&amp;quot;:&amp;quot;&amp;quot;,&amp;quot;HasTransaction&amp;quot;:true}]}]">
      <![CDATA[java.lang.AssertionError: expected [{"Batch":[{"Id":"___api_CR","Description":"","HasTransaction":true},{"Id":"10001","Description":"","HasTransaction":true},{"Id":"1001","Description":"","HasTransaction":true},{"Id":"100111","Description":"","HasTransaction":true},{"Id":"10111","Description":"","HasTransaction":false},{"Id":"109090ABC","Description":"","HasTransaction":true},{"Id":"12312312","Description":"","HasTransaction":true},{"Id":"12345","Description":"","HasTransaction":false},{"Id":"ABC10001","Description":"","HasTransaction":true},{"Id":"ABC1213","Description":"","HasTransaction":true},{"Id":"API 20190430","Description":"Payments from Web Service - API","HasTransaction":true},{"Id":"API 20190503","Description":"Payments from Web Service - API","HasTransaction":true},{"Id":"API20250525001","Description":"Payments from Nexus Api - API","HasTransaction":true},{"Id":"API5262025","Description":"","HasTransaction":true},{"Id":"auto","Description":"API Misc Charge","HasTransaction":true},{"Id":"BAT012301203","Description":"","HasTransaction":true},{"Id":"BAT1","Description":"","HasTransaction":true},{"Id":"BAT10123123","Description":"","HasTransaction":false},{"Id":"BATCHPOSTTRANS","Description":"","HasTransaction":false},{"Id":"BATCHTEST01","Description":"","HasTransaction":false},{"Id":"CHEQ1","Description":"","HasTransaction":false},{"Id":"CHK041227sa01","Description":"CHEQUE","HasTransaction":false},{"Id":"DPP041227sa01","Description":"PYMT","HasTransaction":true},{"Id":"FINALBILL","Description":"","HasTransaction":true},{"Id":"INT4\/12\/2027","Description":"","HasTransaction":false},{"Id":"INT4\/30\/2025","Description":"","HasTransaction":false},{"Id":"MG2024","Description":"","HasTransaction":true},{"Id":"MG2024DM001","Description":"MISC","HasTransaction":true},{"Id":"MISC10001","Description":"","HasTransaction":false},{"Id":"MR052625sa01","Description":"API Meter Read","HasTransaction":true},{"Id":"NADMC2022093001","Description":"API Deposit Misc Charge","HasTransaction":true},{"Id":"RM(3)120427","Description":"","HasTransaction":true},{"Id":"Test Batch","Description":"","HasTransaction":false},{"Id":"Test Batch 2025","Description":"Example Comment","HasTransaction":false},{"Id":"WO101619CRP001","Description":"Write Off - sa","HasTransaction":true},{"Id":"WRITEOFF01","Description":"","HasTransaction":true}]}] but found [{"Batch":[{"Id":"10001","Description":"","HasTransaction":true},{"Id":"1001","Description":"","HasTransaction":true},{"Id":"100111","Description":"","HasTransaction":true},{"Id":"10111","Description":"","HasTransaction":false},{"Id":"109090ABC","Description":"","HasTransaction":true},{"Id":"12312312","Description":"","HasTransaction":true},{"Id":"12345","Description":"","HasTransaction":false},{"Id":"ABC10001","Description":"","HasTransaction":true},{"Id":"ABC1213","Description":"","HasTransaction":true},{"Id":"API 20190430","Description":"Payments from Web Service - API","HasTransaction":true},{"Id":"API 20190503","Description":"Payments from Web Service - API","HasTransaction":true},{"Id":"API20220908001","Description":"Payments from Nexus Api - API","HasTransaction":true},{"Id":"API20220929001","Description":"Payments from Nexus Api - API","HasTransaction":true},{"Id":"BAT012301203","Description":"","HasTransaction":true},{"Id":"BAT1","Description":"","HasTransaction":true},{"Id":"BAT10123123","Description":"","HasTransaction":false},{"Id":"BATCH2025","Description":"","HasTransaction":true},{"Id":"BATCHPOSTTRANS","Description":"","HasTransaction":false},{"Id":"BATCHTEST01","Description":"","HasTransaction":false},{"Id":"CHEQ1","Description":"","HasTransaction":false},{"Id":"CHK041227sa01","Description":"CHEQUE","HasTransaction":false},{"Id":"CHK043025sa01","Description":"CHEQUE","HasTransaction":false},{"Id":"DPP041227sa01","Description":"PYMT","HasTransaction":true},{"Id":"FINALBILL","Description":"","HasTransaction":true},{"Id":"INT4\/12\/2027","Description":"","HasTransaction":false},{"Id":"INT4\/30\/2025","Description":"","HasTransaction":false},{"Id":"MG2024","Description":"","HasTransaction":true},{"Id":"MG2024DM001","Description":"MISC","HasTransaction":true},{"Id":"MISC10001","Description":"","HasTransaction":false},{"Id":"NADMC2022093001","Description":"API Deposit Misc Charge","HasTransaction":true},{"Id":"RM(3)120427","Description":"","HasTransaction":true},{"Id":"TEST109","Description":"","HasTransaction":true},{"Id":"WO101619CRP001","Description":"Write Off - sa","HasTransaction":true},{"Id":"WRITEOFF01","Description":"","HasTransaction":true}]}]
at org.testng.Assert.fail(Assert.java:111)
at org.testng.Assert.failNotEquals(Assert.java:1578)
at org.testng.Assert.assertEqualsImpl(Assert.java:150)
at org.testng.Assert.assertEquals(Assert.java:132)
at org.testng.Assert.assertEquals(Assert.java:656)
at org.testng.Assert.assertEquals(Assert.java:666)
at apackage.FailedTests.getapplyByService_v4(FailedTests.java:24)
at java.base/jdk.internal.reflect.NativeMethodAccessorImpl.invoke0(Native Method)
at java.base/jdk.internal.reflect.NativeMethodAccessorImpl.invoke(NativeMethodAccessorImpl.java:62)
at java.base/jdk.internal.reflect.DelegatingMethodAccessorImpl.invoke(DelegatingMethodAccessorImpl.java:43)
at java.base/java.lang.reflect.Method.invoke(Method.java:566)
at org.testng.internal.invokers.MethodInvocationHelper.invokeMethod(MethodInvocationHelper.java:141)
at org.testng.internal.invokers.TestInvoker.invokeMethod(TestInvoker.java:686)
at org.testng.internal.invokers.TestInvoker.invokeTestMethod(TestInvoker.java:230)
at org.testng.internal.invokers.MethodRunner.runInSequence(MethodRunner.java:63)
at org.testng.internal.invokers.TestInvoker$MethodInvocationAgent.invoke(TestInvoker.java:992)
at org.testng.internal.invokers.TestInvoker.invokeTestMethods(TestInvoker.java:203)
at org.testng.internal.invokers.TestMethodWorker.invokeTestMethods(TestMethodWorker.java:154)
at org.testng.internal.invokers.TestMethodWorker.run(TestMethodWorker.java:134)
at java.base/java.util.ArrayList.forEach(ArrayList.java:1541)
at org.testng.TestRunner.privateRun(TestRunner.java:739)
at org.testng.TestRunner.run(TestRunner.java:614)
at org.testng.SuiteRunner.runTest(SuiteRunner.java:421)
at org.testng.SuiteRunner.runSequentially(SuiteRunner.java:413)
at org.testng.SuiteRunner.privateRun(SuiteRunner.java:373)
at org.testng.SuiteRunner.run(SuiteRunner.java:312)
at org.testng.SuiteRunnerWorker.runSuite(SuiteRunnerWorker.java:52)
at org.testng.SuiteRunnerWorker.run(SuiteRunnerWorker.java:95)
at org.testng.TestNG.runSuitesSequentially(TestNG.java:1274)
at org.testng.TestNG.runSuitesLocally(TestNG.java:1208)
at org.testng.TestNG.runSuites(TestNG.java:1112)
at org.testng.TestNG.run(TestNG.java:1079)
at org.testng.remote.AbstractRemoteTestNG.run(AbstractRemoteTestNG.java:115)
at org.testng.remote.RemoteTestNG.initAndRun(RemoteTestNG.java:293)
at org.testng.remote.RemoteTestNG.main(RemoteTestNG.java:91)
]]>
    </failure>
  </testcase> <!-- getapplyByService_v4 -->
  <testcase classname="apackage.FailedTests" name="lookupPaymentDocuments" time="0.739">
    <failure type="java.lang.AssertionError" message="expected [{&amp;quot;Payment&amp;quot;:[{&amp;quot;DocumentNumber&amp;quot;:&amp;quot;PYMT00000000505&amp;quot;,&amp;quot;BatchId&amp;quot;:&amp;quot;WO101619CRP001&amp;quot;,&amp;quot;LocationId&amp;quot;:&amp;quot;100002&amp;quot;,&amp;quot;CustomerId&amp;quot;:&amp;quot;500002&amp;quot;,&amp;quot;PaymentDate&amp;quot;:&amp;quot;2027-04-12T00:00:00&amp;quot;,&amp;quot;PaymentTypeDesc&amp;quot;:&amp;quot;CreditMemo&amp;quot;},{&amp;quot;DocumentNumber&amp;quot;:&amp;quot;PYMT00000000529&amp;quot;,&amp;quot;BatchId&amp;quot;:&amp;quot;WRITEOFF01&amp;quot;,&amp;quot;LocationId&amp;quot;:&amp;quot;LOCATION004&amp;quot;,&amp;quot;CustomerId&amp;quot;:&amp;quot;MASTER001&amp;quot;,&amp;quot;PaymentDate&amp;quot;:&amp;quot;2027-04-12T00:00:00&amp;quot;,&amp;quot;PaymentTypeDesc&amp;quot;:&amp;quot;CreditMemo&amp;quot;},{&amp;quot;DocumentNumber&amp;quot;:&amp;quot;PYMT00000000532&amp;quot;,&amp;quot;BatchId&amp;quot;:&amp;quot;WRITEOFF01&amp;quot;,&amp;quot;LocationId&amp;quot;:&amp;quot;LOCATION004&amp;quot;,&amp;quot;CustomerId&amp;quot;:&amp;quot;MASTER001&amp;quot;,&amp;quot;PaymentDate&amp;quot;:&amp;quot;2027-04-12T00:00:00&amp;quot;,&amp;quot;PaymentTypeDesc&amp;quot;:&amp;quot;CreditMemo&amp;quot;},{&amp;quot;DocumentNumber&amp;quot;:&amp;quot;PYMT00000000534&amp;quot;,&amp;quot;BatchId&amp;quot;:&amp;quot;WRITEOFF01&amp;quot;,&amp;quot;LocationId&amp;quot;:&amp;quot;LOCATION004&amp;quot;,&amp;quot;CustomerId&amp;quot;:&amp;quot;MASTER001&amp;quot;,&amp;quot;PaymentDate&amp;quot;:&amp;quot;2027-04-12T00:00:00&amp;quot;,&amp;quot;PaymentTypeDesc&amp;quot;:&amp;quot;CreditMemo&amp;quot;},{&amp;quot;DocumentNumber&amp;quot;:&amp;quot;PYMT00000000535&amp;quot;,&amp;quot;BatchId&amp;quot;:&amp;quot;WRITEOFF01&amp;quot;,&amp;quot;LocationId&amp;quot;:&amp;quot;LOCATION001&amp;quot;,&amp;quot;CustomerId&amp;quot;:&amp;quot;MASTER001&amp;quot;,&amp;quot;PaymentDate&amp;quot;:&amp;quot;2027-04-12T00:00:00&amp;quot;,&amp;quot;PaymentTypeDesc&amp;quot;:&amp;quot;CreditMemo&amp;quot;},{&amp;quot;DocumentNumber&amp;quot;:&amp;quot;PYMT00000000537&amp;quot;,&amp;quot;BatchId&amp;quot;:&amp;quot;WRITEOFF01&amp;quot;,&amp;quot;LocationId&amp;quot;:&amp;quot;LOCATION004&amp;quot;,&amp;quot;CustomerId&amp;quot;:&amp;quot;MASTER001&amp;quot;,&amp;quot;PaymentDate&amp;quot;:&amp;quot;2027-04-12T00:00:00&amp;quot;,&amp;quot;PaymentTypeDesc&amp;quot;:&amp;quot;CreditMemo&amp;quot;},{&amp;quot;DocumentNumber&amp;quot;:&amp;quot;PYMT00000000541&amp;quot;,&amp;quot;BatchId&amp;quot;:&amp;quot;___api_CR&amp;quot;,&amp;quot;LocationId&amp;quot;:&amp;quot;BUDGETLOC02&amp;quot;,&amp;quot;CustomerId&amp;quot;:&amp;quot;03332301204&amp;quot;,&amp;quot;PaymentDate&amp;quot;:&amp;quot;2020-01-15T00:00:00&amp;quot;,&amp;quot;PaymentTypeDesc&amp;quot;:&amp;quot;CreditMemo&amp;quot;}]}] but found [{&amp;quot;Payment&amp;quot;:[{&amp;quot;DocumentNumber&amp;quot;:&amp;quot;PYMT00000000505&amp;quot;,&amp;quot;BatchId&amp;quot;:&amp;quot;WO101619CRP001&amp;quot;,&amp;quot;LocationId&amp;quot;:&amp;quot;100002&amp;quot;,&amp;quot;CustomerId&amp;quot;:&amp;quot;500002&amp;quot;,&amp;quot;PaymentDate&amp;quot;:&amp;quot;2027-04-12T00:00:00&amp;quot;,&amp;quot;PaymentTypeDesc&amp;quot;:&amp;quot;CreditMemo&amp;quot;},{&amp;quot;DocumentNumber&amp;quot;:&amp;quot;PYMT00000000529&amp;quot;,&amp;quot;BatchId&amp;quot;:&amp;quot;WRITEOFF01&amp;quot;,&amp;quot;LocationId&amp;quot;:&amp;quot;LOCATION004&amp;quot;,&amp;quot;CustomerId&amp;quot;:&amp;quot;MASTER001&amp;quot;,&amp;quot;PaymentDate&amp;quot;:&amp;quot;2027-04-12T00:00:00&amp;quot;,&amp;quot;PaymentTypeDesc&amp;quot;:&amp;quot;CreditMemo&amp;quot;},{&amp;quot;DocumentNumber&amp;quot;:&amp;quot;PYMT00000000532&amp;quot;,&amp;quot;BatchId&amp;quot;:&amp;quot;WRITEOFF01&amp;quot;,&amp;quot;LocationId&amp;quot;:&amp;quot;LOCATION004&amp;quot;,&amp;quot;CustomerId&amp;quot;:&amp;quot;MASTER001&amp;quot;,&amp;quot;PaymentDate&amp;quot;:&amp;quot;2027-04-12T00:00:00&amp;quot;,&amp;quot;PaymentTypeDesc&amp;quot;:&amp;quot;CreditMemo&amp;quot;},{&amp;quot;DocumentNumber&amp;quot;:&amp;quot;PYMT00000000534&amp;quot;,&amp;quot;BatchId&amp;quot;:&amp;quot;WRITEOFF01&amp;quot;,&amp;quot;LocationId&amp;quot;:&amp;quot;LOCATION004&amp;quot;,&amp;quot;CustomerId&amp;quot;:&amp;quot;MASTER001&amp;quot;,&amp;quot;PaymentDate&amp;quot;:&amp;quot;2027-04-12T00:00:00&amp;quot;,&amp;quot;PaymentTypeDesc&amp;quot;:&amp;quot;CreditMemo&amp;quot;},{&amp;quot;DocumentNumber&amp;quot;:&amp;quot;PYMT00000000535&amp;quot;,&amp;quot;BatchId&amp;quot;:&amp;quot;WRITEOFF01&amp;quot;,&amp;quot;LocationId&amp;quot;:&amp;quot;LOCATION001&amp;quot;,&amp;quot;CustomerId&amp;quot;:&amp;quot;MASTER001&amp;quot;,&amp;quot;PaymentDate&amp;quot;:&amp;quot;2027-04-12T00:00:00&amp;quot;,&amp;quot;PaymentTypeDesc&amp;quot;:&amp;quot;CreditMemo&amp;quot;},{&amp;quot;DocumentNumber&amp;quot;:&amp;quot;PYMT00000000537&amp;quot;,&amp;quot;BatchId&amp;quot;:&amp;quot;WRITEOFF01&amp;quot;,&amp;quot;LocationId&amp;quot;:&amp;quot;LOCATION004&amp;quot;,&amp;quot;CustomerId&amp;quot;:&amp;quot;MASTER001&amp;quot;,&amp;quot;PaymentDate&amp;quot;:&amp;quot;2027-04-12T00:00:00&amp;quot;,&amp;quot;PaymentTypeDesc&amp;quot;:&amp;quot;CreditMemo&amp;quot;}]}]">
      <![CDATA[java.lang.AssertionError: expected [{"Payment":[{"DocumentNumber":"PYMT00000000505","BatchId":"WO101619CRP001","LocationId":"100002","CustomerId":"500002","PaymentDate":"2027-04-12T00:00:00","PaymentTypeDesc":"CreditMemo"},{"DocumentNumber":"PYMT00000000529","BatchId":"WRITEOFF01","LocationId":"LOCATION004","CustomerId":"MASTER001","PaymentDate":"2027-04-12T00:00:00","PaymentTypeDesc":"CreditMemo"},{"DocumentNumber":"PYMT00000000532","BatchId":"WRITEOFF01","LocationId":"LOCATION004","CustomerId":"MASTER001","PaymentDate":"2027-04-12T00:00:00","PaymentTypeDesc":"CreditMemo"},{"DocumentNumber":"PYMT00000000534","BatchId":"WRITEOFF01","LocationId":"LOCATION004","CustomerId":"MASTER001","PaymentDate":"2027-04-12T00:00:00","PaymentTypeDesc":"CreditMemo"},{"DocumentNumber":"PYMT00000000535","BatchId":"WRITEOFF01","LocationId":"LOCATION001","CustomerId":"MASTER001","PaymentDate":"2027-04-12T00:00:00","PaymentTypeDesc":"CreditMemo"},{"DocumentNumber":"PYMT00000000537","BatchId":"WRITEOFF01","LocationId":"LOCATION004","CustomerId":"MASTER001","PaymentDate":"2027-04-12T00:00:00","PaymentTypeDesc":"CreditMemo"},{"DocumentNumber":"PYMT00000000541","BatchId":"___api_CR","LocationId":"BUDGETLOC02","CustomerId":"03332301204","PaymentDate":"2020-01-15T00:00:00","PaymentTypeDesc":"CreditMemo"}]}] but found [{"Payment":[{"DocumentNumber":"PYMT00000000505","BatchId":"WO101619CRP001","LocationId":"100002","CustomerId":"500002","PaymentDate":"2027-04-12T00:00:00","PaymentTypeDesc":"CreditMemo"},{"DocumentNumber":"PYMT00000000529","BatchId":"WRITEOFF01","LocationId":"LOCATION004","CustomerId":"MASTER001","PaymentDate":"2027-04-12T00:00:00","PaymentTypeDesc":"CreditMemo"},{"DocumentNumber":"PYMT00000000532","BatchId":"WRITEOFF01","LocationId":"LOCATION004","CustomerId":"MASTER001","PaymentDate":"2027-04-12T00:00:00","PaymentTypeDesc":"CreditMemo"},{"DocumentNumber":"PYMT00000000534","BatchId":"WRITEOFF01","LocationId":"LOCATION004","CustomerId":"MASTER001","PaymentDate":"2027-04-12T00:00:00","PaymentTypeDesc":"CreditMemo"},{"DocumentNumber":"PYMT00000000535","BatchId":"WRITEOFF01","LocationId":"LOCATION001","CustomerId":"MASTER001","PaymentDate":"2027-04-12T00:00:00","PaymentTypeDesc":"CreditMemo"},{"DocumentNumber":"PYMT00000000537","BatchId":"WRITEOFF01","LocationId":"LOCATION004","CustomerId":"MASTER001","PaymentDate":"2027-04-12T00:00:00","PaymentTypeDesc":"CreditMemo"}]}]
at org.testng.Assert.fail(Assert.java:111)
at org.testng.Assert.failNotEquals(Assert.java:1578)
at org.testng.Assert.assertEqualsImpl(Assert.java:150)
at org.testng.Assert.assertEquals(Assert.java:132)
at org.testng.Assert.assertEquals(Assert.java:656)
at org.testng.Assert.assertEquals(Assert.java:666)
at apackage.FailedTests.lookupPaymentDocuments(FailedTests.java:43)
at java.base/jdk.internal.reflect.NativeMethodAccessorImpl.invoke0(Native Method)
at java.base/jdk.internal.reflect.NativeMethodAccessorImpl.invoke(NativeMethodAccessorImpl.java:62)
at java.base/jdk.internal.reflect.DelegatingMethodAccessorImpl.invoke(DelegatingMethodAccessorImpl.java:43)
at java.base/java.lang.reflect.Method.invoke(Method.java:566)
at org.testng.internal.invokers.MethodInvocationHelper.invokeMethod(MethodInvocationHelper.java:141)
at org.testng.internal.invokers.TestInvoker.invokeMethod(TestInvoker.java:686)
at org.testng.internal.invokers.TestInvoker.invokeTestMethod(TestInvoker.java:230)
at org.testng.internal.invokers.MethodRunner.runInSequence(MethodRunner.java:63)
at org.testng.internal.invokers.TestInvoker$MethodInvocationAgent.invoke(TestInvoker.java:992)
at org.testng.internal.invokers.TestInvoker.invokeTestMethods(TestInvoker.java:203)
at org.testng.internal.invokers.TestMethodWorker.invokeTestMethods(TestMethodWorker.java:154)
at org.testng.internal.invokers.TestMethodWorker.run(TestMethodWorker.java:134)
at java.base/java.util.ArrayList.forEach(ArrayList.java:1541)
at org.testng.TestRunner.privateRun(TestRunner.java:739)
at org.testng.TestRunner.run(TestRunner.java:614)
at org.testng.SuiteRunner.runTest(SuiteRunner.java:421)
at org.testng.SuiteRunner.runSequentially(SuiteRunner.java:413)
at org.testng.SuiteRunner.privateRun(SuiteRunner.java:373)
at org.testng.SuiteRunner.run(SuiteRunner.java:312)
at org.testng.SuiteRunnerWorker.runSuite(SuiteRunnerWorker.java:52)
at org.testng.SuiteRunnerWorker.run(SuiteRunnerWorker.java:95)
at org.testng.TestNG.runSuitesSequentially(TestNG.java:1274)
at org.testng.TestNG.runSuitesLocally(TestNG.java:1208)
at org.testng.TestNG.runSuites(TestNG.java:1112)
at org.testng.TestNG.run(TestNG.java:1079)
at org.testng.remote.AbstractRemoteTestNG.run(AbstractRemoteTestNG.java:115)
at org.testng.remote.RemoteTestNG.initAndRun(RemoteTestNG.java:293)
at org.testng.remote.RemoteTestNG.main(RemoteTestNG.java:91)
]]>
    </failure>
  </testcase> <!-- lookupPaymentDocuments -->
  <testcase classname="Private.ActionsMenuController_ExtentReports" name="getActionsMenu_v4" time="0.356"/>
  <testcase classname="Public.accountBalancesv4" name="getAccountBalancesV4" time="0.002">
    <skipped/>
  </testcase> <!-- getAccountBalancesV4 -->
  <testcase classname="zpackage.Failed_Tests" name="gettransactionsWriteoff_v4" time="0.809">
    <failure type="java.lang.AssertionError" message="expected [{&amp;quot;result&amp;quot;:[{&amp;quot;DocumentNumber&amp;quot;:&amp;quot;PYMT00000000532&amp;quot;,&amp;quot;DocumentType&amp;quot;:&amp;quot;Payment&amp;quot;,&amp;quot;DocumentStatus&amp;quot;:&amp;quot;Unposted&amp;quot;,&amp;quot;ConnectionSequence&amp;quot;:&amp;quot;0&amp;quot;,&amp;quot;DocumentDate&amp;quot;:&amp;quot;2027-04-11T19:00:00.000Z&amp;quot;,&amp;quot;DocVoided&amp;quot;:&amp;quot;0&amp;quot;,&amp;quot;DueDate&amp;quot;:&amp;quot;1899-12-31T19:31:48.000Z&amp;quot;,&amp;quot;Amount&amp;quot;:&amp;quot;10.00&amp;quot;,&amp;quot;OutstandingAmount&amp;quot;:&amp;quot;10.00&amp;quot;,&amp;quot;ServiceCategory&amp;quot;:&amp;quot;0&amp;quot;,&amp;quot;ServiceCategoryDescription&amp;quot;:&amp;quot;&amp;quot;,&amp;quot;ServiceType&amp;quot;:&amp;quot;&amp;quot;,&amp;quot;EquipmentID&amp;quot;:&amp;quot;&amp;quot;,&amp;quot;Description&amp;quot;:&amp;quot;WRITEOFF&amp;quot;,&amp;quot;DrillbackLink&amp;quot;:&amp;quot;cogsDrillback://DGPB/?Db=&amp;amp;Srv=DESKTOP-QU86F3Q&amp;amp;Cmp=TWO&amp;amp;Prod=229&amp;amp;Act=OPEN&amp;amp;Func=TransactionPymtOrCreditMemoInquiry&amp;amp;DocumentNumber=PYMT00000000532&amp;amp;CogsDrillback=1&amp;quot;,&amp;quot;ReferenceDocumentNumber&amp;quot;:&amp;quot;&amp;quot;,&amp;quot;ReferenceDocumentDate&amp;quot;:&amp;quot;1899-12-31T19:31:48.000Z&amp;quot;,&amp;quot;PaymentOrigin&amp;quot;:&amp;quot;&amp;quot;,&amp;quot;ChargeDescription&amp;quot;:&amp;quot;&amp;quot;},{&amp;quot;DocumentNumber&amp;quot;:&amp;quot;PYMT00000000531&amp;quot;,&amp;quot;DocumentType&amp;quot;:&amp;quot;Payment&amp;quot;,&amp;quot;DocumentStatus&amp;quot;:&amp;quot;Open&amp;quot;,&amp;quot;ConnectionSequence&amp;quot;:&amp;quot;0&amp;quot;,&amp;quot;DocumentDate&amp;quot;:&amp;quot;2027-04-11T19:00:00.000Z&amp;quot;,&amp;quot;DocVoided&amp;quot;:&amp;quot;0&amp;quot;,&amp;quot;DueDate&amp;quot;:&amp;quot;1899-12-31T19:31:48.000Z&amp;quot;,&amp;quot;Amount&amp;quot;:&amp;quot;10.00&amp;quot;,&amp;quot;OutstandingAmount&amp;quot;:&amp;quot;10.00&amp;quot;,&amp;quot;ServiceCategory&amp;quot;:&amp;quot;0&amp;quot;,&amp;quot;ServiceCategoryDescription&amp;quot;:&amp;quot;&amp;quot;,&amp;quot;ServiceType&amp;quot;:&amp;quot;&amp;quot;,&amp;quot;EquipmentID&amp;quot;:&amp;quot;&amp;quot;,&amp;quot;Description&amp;quot;:&amp;quot;WRITEOFF&amp;quot;,&amp;quot;DrillbackLink&amp;quot;:&amp;quot;cogsDrillback://DGPB/?Db=&amp;amp;Srv=DESKTOP-QU86F3Q&amp;amp;Cmp=TWO&amp;amp;Prod=229&amp;amp;Act=OPEN&amp;amp;Func=TransactionPymtOrCreditMemoInquiry&amp;amp;DocumentNumber=PYMT00000000531&amp;amp;CogsDrillback=1&amp;quot;,&amp;quot;ReferenceDocumentNumber&amp;quot;:&amp;quot;&amp;quot;,&amp;quot;ReferenceDocumentDate&amp;quot;:&amp;quot;1899-12-31T19:31:48.000Z&amp;quot;,&amp;quot;PaymentOrigin&amp;quot;:&amp;quot;&amp;quot;,&amp;quot;ChargeDescription&amp;quot;:&amp;quot;&amp;quot;},{&amp;quot;DocumentNumber&amp;quot;:&amp;quot;PYMT00000000529&amp;quot;,&amp;quot;DocumentType&amp;quot;:&amp;quot;Payment&amp;quot;,&amp;quot;DocumentStatus&amp;quot;:&amp;quot;Unposted&amp;quot;,&amp;quot;ConnectionSequence&amp;quot;:&amp;quot;0&amp;quot;,&amp;quot;DocumentDate&amp;quot;:&amp;quot;2024-04-19T19:00:00.000Z&amp;quot;,&amp;quot;DocVoided&amp;quot;:&amp;quot;0&amp;quot;,&amp;quot;DueDate&amp;quot;:&amp;quot;1899-12-31T19:31:48.000Z&amp;quot;,&amp;quot;Amount&amp;quot;:&amp;quot;10.00&amp;quot;,&amp;quot;OutstandingAmount&amp;quot;:&amp;quot;10.00&amp;quot;,&amp;quot;ServiceCategory&amp;quot;:&amp;quot;0&amp;quot;,&amp;quot;ServiceCategoryDescription&amp;quot;:&amp;quot;&amp;quot;,&amp;quot;ServiceType&amp;quot;:&amp;quot;&amp;quot;,&amp;quot;EquipmentID&amp;quot;:&amp;quot;&amp;quot;,&amp;quot;Description&amp;quot;:&amp;quot;RMGT-OTH-000002&amp;quot;,&amp;quot;DrillbackLink&amp;quot;:&amp;quot;cogsDrillback://DGPB/?Db=&amp;amp;Srv=DESKTOP-QU86F3Q&amp;amp;Cmp=TWO&amp;amp;Prod=229&amp;amp;Act=OPEN&amp;amp;Func=TransactionPymtOrCreditMemoInquiry&amp;amp;DocumentNumber=PYMT00000000529&amp;amp;CogsDrillback=1&amp;quot;,&amp;quot;ReferenceDocumentNumber&amp;quot;:&amp;quot;&amp;quot;,&amp;quot;ReferenceDocumentDate&amp;quot;:&amp;quot;1899-12-31T19:31:48.000Z&amp;quot;,&amp;quot;PaymentOrigin&amp;quot;:&amp;quot;TEST&amp;quot;,&amp;quot;ChargeDescription&amp;quot;:&amp;quot;&amp;quot;},{&amp;quot;DocumentNumber&amp;quot;:&amp;quot;READ00000000423&amp;quot;,&amp;quot;DocumentType&amp;quot;:&amp;quot;Meter Reading&amp;quot;,&amp;quot;DocumentStatus&amp;quot;:&amp;quot;Open&amp;quot;,&amp;quot;ConnectionSequence&amp;quot;:&amp;quot;1&amp;quot;,&amp;quot;DocumentDate&amp;quot;:&amp;quot;2000-06-29T19:00:00.000Z&amp;quot;,&amp;quot;DocVoided&amp;quot;:&amp;quot;0&amp;quot;,&amp;quot;DueDate&amp;quot;:&amp;quot;1899-12-31T19:31:48.000Z&amp;quot;,&amp;quot;Amount&amp;quot;:&amp;quot;100&amp;quot;,&amp;quot;OutstandingAmount&amp;quot;:&amp;quot;0.00&amp;quot;,&amp;quot;ServiceCategory&amp;quot;:&amp;quot;1&amp;quot;,&amp;quot;ServiceCategoryDescription&amp;quot;:&amp;quot;Electric&amp;quot;,&amp;quot;ServiceType&amp;quot;:&amp;quot;ELECTRIC&amp;quot;,&amp;quot;EquipmentID&amp;quot;:&amp;quot;EQUIPMENT005&amp;quot;,&amp;quot;Description&amp;quot;:&amp;quot;Actual&amp;quot;,&amp;quot;DrillbackLink&amp;quot;:&amp;quot;cogsDrillback://DGPB/?Db=&amp;amp;Srv=DESKTOP-QU86F3Q&amp;amp;Cmp=TWO&amp;amp;Prod=229&amp;amp;Act=OPEN&amp;amp;Func=TransactionReadInquiry&amp;amp;DocumentNumber=READ00000000423&amp;amp;DocumentLocation=2&amp;amp;CogsDrillback=1&amp;quot;,&amp;quot;ReferenceDocumentNumber&amp;quot;:&amp;quot;&amp;quot;,&amp;quot;ReferenceDocumentDate&amp;quot;:&amp;quot;1899-12-31T19:31:48.000Z&amp;quot;,&amp;quot;PaymentOrigin&amp;quot;:&amp;quot;&amp;quot;,&amp;quot;ChargeDescription&amp;quot;:&amp;quot;&amp;quot;},{&amp;quot;DocumentNumber&amp;quot;:&amp;quot;READ00000000409&amp;quot;,&amp;quot;DocumentType&amp;quot;:&amp;quot;Meter Reading&amp;quot;,&amp;quot;DocumentStatus&amp;quot;:&amp;quot;History&amp;quot;,&amp;quot;ConnectionSequence&amp;quot;:&amp;quot;1&amp;quot;,&amp;quot;DocumentDate&amp;quot;:&amp;quot;2000-03-30T19:00:00.000Z&amp;quot;,&amp;quot;DocVoided&amp;quot;:&amp;quot;0&amp;quot;,&amp;quot;DueDate&amp;quot;:&amp;quot;1899-12-31T19:31:48.000Z&amp;quot;,&amp;quot;Amount&amp;quot;:&amp;quot;410&amp;quot;,&amp;quot;OutstandingAmount&amp;quot;:&amp;quot;0.00&amp;quot;,&amp;quot;ServiceCategory&amp;quot;:&amp;quot;1&amp;quot;,&amp;quot;ServiceCategoryDescription&amp;quot;:&amp;quot;Electric&amp;quot;,&amp;quot;ServiceType&amp;quot;:&amp;quot;ELECTRIC&amp;quot;,&amp;quot;EquipmentID&amp;quot;:&amp;quot;EQUIPMENT005&amp;quot;,&amp;quot;Description&amp;quot;:&amp;quot;Actual&amp;quot;,&amp;quot;DrillbackLink&amp;quot;:&amp;quot;cogsDrillback://DGPB/?Db=&amp;amp;Srv=DESKTOP-QU86F3Q&amp;amp;Cmp=TWO&amp;amp;Prod=229&amp;amp;Act=OPEN&amp;amp;Func=TransactionReadInquiry&amp;amp;DocumentNumber=READ00000000409&amp;amp;DocumentLocation=3&amp;amp;CogsDrillback=1&amp;quot;,&amp;quot;ReferenceDocumentNumber&amp;quot;:&amp;quot;BILL00000000369&amp;quot;,&amp;quot;ReferenceDocumentDate&amp;quot;:&amp;quot;2000-03-29T19:00:00.000Z&amp;quot;,&amp;quot;PaymentOrigin&amp;quot;:&amp;quot;&amp;quot;,&amp;quot;ChargeDescription&amp;quot;:&amp;quot;&amp;quot;}]}] but found [{&amp;quot;result&amp;quot;:[{&amp;quot;DocumentNumber&amp;quot;:&amp;quot;PYMT00000000532&amp;quot;,&amp;quot;DocumentType&amp;quot;:&amp;quot;Payment&amp;quot;,&amp;quot;DocumentStatus&amp;quot;:&amp;quot;Unposted&amp;quot;,&amp;quot;ConnectionSequence&amp;quot;:&amp;quot;0&amp;quot;,&amp;quot;DocumentDate&amp;quot;:&amp;quot;2027-04-11T19:00:00.000Z&amp;quot;,&amp;quot;DocVoided&amp;quot;:&amp;quot;0&amp;quot;,&amp;quot;DueDate&amp;quot;:&amp;quot;1899-12-31T19:31:48.000Z&amp;quot;,&amp;quot;Amount&amp;quot;:&amp;quot;10.00&amp;quot;,&amp;quot;OutstandingAmount&amp;quot;:&amp;quot;10.00&amp;quot;,&amp;quot;ServiceCategory&amp;quot;:&amp;quot;0&amp;quot;,&amp;quot;ServiceCategoryDescription&amp;quot;:&amp;quot;&amp;quot;,&amp;quot;ServiceType&amp;quot;:&amp;quot;&amp;quot;,&amp;quot;EquipmentID&amp;quot;:&amp;quot;&amp;quot;,&amp;quot;Description&amp;quot;:&amp;quot;WRITEOFF&amp;quot;,&amp;quot;DrillbackLink&amp;quot;:&amp;quot;cogsDrillback://DGPB/?Db=&amp;amp;Srv=DESKTOP-QU86F3Q&amp;amp;Cmp=TWO&amp;amp;Prod=229&amp;amp;Act=OPEN&amp;amp;Func=TransactionPymtOrCreditMemoInquiry&amp;amp;DocumentNumber=PYMT00000000532&amp;amp;CogsDrillback=1&amp;quot;,&amp;quot;ReferenceDocumentNumber&amp;quot;:&amp;quot;&amp;quot;,&amp;quot;ReferenceDocumentDate&amp;quot;:&amp;quot;1899-12-31T19:31:48.000Z&amp;quot;,&amp;quot;PaymentOrigin&amp;quot;:&amp;quot;&amp;quot;,&amp;quot;ChargeDescription&amp;quot;:&amp;quot;&amp;quot;},{&amp;quot;DocumentNumber&amp;quot;:&amp;quot;PYMT00000000531&amp;quot;,&amp;quot;DocumentType&amp;quot;:&amp;quot;Payment&amp;quot;,&amp;quot;DocumentStatus&amp;quot;:&amp;quot;Open&amp;quot;,&amp;quot;ConnectionSequence&amp;quot;:&amp;quot;0&amp;quot;,&amp;quot;DocumentDate&amp;quot;:&amp;quot;2027-04-11T19:00:00.000Z&amp;quot;,&amp;quot;DocVoided&amp;quot;:&amp;quot;0&amp;quot;,&amp;quot;DueDate&amp;quot;:&amp;quot;1899-12-31T19:31:48.000Z&amp;quot;,&amp;quot;Amount&amp;quot;:&amp;quot;10.00&amp;quot;,&amp;quot;OutstandingAmount&amp;quot;:&amp;quot;10.00&amp;quot;,&amp;quot;ServiceCategory&amp;quot;:&amp;quot;0&amp;quot;,&amp;quot;ServiceCategoryDescription&amp;quot;:&amp;quot;&amp;quot;,&amp;quot;ServiceType&amp;quot;:&amp;quot;&amp;quot;,&amp;quot;EquipmentID&amp;quot;:&amp;quot;&amp;quot;,&amp;quot;Description&amp;quot;:&amp;quot;WRITEOFF&amp;quot;,&amp;quot;DrillbackLink&amp;quot;:&amp;quot;cogsDrillback://DGPB/?Db=&amp;amp;Srv=DESKTOP-QU86F3Q&amp;amp;Cmp=TWO&amp;amp;Prod=229&amp;amp;Act=OPEN&amp;amp;Func=TransactionPymtOrCreditMemoInquiry&amp;amp;DocumentNumber=PYMT00000000531&amp;amp;CogsDrillback=1&amp;quot;,&amp;quot;ReferenceDocumentNumber&amp;quot;:&amp;quot;&amp;quot;,&amp;quot;ReferenceDocumentDate&amp;quot;:&amp;quot;1899-12-31T19:31:48.000Z&amp;quot;,&amp;quot;PaymentOrigin&amp;quot;:&amp;quot;&amp;quot;,&amp;quot;ChargeDescription&amp;quot;:&amp;quot;&amp;quot;},{&amp;quot;DocumentNumber&amp;quot;:&amp;quot;PYMT00000000529&amp;quot;,&amp;quot;DocumentType&amp;quot;:&amp;quot;Payment&amp;quot;,&amp;quot;DocumentStatus&amp;quot;:&amp;quot;Unposted&amp;quot;,&amp;quot;ConnectionSequence&amp;quot;:&amp;quot;0&amp;quot;,&amp;quot;DocumentDate&amp;quot;:&amp;quot;2027-04-11T19:00:00.000Z&amp;quot;,&amp;quot;DocVoided&amp;quot;:&amp;quot;0&amp;quot;,&amp;quot;DueDate&amp;quot;:&amp;quot;1899-12-31T19:31:48.000Z&amp;quot;,&amp;quot;Amount&amp;quot;:&amp;quot;10.00&amp;quot;,&amp;quot;OutstandingAmount&amp;quot;:&amp;quot;10.00&amp;quot;,&amp;quot;ServiceCategory&amp;quot;:&amp;quot;0&amp;quot;,&amp;quot;ServiceCategoryDescription&amp;quot;:&amp;quot;&amp;quot;,&amp;quot;ServiceType&amp;quot;:&amp;quot;&amp;quot;,&amp;quot;EquipmentID&amp;quot;:&amp;quot;&amp;quot;,&amp;quot;Description&amp;quot;:&amp;quot;WRITEOFF&amp;quot;,&amp;quot;DrillbackLink&amp;quot;:&amp;quot;cogsDrillback://DGPB/?Db=&amp;amp;Srv=DESKTOP-QU86F3Q&amp;amp;Cmp=TWO&amp;amp;Prod=229&amp;amp;Act=OPEN&amp;amp;Func=TransactionPymtOrCreditMemoInquiry&amp;amp;DocumentNumber=PYMT00000000529&amp;amp;CogsDrillback=1&amp;quot;,&amp;quot;ReferenceDocumentNumber&amp;quot;:&amp;quot;&amp;quot;,&amp;quot;ReferenceDocumentDate&amp;quot;:&amp;quot;1899-12-31T19:31:48.000Z&amp;quot;,&amp;quot;PaymentOrigin&amp;quot;:&amp;quot;&amp;quot;,&amp;quot;ChargeDescription&amp;quot;:&amp;quot;&amp;quot;},{&amp;quot;DocumentNumber&amp;quot;:&amp;quot;READ00000000423&amp;quot;,&amp;quot;DocumentType&amp;quot;:&amp;quot;Meter Reading&amp;quot;,&amp;quot;DocumentStatus&amp;quot;:&amp;quot;Open&amp;quot;,&amp;quot;ConnectionSequence&amp;quot;:&amp;quot;1&amp;quot;,&amp;quot;DocumentDate&amp;quot;:&amp;quot;2000-06-29T19:00:00.000Z&amp;quot;,&amp;quot;DocVoided&amp;quot;:&amp;quot;0&amp;quot;,&amp;quot;DueDate&amp;quot;:&amp;quot;1899-12-31T19:31:48.000Z&amp;quot;,&amp;quot;Amount&amp;quot;:&amp;quot;100&amp;quot;,&amp;quot;OutstandingAmount&amp;quot;:&amp;quot;0.00&amp;quot;,&amp;quot;ServiceCategory&amp;quot;:&amp;quot;1&amp;quot;,&amp;quot;ServiceCategoryDescription&amp;quot;:&amp;quot;Electric&amp;quot;,&amp;quot;ServiceType&amp;quot;:&amp;quot;ELECTRIC&amp;quot;,&amp;quot;EquipmentID&amp;quot;:&amp;quot;EQUIPMENT005&amp;quot;,&amp;quot;Description&amp;quot;:&amp;quot;Actual&amp;quot;,&amp;quot;DrillbackLink&amp;quot;:&amp;quot;cogsDrillback://DGPB/?Db=&amp;amp;Srv=DESKTOP-QU86F3Q&amp;amp;Cmp=TWO&amp;amp;Prod=229&amp;amp;Act=OPEN&amp;amp;Func=TransactionReadInquiry&amp;amp;DocumentNumber=READ00000000423&amp;amp;DocumentLocation=2&amp;amp;CogsDrillback=1&amp;quot;,&amp;quot;ReferenceDocumentNumber&amp;quot;:&amp;quot;&amp;quot;,&amp;quot;ReferenceDocumentDate&amp;quot;:&amp;quot;1899-12-31T19:31:48.000Z&amp;quot;,&amp;quot;PaymentOrigin&amp;quot;:&amp;quot;&amp;quot;,&amp;quot;ChargeDescription&amp;quot;:&amp;quot;&amp;quot;},{&amp;quot;DocumentNumber&amp;quot;:&amp;quot;READ00000000409&amp;quot;,&amp;quot;DocumentType&amp;quot;:&amp;quot;Meter Reading&amp;quot;,&amp;quot;DocumentStatus&amp;quot;:&amp;quot;History&amp;quot;,&amp;quot;ConnectionSequence&amp;quot;:&amp;quot;1&amp;quot;,&amp;quot;DocumentDate&amp;quot;:&amp;quot;2000-03-30T19:00:00.000Z&amp;quot;,&amp;quot;DocVoided&amp;quot;:&amp;quot;0&amp;quot;,&amp;quot;DueDate&amp;quot;:&amp;quot;1899-12-31T19:31:48.000Z&amp;quot;,&amp;quot;Amount&amp;quot;:&amp;quot;410&amp;quot;,&amp;quot;OutstandingAmount&amp;quot;:&amp;quot;0.00&amp;quot;,&amp;quot;ServiceCategory&amp;quot;:&amp;quot;1&amp;quot;,&amp;quot;ServiceCategoryDescription&amp;quot;:&amp;quot;Electric&amp;quot;,&amp;quot;ServiceType&amp;quot;:&amp;quot;ELECTRIC&amp;quot;,&amp;quot;EquipmentID&amp;quot;:&amp;quot;EQUIPMENT005&amp;quot;,&amp;quot;Description&amp;quot;:&amp;quot;Actual&amp;quot;,&amp;quot;DrillbackLink&amp;quot;:&amp;quot;cogsDrillback://DGPB/?Db=&amp;amp;Srv=DESKTOP-QU86F3Q&amp;amp;Cmp=TWO&amp;amp;Prod=229&amp;amp;Act=OPEN&amp;amp;Func=TransactionReadInquiry&amp;amp;DocumentNumber=READ00000000409&amp;amp;DocumentLocation=3&amp;amp;CogsDrillback=1&amp;quot;,&amp;quot;ReferenceDocumentNumber&amp;quot;:&amp;quot;BILL00000000369&amp;quot;,&amp;quot;ReferenceDocumentDate&amp;quot;:&amp;quot;2000-03-29T19:00:00.000Z&amp;quot;,&amp;quot;PaymentOrigin&amp;quot;:&amp;quot;&amp;quot;,&amp;quot;ChargeDescription&amp;quot;:&amp;quot;&amp;quot;}]}]">
      <![CDATA[java.lang.AssertionError: expected [{"result":[{"DocumentNumber":"PYMT00000000532","DocumentType":"Payment","DocumentStatus":"Unposted","ConnectionSequence":"0","DocumentDate":"2027-04-11T19:00:00.000Z","DocVoided":"0","DueDate":"1899-12-31T19:31:48.000Z","Amount":"10.00","OutstandingAmount":"10.00","ServiceCategory":"0","ServiceCategoryDescription":"","ServiceType":"","EquipmentID":"","Description":"WRITEOFF","DrillbackLink":"cogsDrillback://DGPB/?Db=&Srv=DESKTOP-QU86F3Q&Cmp=TWO&Prod=229&Act=OPEN&Func=TransactionPymtOrCreditMemoInquiry&DocumentNumber=PYMT00000000532&CogsDrillback=1","ReferenceDocumentNumber":"","ReferenceDocumentDate":"1899-12-31T19:31:48.000Z","PaymentOrigin":"","ChargeDescription":""},{"DocumentNumber":"PYMT00000000531","DocumentType":"Payment","DocumentStatus":"Open","ConnectionSequence":"0","DocumentDate":"2027-04-11T19:00:00.000Z","DocVoided":"0","DueDate":"1899-12-31T19:31:48.000Z","Amount":"10.00","OutstandingAmount":"10.00","ServiceCategory":"0","ServiceCategoryDescription":"","ServiceType":"","EquipmentID":"","Description":"WRITEOFF","DrillbackLink":"cogsDrillback://DGPB/?Db=&Srv=DESKTOP-QU86F3Q&Cmp=TWO&Prod=229&Act=OPEN&Func=TransactionPymtOrCreditMemoInquiry&DocumentNumber=PYMT00000000531&CogsDrillback=1","ReferenceDocumentNumber":"","ReferenceDocumentDate":"1899-12-31T19:31:48.000Z","PaymentOrigin":"","ChargeDescription":""},{"DocumentNumber":"PYMT00000000529","DocumentType":"Payment","DocumentStatus":"Unposted","ConnectionSequence":"0","DocumentDate":"2024-04-19T19:00:00.000Z","DocVoided":"0","DueDate":"1899-12-31T19:31:48.000Z","Amount":"10.00","OutstandingAmount":"10.00","ServiceCategory":"0","ServiceCategoryDescription":"","ServiceType":"","EquipmentID":"","Description":"RMGT-OTH-000002","DrillbackLink":"cogsDrillback://DGPB/?Db=&Srv=DESKTOP-QU86F3Q&Cmp=TWO&Prod=229&Act=OPEN&Func=TransactionPymtOrCreditMemoInquiry&DocumentNumber=PYMT00000000529&CogsDrillback=1","ReferenceDocumentNumber":"","ReferenceDocumentDate":"1899-12-31T19:31:48.000Z","PaymentOrigin":"TEST","ChargeDescription":""},{"DocumentNumber":"READ00000000423","DocumentType":"Meter Reading","DocumentStatus":"Open","ConnectionSequence":"1","DocumentDate":"2000-06-29T19:00:00.000Z","DocVoided":"0","DueDate":"1899-12-31T19:31:48.000Z","Amount":"100","OutstandingAmount":"0.00","ServiceCategory":"1","ServiceCategoryDescription":"Electric","ServiceType":"ELECTRIC","EquipmentID":"EQUIPMENT005","Description":"Actual","DrillbackLink":"cogsDrillback://DGPB/?Db=&Srv=DESKTOP-QU86F3Q&Cmp=TWO&Prod=229&Act=OPEN&Func=TransactionReadInquiry&DocumentNumber=READ00000000423&DocumentLocation=2&CogsDrillback=1","ReferenceDocumentNumber":"","ReferenceDocumentDate":"1899-12-31T19:31:48.000Z","PaymentOrigin":"","ChargeDescription":""},{"DocumentNumber":"READ00000000409","DocumentType":"Meter Reading","DocumentStatus":"History","ConnectionSequence":"1","DocumentDate":"2000-03-30T19:00:00.000Z","DocVoided":"0","DueDate":"1899-12-31T19:31:48.000Z","Amount":"410","OutstandingAmount":"0.00","ServiceCategory":"1","ServiceCategoryDescription":"Electric","ServiceType":"ELECTRIC","EquipmentID":"EQUIPMENT005","Description":"Actual","DrillbackLink":"cogsDrillback://DGPB/?Db=&Srv=DESKTOP-QU86F3Q&Cmp=TWO&Prod=229&Act=OPEN&Func=TransactionReadInquiry&DocumentNumber=READ00000000409&DocumentLocation=3&CogsDrillback=1","ReferenceDocumentNumber":"BILL00000000369","ReferenceDocumentDate":"2000-03-29T19:00:00.000Z","PaymentOrigin":"","ChargeDescription":""}]}] but found [{"result":[{"DocumentNumber":"PYMT00000000532","DocumentType":"Payment","DocumentStatus":"Unposted","ConnectionSequence":"0","DocumentDate":"2027-04-11T19:00:00.000Z","DocVoided":"0","DueDate":"1899-12-31T19:31:48.000Z","Amount":"10.00","OutstandingAmount":"10.00","ServiceCategory":"0","ServiceCategoryDescription":"","ServiceType":"","EquipmentID":"","Description":"WRITEOFF","DrillbackLink":"cogsDrillback://DGPB/?Db=&Srv=DESKTOP-QU86F3Q&Cmp=TWO&Prod=229&Act=OPEN&Func=TransactionPymtOrCreditMemoInquiry&DocumentNumber=PYMT00000000532&CogsDrillback=1","ReferenceDocumentNumber":"","ReferenceDocumentDate":"1899-12-31T19:31:48.000Z","PaymentOrigin":"","ChargeDescription":""},{"DocumentNumber":"PYMT00000000531","DocumentType":"Payment","DocumentStatus":"Open","ConnectionSequence":"0","DocumentDate":"2027-04-11T19:00:00.000Z","DocVoided":"0","DueDate":"1899-12-31T19:31:48.000Z","Amount":"10.00","OutstandingAmount":"10.00","ServiceCategory":"0","ServiceCategoryDescription":"","ServiceType":"","EquipmentID":"","Description":"WRITEOFF","DrillbackLink":"cogsDrillback://DGPB/?Db=&Srv=DESKTOP-QU86F3Q&Cmp=TWO&Prod=229&Act=OPEN&Func=TransactionPymtOrCreditMemoInquiry&DocumentNumber=PYMT00000000531&CogsDrillback=1","ReferenceDocumentNumber":"","ReferenceDocumentDate":"1899-12-31T19:31:48.000Z","PaymentOrigin":"","ChargeDescription":""},{"DocumentNumber":"PYMT00000000529","DocumentType":"Payment","DocumentStatus":"Unposted","ConnectionSequence":"0","DocumentDate":"2027-04-11T19:00:00.000Z","DocVoided":"0","DueDate":"1899-12-31T19:31:48.000Z","Amount":"10.00","OutstandingAmount":"10.00","ServiceCategory":"0","ServiceCategoryDescription":"","ServiceType":"","EquipmentID":"","Description":"WRITEOFF","DrillbackLink":"cogsDrillback://DGPB/?Db=&Srv=DESKTOP-QU86F3Q&Cmp=TWO&Prod=229&Act=OPEN&Func=TransactionPymtOrCreditMemoInquiry&DocumentNumber=PYMT00000000529&CogsDrillback=1","ReferenceDocumentNumber":"","ReferenceDocumentDate":"1899-12-31T19:31:48.000Z","PaymentOrigin":"","ChargeDescription":""},{"DocumentNumber":"READ00000000423","DocumentType":"Meter Reading","DocumentStatus":"Open","ConnectionSequence":"1","DocumentDate":"2000-06-29T19:00:00.000Z","DocVoided":"0","DueDate":"1899-12-31T19:31:48.000Z","Amount":"100","OutstandingAmount":"0.00","ServiceCategory":"1","ServiceCategoryDescription":"Electric","ServiceType":"ELECTRIC","EquipmentID":"EQUIPMENT005","Description":"Actual","DrillbackLink":"cogsDrillback://DGPB/?Db=&Srv=DESKTOP-QU86F3Q&Cmp=TWO&Prod=229&Act=OPEN&Func=TransactionReadInquiry&DocumentNumber=READ00000000423&DocumentLocation=2&CogsDrillback=1","ReferenceDocumentNumber":"","ReferenceDocumentDate":"1899-12-31T19:31:48.000Z","PaymentOrigin":"","ChargeDescription":""},{"DocumentNumber":"READ00000000409","DocumentType":"Meter Reading","DocumentStatus":"History","ConnectionSequence":"1","DocumentDate":"2000-03-30T19:00:00.000Z","DocVoided":"0","DueDate":"1899-12-31T19:31:48.000Z","Amount":"410","OutstandingAmount":"0.00","ServiceCategory":"1","ServiceCategoryDescription":"Electric","ServiceType":"ELECTRIC","EquipmentID":"EQUIPMENT005","Description":"Actual","DrillbackLink":"cogsDrillback://DGPB/?Db=&Srv=DESKTOP-QU86F3Q&Cmp=TWO&Prod=229&Act=OPEN&Func=TransactionReadInquiry&DocumentNumber=READ00000000409&DocumentLocation=3&CogsDrillback=1","ReferenceDocumentNumber":"BILL00000000369","ReferenceDocumentDate":"2000-03-29T19:00:00.000Z","PaymentOrigin":"","ChargeDescription":""}]}]
at org.testng.Assert.fail(Assert.java:111)
at org.testng.Assert.failNotEquals(Assert.java:1578)
at org.testng.Assert.assertEqualsImpl(Assert.java:150)
at org.testng.Assert.assertEquals(Assert.java:132)
at org.testng.Assert.assertEquals(Assert.java:656)
at org.testng.Assert.assertEquals(Assert.java:666)
at zpackage.Failed_Tests.gettransactionsWriteoff_v4(Failed_Tests.java:46)
at java.base/jdk.internal.reflect.NativeMethodAccessorImpl.invoke0(Native Method)
at java.base/jdk.internal.reflect.NativeMethodAccessorImpl.invoke(NativeMethodAccessorImpl.java:62)
at java.base/jdk.internal.reflect.DelegatingMethodAccessorImpl.invoke(DelegatingMethodAccessorImpl.java:43)
at java.base/java.lang.reflect.Method.invoke(Method.java:566)
at org.testng.internal.invokers.MethodInvocationHelper.invokeMethod(MethodInvocationHelper.java:141)
at org.testng.internal.invokers.TestInvoker.invokeMethod(TestInvoker.java:686)
at org.testng.internal.invokers.TestInvoker.invokeTestMethod(TestInvoker.java:230)
at org.testng.internal.invokers.MethodRunner.runInSequence(MethodRunner.java:63)
at org.testng.internal.invokers.TestInvoker$MethodInvocationAgent.invoke(TestInvoker.java:992)
at org.testng.internal.invokers.TestInvoker.invokeTestMethods(TestInvoker.java:203)
at org.testng.internal.invokers.TestMethodWorker.invokeTestMethods(TestMethodWorker.java:154)
at org.testng.internal.invokers.TestMethodWorker.run(TestMethodWorker.java:134)
at java.base/java.util.ArrayList.forEach(ArrayList.java:1541)
at org.testng.TestRunner.privateRun(TestRunner.java:739)
at org.testng.TestRunner.run(TestRunner.java:614)
at org.testng.SuiteRunner.runTest(SuiteRunner.java:421)
at org.testng.SuiteRunner.runSequentially(SuiteRunner.java:413)
at org.testng.SuiteRunner.privateRun(SuiteRunner.java:373)
at org.testng.SuiteRunner.run(SuiteRunner.java:312)
at org.testng.SuiteRunnerWorker.runSuite(SuiteRunnerWorker.java:52)
at org.testng.SuiteRunnerWorker.run(SuiteRunnerWorker.java:95)
at org.testng.TestNG.runSuitesSequentially(TestNG.java:1274)
at org.testng.TestNG.runSuitesLocally(TestNG.java:1208)
at org.testng.TestNG.runSuites(TestNG.java:1112)
at org.testng.TestNG.run(TestNG.java:1079)
at org.testng.remote.AbstractRemoteTestNG.run(AbstractRemoteTestNG.java:115)
at org.testng.remote.RemoteTestNG.initAndRun(RemoteTestNG.java:293)
at org.testng.remote.RemoteTestNG.main(RemoteTestNG.java:91)
]]>
    </failure>
  </testcase> <!-- gettransactionsWriteoff_v4 -->
  <testcase classname="Private.AlertPanelController" name="getalert_v4" time="0.515"/>
  <testcase classname="Private.AlertPanelController" name="getalertaccountAttributes_v4" time="0.438"/>
  <testcase classname="Public.billingController" name="billingprintStatementv4true" time="0.333"/>
  <testcase classname="Public.billingController" name="billingprintStatementv4false" time="0.261"/>
  <testcase classname="Public.billingController" name="billingprintStatementv3true" time="0.229"/>
  <testcase classname="Public.billingController" name="billingprintStatementv3false" time="0.219"/>
  <testcase classname="Public.billingController" name="billingbillBatchStatus" time="0.288"/>
  <testcase classname="Private.BatchControllerv4" name="postBatchtv4" time="10.336"/>
  <testcase classname="Private.BatchControllerv4" name="postBatchtv4_err" time="10.252"/>
  <testcase classname="Private.BatchControllerv4" name="putBatchtv4" time="0.002"/>
  <testcase classname="Public.CashieringGet" name="TC003_1_getCashin" time="0.414"/>
  <testcase classname="Public.CashieringGet" name="TC003_getCashin" time="0.393"/>
  <testcase classname="Public.CashieringGet" name="TC004_balances" time="2.112"/>
  <testcase classname="Public.CashieringGet" name="TC003_getnextReceipt" time="1.227"/>
  <testcase classname="Public.CashieringGet" name="TC004_getReceipt" time="1.453"/>
  <testcase classname="Public.CashieringGet" name="TC005_getRegisterInfo" time="0.818"/>
  <testcase classname="Public.CashieringGet" name="TC006_gettransactions" time="2.717"/>
  <testcase classname="Public.CashieringGet" name="TC007_getAutoApply" time="4.677"/>
  <testcase classname="Private.BillingControllerv4" name="delBatv4" time="7.215"/>
  <testcase classname="Private.BillingControllerv4" name="delBatv4Err" time="0.357"/>
  <testcase classname="Private.BillingControllerv4" name="billingprintStatementv4" time="0.002">
    <skipped/>
  </testcase> <!-- billingprintStatementv4 -->
  <testcase classname="Private.BillingControllerv4" name="PostBillingcalculatev4" time="42.86"/>
  <testcase classname="Private.BillingControllerv4" name="postBillingv4" time="0.0">
    <skipped/>
  </testcase> <!-- postBillingv4 -->
  <testcase classname="Private.BillingControllerv4" name="PostgenerateEditReportv4" time="10.863"/>
  <testcase classname="Private.BillingControllerv4" name="postcreateStatementv4" time="13.734"/>
  <testcase classname="Private.BillingControllerv4" name="getbillprintTemplatePath" time="0.546"/>
  <testcase classname="Private.BillingControllerv4" name="printcsvbillingStatements" time="0.0">
    <skipped/>
  </testcase> <!-- printcsvbillingStatements -->
  <testcase classname="Private.BillingControllerv4" name="TC001_getutilitySetup" time="0.389"/>
  <testcase classname="Private.BillingControllerv4" name="TC002_getbillBatchStatus" time="0.384"/>
  <testcase classname="Private.BillingControllerv4" name="getbillingtransferProgress" time="0.466"/>
  <testcase classname="Private.BillingControllerv4" name="postcreateStatementv4_isfinal" time="10.409"/>
  <testcase classname="Private.BillingControllerv4" name="billingfinalcalculatev4" time="11.005"/>
  <testcase classname="Private.BillingControllerv4" name="getBatchIdValidate" time="0.182"/>
  <testcase classname="Private.BillingControllerv4" name="getBatchIdValidatetrue" time="0.168"/>
  <testcase classname="Private.BillingControllerv4" name="delBatv4_EditListPrint" time="0.223"/>
  <testcase classname="Private.BillingControllerv4" name="delBatv4_calculating" time="0.646"/>
  <testcase classname="Private.BillingControllerv4" name="billBatchStatus" time="0.172"/>
  <testcase classname="Private.BillingControllerv4" name="getBilltransferProgress" time="0.169"/>
  <testcase classname="Private.BillingControllerv4" name="postingFinalBillTransferv4" time="14.101"/>
  <testcase classname="Private.BillingControllerv4" name="postinggenerateBillingTransferReportv4" time="10.689"/>
  <testcase classname="Public.CashieringGetV3" name="TC003_getCashin" time="0.21"/>
  <testcase classname="Public.CashieringGetV3" name="TC004_balances" time="0.237"/>
  <testcase classname="Public.CashieringGetV3" name="TC003_getnextReceipt" time="0.23"/>
  <testcase classname="Public.CashieringGetV3" name="TC004_getReceipt" time="0.324"/>
  <testcase classname="Public.CashieringGetV3" name="TC005_getRegisterInfo" time="0.218"/>
  <testcase classname="Public.CashieringGetV3" name="TC006_gettransactions" time="0.434"/>
  <testcase classname="Public.CashieringGetV3" name="TC007_getAutoApply" time="0.369"/>
  <testcase classname="Private.CashieringController" name="TC003_1_getCashin" time="0.201"/>
  <testcase classname="Private.CashieringController" name="saveReciept_2_4" time="7.272"/>
  <testcase classname="Private.CashieringController" name="TC002_RecieptAdjustment" time="0.231"/>
  <testcase classname="Private.CashieringController" name="TC004_balances" time="0.228"/>
  <testcase classname="Private.CashieringController" name="TC003_getnextReceipt" time="0.191"/>
  <testcase classname="Private.CashieringController" name="TC004_getReceipt" time="0.689"/>
  <testcase classname="Private.CashieringController" name="TC005_getRegisterInfo" time="0.2"/>
  <testcase classname="Private.CashieringController" name="TC006_gettransactions" time="0.232"/>
  <testcase classname="Private.CashieringController" name="TC007_getAutoApply" time="0.273"/>
  <testcase classname="Private.CashieringController" name="saveReciept_4_prepaymentExistingCustomer" time="10.618"/>
  <testcase classname="Private.CashieringController" name="saveReciept_4_prepaymentNewCustomer" time="11.171"/>
  <testcase classname="Private.CashieringController" name="saveReciept_4_SOTaskCompleteDepositPayment" time="10.833"/>
  <testcase classname="Private.CashieringController" name="saveReciept_4_SOTaskCompleteDepositPaymenttask2" time="10.353"/>
  <testcase classname="Private.CashieringController" name="saveReciept_SOTaskCompleteDepositPaymenttaskNewCustomer" time="10.234"/>
  <testcase classname="Private.CashieringController" name="TC006_gettransactions_2_4" time="0.198"/>
  <testcase classname="Private.checkControllerv4" name="PostCheckv4" time="22.134"/>
  <testcase classname="Private.checkControllerv4" name="postingReceivable4RefundError" time="0.638"/>
  <testcase classname="Public.CashieringPostV3" name="saveReciept_v_3" time="5.981"/>
  <testcase classname="Public.CashieringPostV3" name="TC002_RecieptAdjustment" time="0.208"/>
  <testcase classname="Private.CollectionControllerv4" name="getcollectionsetupv4" time="0.194"/>
  <testcase classname="Private.CollectionControllerv4" name="getcollectionv4" time="0.369"/>
  <testcase classname="Private.CollectionControllerv4" name="postcollectionGeneratev4" time="4.646"/>
  <testcase classname="Private.CollectionControllerv4" name="putcollectionapplyDisconnectDatev4" time="0.195"/>
  <testcase classname="Private.CollectionControllerv4" name="postcollectionprocessv4" time="0.647"/>
  <testcase classname="Private.CollectionControllerv4" name="postcollectionprintv4" time="0.906"/>
  <testcase classname="Private.CollectionControllerv4" name="getcollectionMessagesv4" time="0.197"/>
  <testcase classname="Private.CollectionControllerv4" name="confirmNoticev4" time="1.132"/>
  <testcase classname="Private.CollectionControllerv4" name="getcollectionNoticeTypev4" time="0.189"/>
  <testcase classname="Private.CollectionControllerv4" name="getcollectioncriteriav4" time="0.183"/>
  <testcase classname="Public.checkControllerv4" name="PostCheckv4" time="21.044"/>
  <testcase classname="Public.checkControllerv4" name="putChecksendtoAPv4" time="10.282"/>
  <testcase classname="Public.checkControllerv4" name="postingReceivable4Error" time="0.373"/>
  <testcase classname="Public.checkControllerv4" name="postingReceivable4RefundError" time="0.435"/>
  <testcase classname="Private.connectionControllerV4" name="getcollectioncriteriav4" time="0.363"/>
  <testcase classname="Private.connectionControllerV4" name="postconnectionFlatv4" time="10.317"/>
  <testcase classname="Private.connectionControllerV4" name="postconnectionalternatev4" time="10.388"/>
  <testcase classname="Private.connectionControllerV4" name="postconnectionmeterv4" time="10.413"/>
  <testcase classname="Private.connectionControllerV4" name="putconnectionmeterv4" time="0.42"/>
  <testcase classname="Private.connectionControllerV4" name="deleteconnectionmetergrpv4" time="0.209"/>
  <testcase classname="Private.connectionControllerV4" name="postconnectionmetergrpv4" time="10.325"/>
  <testcase classname="Private.connectionControllerV4" name="putconnectionmeterAlternatev4" time="0.784"/>
  <testcase classname="Private.connectionControllerV4" name="postconnectionMeterInstallMeter" time="10.408"/>
  <testcase classname="Public.connectionControllerv4" name="putconnectionmeterGroupV4" time="10.303"/>
  <testcase classname="Public.connectionControllerv4" name="getconnection_v4" time="0.183"/>
  <testcase classname="Private.consumptionHistoryController" name="getconsumptionHistoryController" time="0.577"/>
  <testcase classname="Public.consumptionHistoryController" name="getconsumptionHistoryController" time="0.287"/>
  <testcase classname="Private.contactLogController" name="postcontactLogSimplev4" time="0.23"/>
  <testcase classname="Private.contactLogController" name="postcontactLogControllerv4datevaldiation" time="0.251"/>
  <testcase classname="Private.contactLogController" name="postcontactLogControllerv4" time="0.324"/>
  <testcase classname="Private.contactLogController" name="getContactLogDetail" time="0.296"/>
  <testcase classname="Private.contactLogController" name="getContactLogDetail2" time="0.24"/>
  <testcase classname="Private.contactLogController" name="getContactLogMethods" time="0.184"/>
  <testcase classname="Private.contactLogController" name="contactLoggetContactLogActionCodes" time="0.198"/>
  <testcase classname="Private.contactLogController" name="getContactLogServiceOrderRequest" time="0.183"/>
  <testcase classname="Private.contactLogController" name="putcontactLogv4" time="0.315"/>
  <testcase classname="Public.consumptionHistoryControllerV3" name="getconsumptionHistoryController" time="0.293"/>
  <testcase classname="Private.csmGlobalsController" name="csmSetupautoGeneratenextIdv4" time="0.267"/>
  <testcase classname="Private.csmGlobalsController" name="getCsmGlobalBySettingNamev4" time="0.211"/>
  <testcase classname="Private.csmSetup" name="getserviceCategoryv4" time="0.289"/>
  <testcase classname="Private.csmSetup" name="getcsmSetupserviceOrderv4" time="0.206"/>
  <testcase classname="Private.csmSetup" name="getcsmDefaultCheckbookIdv4" time="0.214"/>
  <testcase classname="Public.createandcancelSpaV3" name="cancelSPA_v_3" time="0.253"/>
  <testcase classname="Public.createandcancelSpaV3" name="createSPA_v_3" time="10.324"/>
  <testcase classname="Public.createandcancelSpaV3" name="putspaCalculate_v_3" time="0.23"/>
  <testcase classname="Public.createandcancelSpaV3" name="recancelSPA_v_3" time="0.6"/>
  <testcase classname="Public.createandcancelSpaV3" name="createSPA_v_4" time="10.22"/>
  <testcase classname="Private.customerControllerV4" name="getCustomerBasicInfo4" time="0.235"/>
  <testcase classname="Private.customerControllerV4" name="getCustomerAddressInfo" time="0.001">
    <skipped/>
  </testcase> <!-- getCustomerAddressInfo -->
  <testcase classname="Private.customerControllerV4" name="getSecondaryCustomer" time="0.226"/>
  <testcase classname="Private.customerControllerV4" name="getSecondaryCustomer2" time="0.206"/>
  <testcase classname="Private.customerControllerV4" name="putupdateCustomerCard" time="0.263"/>
  <testcase classname="Private.customerControllerV4" name="putupdateCustomersInfov4" time="0.301"/>
  <testcase classname="Private.customerControllerV4" name="putupdateCustomersInfov4Pos" time="0.188"/>
  <testcase classname="Public.customerControllerV3" name="getCustomerBillingOptions_v3" time="0.207"/>
  <testcase classname="Public.customerControllerV3" name="getCollectionsoptions_v2" time="0.196"/>
  <testcase classname="Public.customerControllerV3" name="getOtheroptions_v2" time="0.214"/>
  <testcase classname="Public.customerControllerV3" name="getinfolabels_v2" time="0.166"/>
  <testcase classname="Public.customerControllerV3" name="getlocationsByCustomerv_2_4_ExcludeFormer" time="0.421"/>
  <testcase classname="Public.customerControllerV3" name="getLocationsByCustomer_v3" time="0.182"/>
  <testcase classname="Public.customerControllerV3" name="getnextCustomerId_v2" time="0.215"/>
  <testcase classname="Public.customerControllerV3" name="getCustomerDetail_v3" time="0.001">
    <skipped/>
  </testcase> <!-- getCustomerDetail_v3 -->
  <testcase classname="Public.customerControllerV3" name="getpreauthorizepaymentplan_v2" time="0.289"/>
  <testcase classname="Public.customerControllerV3" name="putcustomersaddressv2" time="0.456"/>
  <testcase classname="Public.customerControllerV3" name="putcustomerbillingoptionv2" time="0.224"/>
  <testcase classname="Public.customerControllerV3" name="putcustomerscollectionsOptionsv2" time="0.271"/>
  <testcase classname="Public.customerControllerV3" name="putcustomersotherOptionsv2" time="0.222"/>
  <testcase classname="Public.customerControllerV3" name="putcustomersrolldownAddressCodev2" time="0.249"/>
  <testcase classname="Private.DepositsController" name="postdepositpaymentPlanv4" time="0.306"/>
  <testcase classname="Private.DepositsController" name="getdeposit" time="0.274"/>
  <testcase classname="Private.DepositsController" name="lookupDepositId" time="0.21"/>
  <testcase classname="Private.DepositsController" name="getdepositpaymentPlan" time="0.234"/>
  <testcase classname="Private.DepositsController" name="getdepositpaymentPlanv3" time="0.187"/>
  <testcase classname="Public.customerControllerV4" name="getlocationsByCustomerv4" time="0.206"/>
  <testcase classname="Private.Drillback" name="getdrillbackv4" time="0.271"/>
  <testcase classname="Private.equipmentControllerV4" name="postequipmentControllerv4" time="10.327"/>
  <testcase classname="Private.equipmentControllerV4" name="postequipmentControllerv4Error" time="10.205"/>
  <testcase classname="Private.equipmentControllerV4" name="getequipmentControllerClassv4" time="0.479"/>
  <testcase classname="Private.equipmentControllerV4" name="getequipmentControllerEquipmentDetailv4" time="0.433"/>
  <testcase classname="Public.customerController_v2" name="getpreauthorizepaymentplan_v2" time="0.337"/>
  <testcase classname="Private.locationControllerv4" name="dellocationv4" time="0.438"/>
  <testcase classname="Private.locationControllerv4" name="getlocationClassv4" time="0.288"/>
  <testcase classname="Private.locationControllerv4" name="postbillingOptionv4" time="10.386"/>
  <testcase classname="Private.locationControllerv4" name="lookuptransferThirdPartyDepositv4" time="0.192"/>
  <testcase classname="Private.lookupControllerv4" name="getapplyByService_v4" time="0.228">
    <failure type="java.lang.AssertionError" message="expected [{&amp;quot;Batch&amp;quot;:[{&amp;quot;Id&amp;quot;:&amp;quot;___api_CR&amp;quot;,&amp;quot;Description&amp;quot;:&amp;quot;&amp;quot;,&amp;quot;HasTransaction&amp;quot;:true},{&amp;quot;Id&amp;quot;:&amp;quot;10001&amp;quot;,&amp;quot;Description&amp;quot;:&amp;quot;&amp;quot;,&amp;quot;HasTransaction&amp;quot;:true},{&amp;quot;Id&amp;quot;:&amp;quot;1001&amp;quot;,&amp;quot;Description&amp;quot;:&amp;quot;&amp;quot;,&amp;quot;HasTransaction&amp;quot;:true},{&amp;quot;Id&amp;quot;:&amp;quot;100111&amp;quot;,&amp;quot;Description&amp;quot;:&amp;quot;&amp;quot;,&amp;quot;HasTransaction&amp;quot;:true},{&amp;quot;Id&amp;quot;:&amp;quot;10111&amp;quot;,&amp;quot;Description&amp;quot;:&amp;quot;&amp;quot;,&amp;quot;HasTransaction&amp;quot;:false},{&amp;quot;Id&amp;quot;:&amp;quot;109090ABC&amp;quot;,&amp;quot;Description&amp;quot;:&amp;quot;&amp;quot;,&amp;quot;HasTransaction&amp;quot;:true},{&amp;quot;Id&amp;quot;:&amp;quot;12312312&amp;quot;,&amp;quot;Description&amp;quot;:&amp;quot;&amp;quot;,&amp;quot;HasTransaction&amp;quot;:true},{&amp;quot;Id&amp;quot;:&amp;quot;12345&amp;quot;,&amp;quot;Description&amp;quot;:&amp;quot;&amp;quot;,&amp;quot;HasTransaction&amp;quot;:false},{&amp;quot;Id&amp;quot;:&amp;quot;ABC10001&amp;quot;,&amp;quot;Description&amp;quot;:&amp;quot;&amp;quot;,&amp;quot;HasTransaction&amp;quot;:true},{&amp;quot;Id&amp;quot;:&amp;quot;ABC1213&amp;quot;,&amp;quot;Description&amp;quot;:&amp;quot;&amp;quot;,&amp;quot;HasTransaction&amp;quot;:true},{&amp;quot;Id&amp;quot;:&amp;quot;API 20190430&amp;quot;,&amp;quot;Description&amp;quot;:&amp;quot;Payments from Web Service - API&amp;quot;,&amp;quot;HasTransaction&amp;quot;:true},{&amp;quot;Id&amp;quot;:&amp;quot;API 20190503&amp;quot;,&amp;quot;Description&amp;quot;:&amp;quot;Payments from Web Service - API&amp;quot;,&amp;quot;HasTransaction&amp;quot;:true},{&amp;quot;Id&amp;quot;:&amp;quot;API20250525001&amp;quot;,&amp;quot;Description&amp;quot;:&amp;quot;Payments from Nexus Api - API&amp;quot;,&amp;quot;HasTransaction&amp;quot;:true},{&amp;quot;Id&amp;quot;:&amp;quot;API5262025&amp;quot;,&amp;quot;Description&amp;quot;:&amp;quot;&amp;quot;,&amp;quot;HasTransaction&amp;quot;:true},{&amp;quot;Id&amp;quot;:&amp;quot;auto&amp;quot;,&amp;quot;Description&amp;quot;:&amp;quot;API Misc Charge&amp;quot;,&amp;quot;HasTransaction&amp;quot;:true},{&amp;quot;Id&amp;quot;:&amp;quot;BAT012301203&amp;quot;,&amp;quot;Description&amp;quot;:&amp;quot;&amp;quot;,&amp;quot;HasTransaction&amp;quot;:true},{&amp;quot;Id&amp;quot;:&amp;quot;BAT1&amp;quot;,&amp;quot;Description&amp;quot;:&amp;quot;&amp;quot;,&amp;quot;HasTransaction&amp;quot;:true},{&amp;quot;Id&amp;quot;:&amp;quot;BAT10123123&amp;quot;,&amp;quot;Description&amp;quot;:&amp;quot;&amp;quot;,&amp;quot;HasTransaction&amp;quot;:false},{&amp;quot;Id&amp;quot;:&amp;quot;BATCHPOSTTRANS&amp;quot;,&amp;quot;Description&amp;quot;:&amp;quot;&amp;quot;,&amp;quot;HasTransaction&amp;quot;:false},{&amp;quot;Id&amp;quot;:&amp;quot;BATCHTEST01&amp;quot;,&amp;quot;Description&amp;quot;:&amp;quot;&amp;quot;,&amp;quot;HasTransaction&amp;quot;:false},{&amp;quot;Id&amp;quot;:&amp;quot;CHEQ1&amp;quot;,&amp;quot;Description&amp;quot;:&amp;quot;&amp;quot;,&amp;quot;HasTransaction&amp;quot;:false},{&amp;quot;Id&amp;quot;:&amp;quot;CHK041227sa01&amp;quot;,&amp;quot;Description&amp;quot;:&amp;quot;CHEQUE&amp;quot;,&amp;quot;HasTransaction&amp;quot;:false},{&amp;quot;Id&amp;quot;:&amp;quot;DPP041227sa01&amp;quot;,&amp;quot;Description&amp;quot;:&amp;quot;PYMT&amp;quot;,&amp;quot;HasTransaction&amp;quot;:true},{&amp;quot;Id&amp;quot;:&amp;quot;FINALBILL&amp;quot;,&amp;quot;Description&amp;quot;:&amp;quot;&amp;quot;,&amp;quot;HasTransaction&amp;quot;:true},{&amp;quot;Id&amp;quot;:&amp;quot;INT4\/12\/2027&amp;quot;,&amp;quot;Description&amp;quot;:&amp;quot;&amp;quot;,&amp;quot;HasTransaction&amp;quot;:false},{&amp;quot;Id&amp;quot;:&amp;quot;INT4\/30\/2025&amp;quot;,&amp;quot;Description&amp;quot;:&amp;quot;&amp;quot;,&amp;quot;HasTransaction&amp;quot;:false},{&amp;quot;Id&amp;quot;:&amp;quot;MG2024&amp;quot;,&amp;quot;Description&amp;quot;:&amp;quot;&amp;quot;,&amp;quot;HasTransaction&amp;quot;:true},{&amp;quot;Id&amp;quot;:&amp;quot;MG2024DM001&amp;quot;,&amp;quot;Description&amp;quot;:&amp;quot;MISC&amp;quot;,&amp;quot;HasTransaction&amp;quot;:true},{&amp;quot;Id&amp;quot;:&amp;quot;MISC10001&amp;quot;,&amp;quot;Description&amp;quot;:&amp;quot;&amp;quot;,&amp;quot;HasTransaction&amp;quot;:false},{&amp;quot;Id&amp;quot;:&amp;quot;MR052625sa01&amp;quot;,&amp;quot;Description&amp;quot;:&amp;quot;API Meter Read&amp;quot;,&amp;quot;HasTransaction&amp;quot;:true},{&amp;quot;Id&amp;quot;:&amp;quot;NADMC2022093001&amp;quot;,&amp;quot;Description&amp;quot;:&amp;quot;API Deposit Misc Charge&amp;quot;,&amp;quot;HasTransaction&amp;quot;:true},{&amp;quot;Id&amp;quot;:&amp;quot;RM(3)120427&amp;quot;,&amp;quot;Description&amp;quot;:&amp;quot;&amp;quot;,&amp;quot;HasTransaction&amp;quot;:true},{&amp;quot;Id&amp;quot;:&amp;quot;Test Batch&amp;quot;,&amp;quot;Description&amp;quot;:&amp;quot;&amp;quot;,&amp;quot;HasTransaction&amp;quot;:false},{&amp;quot;Id&amp;quot;:&amp;quot;Test Batch 2025&amp;quot;,&amp;quot;Description&amp;quot;:&amp;quot;Example Comment&amp;quot;,&amp;quot;HasTransaction&amp;quot;:false},{&amp;quot;Id&amp;quot;:&amp;quot;WO101619CRP001&amp;quot;,&amp;quot;Description&amp;quot;:&amp;quot;Write Off - sa&amp;quot;,&amp;quot;HasTransaction&amp;quot;:true},{&amp;quot;Id&amp;quot;:&amp;quot;WRITEOFF01&amp;quot;,&amp;quot;Description&amp;quot;:&amp;quot;&amp;quot;,&amp;quot;HasTransaction&amp;quot;:true}]}] but found [{&amp;quot;Batch&amp;quot;:[{&amp;quot;Id&amp;quot;:&amp;quot;10001&amp;quot;,&amp;quot;Description&amp;quot;:&amp;quot;&amp;quot;,&amp;quot;HasTransaction&amp;quot;:true},{&amp;quot;Id&amp;quot;:&amp;quot;1001&amp;quot;,&amp;quot;Description&amp;quot;:&amp;quot;&amp;quot;,&amp;quot;HasTransaction&amp;quot;:true},{&amp;quot;Id&amp;quot;:&amp;quot;100111&amp;quot;,&amp;quot;Description&amp;quot;:&amp;quot;&amp;quot;,&amp;quot;HasTransaction&amp;quot;:true},{&amp;quot;Id&amp;quot;:&amp;quot;10111&amp;quot;,&amp;quot;Description&amp;quot;:&amp;quot;&amp;quot;,&amp;quot;HasTransaction&amp;quot;:false},{&amp;quot;Id&amp;quot;:&amp;quot;109090ABC&amp;quot;,&amp;quot;Description&amp;quot;:&amp;quot;&amp;quot;,&amp;quot;HasTransaction&amp;quot;:true},{&amp;quot;Id&amp;quot;:&amp;quot;12312312&amp;quot;,&amp;quot;Description&amp;quot;:&amp;quot;&amp;quot;,&amp;quot;HasTransaction&amp;quot;:true},{&amp;quot;Id&amp;quot;:&amp;quot;12345&amp;quot;,&amp;quot;Description&amp;quot;:&amp;quot;&amp;quot;,&amp;quot;HasTransaction&amp;quot;:false},{&amp;quot;Id&amp;quot;:&amp;quot;ABC10001&amp;quot;,&amp;quot;Description&amp;quot;:&amp;quot;&amp;quot;,&amp;quot;HasTransaction&amp;quot;:true},{&amp;quot;Id&amp;quot;:&amp;quot;ABC1213&amp;quot;,&amp;quot;Description&amp;quot;:&amp;quot;&amp;quot;,&amp;quot;HasTransaction&amp;quot;:true},{&amp;quot;Id&amp;quot;:&amp;quot;API 20190430&amp;quot;,&amp;quot;Description&amp;quot;:&amp;quot;Payments from Web Service - API&amp;quot;,&amp;quot;HasTransaction&amp;quot;:true},{&amp;quot;Id&amp;quot;:&amp;quot;API 20190503&amp;quot;,&amp;quot;Description&amp;quot;:&amp;quot;Payments from Web Service - API&amp;quot;,&amp;quot;HasTransaction&amp;quot;:true},{&amp;quot;Id&amp;quot;:&amp;quot;API20220908001&amp;quot;,&amp;quot;Description&amp;quot;:&amp;quot;Payments from Nexus Api - API&amp;quot;,&amp;quot;HasTransaction&amp;quot;:true},{&amp;quot;Id&amp;quot;:&amp;quot;API20220929001&amp;quot;,&amp;quot;Description&amp;quot;:&amp;quot;Payments from Nexus Api - API&amp;quot;,&amp;quot;HasTransaction&amp;quot;:true},{&amp;quot;Id&amp;quot;:&amp;quot;BAT012301203&amp;quot;,&amp;quot;Description&amp;quot;:&amp;quot;&amp;quot;,&amp;quot;HasTransaction&amp;quot;:true},{&amp;quot;Id&amp;quot;:&amp;quot;BAT1&amp;quot;,&amp;quot;Description&amp;quot;:&amp;quot;&amp;quot;,&amp;quot;HasTransaction&amp;quot;:true},{&amp;quot;Id&amp;quot;:&amp;quot;BAT10123123&amp;quot;,&amp;quot;Description&amp;quot;:&amp;quot;&amp;quot;,&amp;quot;HasTransaction&amp;quot;:false},{&amp;quot;Id&amp;quot;:&amp;quot;BATCHPOSTTRANS&amp;quot;,&amp;quot;Description&amp;quot;:&amp;quot;&amp;quot;,&amp;quot;HasTransaction&amp;quot;:false},{&amp;quot;Id&amp;quot;:&amp;quot;BATCHTEST01&amp;quot;,&amp;quot;Description&amp;quot;:&amp;quot;&amp;quot;,&amp;quot;HasTransaction&amp;quot;:false},{&amp;quot;Id&amp;quot;:&amp;quot;CHEQ1&amp;quot;,&amp;quot;Description&amp;quot;:&amp;quot;&amp;quot;,&amp;quot;HasTransaction&amp;quot;:false},{&amp;quot;Id&amp;quot;:&amp;quot;CHK041227sa01&amp;quot;,&amp;quot;Description&amp;quot;:&amp;quot;CHEQUE&amp;quot;,&amp;quot;HasTransaction&amp;quot;:false},{&amp;quot;Id&amp;quot;:&amp;quot;DPP041227sa01&amp;quot;,&amp;quot;Description&amp;quot;:&amp;quot;PYMT&amp;quot;,&amp;quot;HasTransaction&amp;quot;:true},{&amp;quot;Id&amp;quot;:&amp;quot;FINALBILL&amp;quot;,&amp;quot;Description&amp;quot;:&amp;quot;&amp;quot;,&amp;quot;HasTransaction&amp;quot;:true},{&amp;quot;Id&amp;quot;:&amp;quot;INT4\/12\/2027&amp;quot;,&amp;quot;Description&amp;quot;:&amp;quot;&amp;quot;,&amp;quot;HasTransaction&amp;quot;:false},{&amp;quot;Id&amp;quot;:&amp;quot;INT4\/30\/2025&amp;quot;,&amp;quot;Description&amp;quot;:&amp;quot;&amp;quot;,&amp;quot;HasTransaction&amp;quot;:false},{&amp;quot;Id&amp;quot;:&amp;quot;MG2024&amp;quot;,&amp;quot;Description&amp;quot;:&amp;quot;&amp;quot;,&amp;quot;HasTransaction&amp;quot;:true},{&amp;quot;Id&amp;quot;:&amp;quot;MG2024DM001&amp;quot;,&amp;quot;Description&amp;quot;:&amp;quot;MISC&amp;quot;,&amp;quot;HasTransaction&amp;quot;:true},{&amp;quot;Id&amp;quot;:&amp;quot;MISC10001&amp;quot;,&amp;quot;Description&amp;quot;:&amp;quot;&amp;quot;,&amp;quot;HasTransaction&amp;quot;:false},{&amp;quot;Id&amp;quot;:&amp;quot;NADMC2022093001&amp;quot;,&amp;quot;Description&amp;quot;:&amp;quot;API Deposit Misc Charge&amp;quot;,&amp;quot;HasTransaction&amp;quot;:true},{&amp;quot;Id&amp;quot;:&amp;quot;RM(3)120427&amp;quot;,&amp;quot;Description&amp;quot;:&amp;quot;&amp;quot;,&amp;quot;HasTransaction&amp;quot;:true},{&amp;quot;Id&amp;quot;:&amp;quot;Test Batch&amp;quot;,&amp;quot;Description&amp;quot;:&amp;quot;&amp;quot;,&amp;quot;HasTransaction&amp;quot;:false},{&amp;quot;Id&amp;quot;:&amp;quot;Test Batch 2025&amp;quot;,&amp;quot;Description&amp;quot;:&amp;quot;Example Comment&amp;quot;,&amp;quot;HasTransaction&amp;quot;:false},{&amp;quot;Id&amp;quot;:&amp;quot;WO101619CRP001&amp;quot;,&amp;quot;Description&amp;quot;:&amp;quot;Write Off - sa&amp;quot;,&amp;quot;HasTransaction&amp;quot;:true},{&amp;quot;Id&amp;quot;:&amp;quot;WRITEOFF01&amp;quot;,&amp;quot;Description&amp;quot;:&amp;quot;&amp;quot;,&amp;quot;HasTransaction&amp;quot;:true}]}]">
[...]
at org.testng.Assert.fail(Assert.java:111)
at org.testng.Assert.failNotEquals(Assert.java:1578)
at org.testng.Assert.assertEqualsImpl(Assert.java:150)
at org.testng.Assert.assertEquals(Assert.java:132)
at org.testng.Assert.assertEquals(Assert.java:656)
at org.testng.Assert.assertEquals(Assert.java:666)
at Private.lookupControllerv4.lookupPaymentDocuments(lookupControllerv4.java:466)
at java.base/jdk.internal.reflect.NativeMethodAccessorImpl.invoke0(Native Method)
at java.base/jdk.internal.reflect.NativeMethodAccessorImpl.invoke(NativeMethodAccessorImpl.java:62)
at java.base/jdk.internal.reflect.DelegatingMethodAccessorImpl.invoke(DelegatingMethodAccessorImpl.java:43)
at java.base/java.lang.reflect.Method.invoke(Method.java:566)
at org.testng.internal.invokers.MethodInvocationHelper.invokeMethod(MethodInvocationHelper.java:141)
at org.testng.internal.invokers.TestInvoker.invokeMethod(TestInvoker.java:686)
at org.testng.internal.invokers.TestInvoker.invokeTestMethod(TestInvoker.java:230)
at org.testng.internal.invokers.MethodRunner.runInSequence(MethodRunner.java:63)
at org.testng.internal.invokers.TestInvoker$MethodInvocationAgent.invoke(TestInvoker.java:992)
at org.testng.internal.invokers.TestInvoker.invokeTestMethods(TestInvoker.java:203)
at org.testng.internal.invokers.TestMethodWorker.invokeTestMethods(TestMethodWorker.java:154)
at org.testng.internal.invokers.TestMethodWorker.run(TestMethodWorker.java:134)
at java.base/java.util.ArrayList.forEach(ArrayList.java:1541)
at org.testng.TestRunner.privateRun(TestRunner.java:739)
at org.testng.TestRunner.run(TestRunner.java:614)
at org.testng.SuiteRunner.runTest(SuiteRunner.java:421)
at org.testng.SuiteRunner.runSequentially(SuiteRunner.java:413)
at org.testng.SuiteRunner.privateRun(SuiteRunner.java:373)
at org.testng.SuiteRunner.run(SuiteRunner.java:312)
at org.testng.SuiteRunnerWorker.runSuite(SuiteRunnerWorker.java:52)
at org.testng.SuiteRunnerWorker.run(SuiteRunnerWorker.java:95)
at org.testng.TestNG.runSuitesSequentially(TestNG.java:1274)
at org.testng.TestNG.runSuitesLocally(TestNG.java:1208)
at org.testng.TestNG.runSuites(TestNG.java:1112)
at org.testng.TestNG.run(TestNG.java:1079)
at org.testng.remote.AbstractRemoteTestNG.run(AbstractRemoteTestNG.java:115)
at org.testng.remote.RemoteTestNG.initAndRun(RemoteTestNG.java:293)
at org.testng.remote.RemoteTestNG.main(RemoteTestNG.java:91)
]]>
    </failure>
  </testcase> <!-- lookupPaymentDocuments -->
  <testcase classname="Private.lookupControllerv4" name="lookupMiscChargeDocuments" time="0.001">
    <skipped/>
  </testcase> <!-- lookupMiscChargeDocuments -->
  <testcase classname="Private.lookupControllerv4" name="lookupchargeTypeAll2" time="0.293"/>
  <testcase classname="Private.MeterReadControllerV4" name="getmeterReadingnextv4" time="0.318"/>
  <testcase classname="Private.MeterReadControllerV4" name="putMeterReadinginWorkV4" time="10.641"/>
  <testcase classname="Private.MeterReadControllerV4" name="deletemeterReadingvalidv4" time="0.453"/>
  <testcase classname="Private.MeterReadControllerV4" name="deletemeterReadingErrorv4" time="0.287"/>
  <testcase classname="Private.MeterReadControllerV4" name="putMeterReadingNetMeterV4" time="10.409"/>
  <testcase classname="Private.MeterReadControllerV4" name="putMeterReadingnottheLatestreadingV4" time="10.26"/>
  <testcase classname="Private.MeterReadControllerV4" name="getmeterlastDocumentv4" time="0.212"/>
  <testcase classname="Private.MeterReadControllerV4" name="postMeterReadPostInvalidv4" time="10.267"/>
  <testcase classname="Private.MeterReadControllerV4" name="PostMeterReadv4" time="10.441"/>
  <testcase classname="Private.MeterReadControllerV4" name="postmoveOpenToHistoryv4" time="0.263"/>
  <testcase classname="Public.DisconnectFromStarttoFinish" name="PostServiceOrder" time="0.482"/>
  <testcase classname="Public.DisconnectFromStarttoFinish" name="PostMeterReading" time="0.226"/>
  <testcase classname="Public.DisconnectFromStarttoFinish" name="putMeterDisconnect" time="10.229"/>
  <testcase classname="Private.MiscellaneousChargeControllerV4" name="miscellaneousChargeSimulatev4" time="0.38"/>
  <testcase classname="Private.MiscellaneousChargeControllerV4" name="deleteMiscellaneousChargeErr1v4" time="0.245"/>
  <testcase classname="Private.MiscellaneousChargeControllerV4" name="deleteMiscellaneousChargeErrv4" time="0.198"/>
  <testcase classname="Private.MiscellaneousChargeControllerV4" name="miscellaneousChargepostv4" time="1.938"/>
  <testcase classname="Private.MiscellaneousChargeControllerV4" name="putmiscellaneousChargeSimulatev4" time="10.525"/>
  <testcase classname="Private.MiscellaneousChargeControllerV4" name="miscellaneousChargepostv4err" time="0.187"/>
  <testcase classname="Private.MiscellaneousChargeControllerV4" name="postMiscellaneousv4" time="0.276"/>
  <testcase classname="Private.moveInMoveOutController" name="postTransferv4" time="0.417"/>
  <testcase classname="Public.GetAccountBalancesV3" name="getAccountBalancesV3" time="0.274"/>
  <testcase classname="Public.GetAccountBalancesV3" name="getAccountBalancesPortalv3" time="0.579"/>
  <testcase classname="Public.GetAccountBalancesV3" name="getAccountBalancesPortalv3Paymentatwork" time="0.311"/>
  <testcase classname="Private.PaymentControllerV4" name="gettPaymentNextv4" time="0.201"/>
  <testcase classname="Private.PaymentControllerV4" name="postPaymentSimulatev4" time="2.611"/>
  <testcase classname="Private.PaymentControllerV4" name="delPaymentv4" time="0.412"/>
  <testcase classname="Private.PaymentControllerV4" name="delPaymentv4Err" time="0.185"/>
  <testcase classname="Private.PaymentControllerV4" name="delPaymentv4CreditNote" time="0.215"/>
  <testcase classname="Private.PaymentControllerV4" name="gettPaymentNextOpenv4" time="0.261"/>
  <testcase classname="Private.PaymentControllerV4" name="gettPaymentNextHistv4" time="0.434"/>
  <testcase classname="Private.PaymentControllerV4" name="gettPaymentNextAllv4" time="0.193"/>
  <testcase classname="Private.PaymentControllerV4" name="putputPaymentV4" time="10.868"/>
  <testcase classname="Private.PaymentControllerV4" name="postPaymentSimulateExt" time="10.231"/>
  <testcase classname="Private.PaymentControllerV4" name="postPaymentDepositv4" time="1.299"/>
  <testcase classname="Private.PaymentControllerV4" name="postPaymentSimulatev4_savePayments" time="0.512"/>
  <testcase classname="Private.PaymentControllerV4" name="postPaymentSimulatev4_savePayments_1" time="0.444"/>
  <testcase classname="Private.PaymentControllerV4" name="postPaymentSimulatev4_savePayments_2" time="0.345"/>
  <testcase classname="Public.PaymentControllerV4" name="postPaymentv4" time="0.894"/>
  <testcase classname="Public.PaymentControllerV4" name="postPaymentBatchv4" time="11.683"/>
  <testcase classname="Public.PaymentControllerV4" name="postPaymentBatchtruev4" time="10.238"/>
  <testcase classname="Public.PaymentControllerV4" name="postPaymentMiscv4" time="0.278"/>
  <testcase classname="Public.PaymentExtension" name="postPaymentv2" time="0.0">
    <skipped/>
  </testcase> <!-- postPaymentv2 -->
  <testcase classname="Public.PaymentExtension" name="paymentExtensionv2" time="10.568"/>
  <testcase classname="Public.PaymentExtension" name="postPaymentv2_2" time="0.0">
    <skipped/>
  </testcase> <!-- postPaymentv2_2 -->
  <testcase classname="Private.ServiceOrderController" name="delBatv4" time="0.37"/>
  <testcase classname="Private.ServiceOrderController" name="delBatv4Error" time="0.169"/>
  <testcase classname="Private.ServiceOrderController" name="putServiceOrderControllerev4" time="10.519"/>
  <testcase classname="Private.ServiceOrderController" name="delServiceOrderv4" time="0.222"/>
  <testcase classname="Public.PaymentExtensionV3" name="postPaymentv3" time="10.338"/>
  <testcase classname="Public.PaymentExtensionV3" name="paymentExtensionv3" time="10.243"/>
  <testcase classname="Private.SmartlistControllerV3" name="postsmartlistfavorite_v_3" time="0.0">
    <skipped/>
  </testcase> <!-- postsmartlistfavorite_v_3 -->
  <testcase classname="Private.SmartlistControllerV3" name="getsmartList_v_3" time="0.0">
    <skipped/>
  </testcase> <!-- getsmartList_v_3 -->
  <testcase classname="Public.portalconsumptionControllerV4" name="getconsumptionHistoryController" time="0.54"/>
  <testcase classname="Public.portalconsumptionControllerV4" name="getserviceByLocation" time="0.723"/>
  <testcase classname="Private.SmartyStreetValidationV4" name="postSmartyStreetValidationv4" time="0.001">
    <skipped/>
  </testcase> <!-- postSmartyStreetValidationv4 -->
  <testcase classname="Private.SmartyStreetValidationV4" name="postvalidateAddressesandPostLocation" time="0.001">
    <skipped/>
  </testcase> <!-- postvalidateAddressesandPostLocation -->
  <testcase classname="Public.printControllerV4" name="getstatementAsPDFv3" time="13.415"/>
  <testcase classname="Public.searchController" name="elascticsearchcreateindex_v_2" time="0.18"/>
  <testcase classname="Public.searchController" name="getCustomer_v2" time="0.232"/>
  <testcase classname="Public.searchController" name="getindex_v2" time="0.236"/>
  <testcase classname="Public.searchControllerV3" name="elascticsearchcreateindex_v_3" time="1.091"/>
  <testcase classname="Public.searchControllerV3" name="getCustomer_v3" time="0.242"/>
  <testcase classname="Public.searchControllerV3" name="getindex_v3" time="0.223"/>
  <testcase classname="Private.transactionsControllerv3" name="getBillInquiry_v_3" time="0.25"/>
  <testcase classname="Private.transactionsControllerv3" name="getBillInquirychargeSummary_v_3" time="0.271"/>
  <testcase classname="Private.transactionsControllerv3" name="getBillInquirydistribution_v_3" time="0.24"/>
  <testcase classname="Private.transactionsControllerv3" name="getTransactions_v_3" time="0.259"/>
  <testcase classname="Private.transactionsControllerv3" name="getrecentTransactions_v_3" time="0.351"/>
  <testcase classname="Private.transactionsControllerv4" name="getapplyByService_v4" time="0.351"/>
  <testcase classname="Private.transactionsControllerv4" name="getMeterReadInquiryWork_v4" time="0.407"/>
  <testcase classname="Private.transactionsControllerv4" name="getMeterReadInquiryOpen_v4" time="0.198"/>
  <testcase classname="Private.transactionsControllerv4" name="getMeterReadInquiryHistory_v4" time="0.241"/>
  <testcase classname="Private.transactionsControllerv4" name="gettransactionbatch_v4" time="0.427"/>
  <testcase classname="Private.transactionsControllerv4" name="gettransactionpayment_v4" time="0.386"/>
  <testcase classname="Private.transactionsControllerv4" name="gettransactionpaymentInv_v4" time="0.184"/>
  <testcase classname="Private.transactionsControllerv4" name="gettransactionpaymentInvCred_v4" time="0.207"/>
  <testcase classname="Private.transactionsControllerv4" name="gettransactionpayment_v4_false" time="0.199"/>
  <testcase classname="Private.transactionsControllerv4" name="gettransactionpayment_v3_false" time="0.204"/>
  <testcase classname="Private.voidController" name="putvoidv4" time="12.132"/>
  <testcase classname="Private.voidController" name="getVoidLaodv4" time="0.0">
    <skipped/>
  </testcase> <!-- getVoidLaodv4 -->
  <testcase classname="Private.voidController" name="getlinkedDocumentv4" time="0.262">
    <failure type="junit.framework.ComparisonFailure" message="expected:&amp;lt;...&amp;quot;:{&amp;quot;LinkedDocument&amp;quot;:[{&amp;quot;Spa&amp;quot;:null,&amp;quot;Penalty&amp;quot;:null,&amp;quot;WriteOffExport&amp;quot;:[{&amp;quot;Number&amp;quot;:&amp;quot;PYMT00000000505&amp;quot;}],&amp;quot;CollectionImport&amp;quot;:null,&amp;quot;DepositReceivable&amp;quot;:null,&amp;quot;NegativeBill&amp;quot;:null,&amp;quot;BillCreditNote&amp;quot;:null,&amp;quot;TransferBalanceDocument&amp;quot;:null,&amp;quot;CashieringCheckCreditCard&amp;quot;:null}]},&amp;quot;Messages&amp;quot;:[]}}&amp;gt; but was:&amp;lt;...&amp;quot;:{&amp;quot;LinkedDocument&amp;quot;:[null]},&amp;quot;Messages&amp;quot;:[]}}&amp;gt;">
      <![CDATA[junit.framework.ComparisonFailure: expected:<...":{"LinkedDocument":[{"Spa":null,"Penalty":null,"WriteOffExport":[{"Number":"PYMT00000000505"}],"CollectionImport":null,"DepositReceivable":null,"NegativeBill":null,"BillCreditNote":null,"TransferBalanceDocument":null,"CashieringCheckCreditCard":null}]},"Messages":[]}}> but was:<...":{"LinkedDocument":[null]},"Messages":[]}}>
at junit.framework.Assert.assertEquals(Assert.java:85)
at junit.framework.Assert.assertEquals(Assert.java:91)
at Private.voidController.getlinkedDocumentv4(voidController.java:78)
at java.base/jdk.internal.reflect.NativeMethodAccessorImpl.invoke0(Native Method)
at java.base/jdk.internal.reflect.NativeMethodAccessorImpl.invoke(NativeMethodAccessorImpl.java:62)
at java.base/jdk.internal.reflect.DelegatingMethodAccessorImpl.invoke(DelegatingMethodAccessorImpl.java:43)
at java.base/java.lang.reflect.Method.invoke(Method.java:566)
at org.testng.internal.invokers.MethodInvocationHelper.invokeMethod(MethodInvocationHelper.java:141)
at org.testng.internal.invokers.TestInvoker.invokeMethod(TestInvoker.java:686)
at org.testng.internal.invokers.TestInvoker.invokeTestMethod(TestInvoker.java:230)
at org.testng.internal.invokers.MethodRunner.runInSequence(MethodRunner.java:63)
at org.testng.internal.invokers.TestInvoker$MethodInvocationAgent.invoke(TestInvoker.java:992)
at org.testng.internal.invokers.TestInvoker.invokeTestMethods(TestInvoker.java:203)
at org.testng.internal.invokers.TestMethodWorker.invokeTestMethods(TestMethodWorker.java:154)
at org.testng.internal.invokers.TestMethodWorker.run(TestMethodWorker.java:134)
at java.base/java.util.ArrayList.forEach(ArrayList.java:1541)
at org.testng.TestRunner.privateRun(TestRunner.java:739)
at org.testng.TestRunner.run(TestRunner.java:614)
at org.testng.SuiteRunner.runTest(SuiteRunner.java:421)
at org.testng.SuiteRunner.runSequentially(SuiteRunner.java:413)
at org.testng.SuiteRunner.privateRun(SuiteRunner.java:373)
at org.testng.SuiteRunner.run(SuiteRunner.java:312)
at org.testng.SuiteRunnerWorker.runSuite(SuiteRunnerWorker.java:52)
at org.testng.SuiteRunnerWorker.run(SuiteRunnerWorker.java:95)
at org.testng.TestNG.runSuitesSequentially(TestNG.java:1274)
at org.testng.TestNG.runSuitesLocally(TestNG.java:1208)
at org.testng.TestNG.runSuites(TestNG.java:1112)
at org.testng.TestNG.run(TestNG.java:1079)
at org.testng.remote.AbstractRemoteTestNG.run(AbstractRemoteTestNG.java:115)
at org.testng.remote.RemoteTestNG.initAndRun(RemoteTestNG.java:293)
at org.testng.remote.RemoteTestNG.main(RemoteTestNG.java:91)
]]>
    </failure>
  </testcase> <!-- getlinkedDocumentv4 -->
  <testcase classname="Public.ServiceLocationV3" name="getServicesByLocation_v_3" time="0.412"/>
  <testcase classname="Public.ServiceLocationV4" name="getServicesByLocation_v_4" time="0.184"/>
  <testcase classname="Public.ServiceOrderControllerV3" name="postcreateServiceOrder_v3" time="0.186"/>
  <testcase classname="Public.ServiceOrderControllerV3" name="getServiceOrder_v3" time="0.209"/>
  <testcase classname="Public.ServiceOrderControllerV3" name="getServiceOrderRequestDetails_v3" time="0.212"/>
  <testcase classname="Public.ServiceOrderControllerV3" name="getServiceOrderRequestDetailsbyOptional_v3" time="0.302"/>
  <testcase classname="Public.ServiceOrderControllerV3" name="putaddMeterReading_v_3" time="0.348"/>
  <testcase classname="Public.ServiceOrderControllerV3" name="putupdatecomment_v_3" time="0.185"/>
  <testcase classname="Public.ServiceOrderControllerV3" name="putaddMiscCharge_v_3" time="0.266"/>
  <testcase classname="Public.ServiceOrderControllerV3" name="putswitchMeter_v_3" time="0.247"/>
  <testcase classname="Public.ServiceOrderControllerV3" name="putTaskCompleteNocharge_v3" time="0.214"/>
  <testcase classname="Public.ServiceOrderControllerV4" name="getServiceOrderdetails_v4" time="0.424"/>
  <testcase classname="Public.ServiceOrderControllerV4" name="postCreateServiceOrderv4UseScheduleDateForSODetailfalse" time="10.209"/>
  <testcase classname="Public.ServiceOrderControllerV4" name="postCreateServiceOrderv4UseScheduleDateForSODetailtrue" time="10.248"/>
  <testcase classname="Public.spaController" name="getoutstandingDocuments_v_2" time="0.415"/>
  <testcase classname="Public.spaController" name="getheaderInfo_v_2" time="0.328"/>
  <testcase classname="Public.spaController" name="getspadetails_v_2" time="0.266"/>
  <testcase classname="Public.spaController" name="getspadocuments_v_2" time="0.331"/>
  <testcase classname="Public.spaController" name="putcalculatedocuments_v_2" time="0.271"/>
  <testcase classname="Public.spaController" name="getcalculatedocuments_v_2" time="0.25"/>
  <testcase classname="Public.spaController" name="getspaAccountBalances_v_2" time="0.296"/>
  <testcase classname="Public.spaControllerV3" name="getoutstandingDocuments_v_3" time="0.247"/>
  <testcase classname="Public.spaControllerV3" name="getheaderInfo_v_3" time="0.222"/>
  <testcase classname="Public.spaControllerV3" name="getspadetails_v_3" time="0.22"/>
  <testcase classname="Public.spaControllerV3" name="getspadocuments_v_3" time="0.215"/>
  <testcase classname="Public.spaControllerV3" name="putcalculatedocuments_v_3" time="0.236"/>
  <testcase classname="Public.spaControllerV3" name="getcalculatedocuments_v_3" time="0.264"/>
  <testcase classname="Public.spaControllerV3" name="getspaAccountBalances_v_3" time="0.269"/>
  <testcase classname="Private.BaseClass" name="@BeforeSuite setupReport" time="0.0">
    <ignored/>
  </testcase> <!-- @BeforeSuite setupReport -->
  <testcase classname="Private.BaseClass" name="@BeforeSuite setupReport" time="0.0">
    <ignored/>
  </testcase> <!-- @BeforeSuite setupReport -->
  <testcase classname="Private.BaseClass" name="@AfterSuite tearDownReport" time="0.0">
    <ignored/>
  </testcase> <!-- @AfterSuite tearDownReport -->
  <testcase classname="Public.BaseClass" name="@AfterSuite flush" time="0.0">
    <ignored/>
  </testcase> <!-- @AfterSuite flush -->
  <testcase classname="Private.BaseClass" name="@BeforeSuite setupReport" time="0.0">
    <ignored/>
  </testcase> <!-- @BeforeSuite setupReport -->
  <testcase classname="Public.BaseClass" name="@AfterSuite flush" time="0.0">
    <ignored/>
  </testcase> <!-- @AfterSuite flush -->
  <testcase classname="Private.BaseClass" name="@AfterSuite tearDownReport" time="0.0">
    <ignored/>
  </testcase> <!-- @AfterSuite tearDownReport -->
  <testcase classname="Private.BaseClass" name="@AfterSuite tearDownReport" time="0.0">
    <ignored/>
  </testcase> <!-- @AfterSuite tearDownReport -->
  <testcase classname="Private.BaseClass" name="@BeforeSuite setupReport" time="0.0">
    <ignored/>
  </testcase> <!-- @BeforeSuite setupReport -->
  <testcase classname="Private.BaseClass" name="@AfterSuite tearDownReport" time="0.0">
    <ignored/>
  </testcase> <!-- @AfterSuite tearDownReport -->
  <testcase classname="Public.BaseClass" name="@BeforeSuite BeforeTest" time="0.0">
    <ignored/>
  </testcase> <!-- @BeforeSuite BeforeTest -->
  <testcase classname="Public.BaseClass" name="@BeforeSuite BeforeTest" time="0.0">
    <ignored/>
  </testcase> <!-- @BeforeSuite BeforeTest -->
  <testcase classname="Private.BaseClass" name="@AfterSuite tearDownReport" time="0.0">
    <ignored/>
  </testcase> <!-- @AfterSuite tearDownReport -->
  <testcase classname="Private.BaseClass" name="@BeforeSuite setupReport" time="0.0">
    <ignored/>
  </testcase> <!-- @BeforeSuite setupReport -->
</testsuite> <!-- Nexus API Automation -->
