<?xml version="1.0" encoding="UTF-8"?>
<!-- Generated by org.testng.reporters.JUnitXMLReporter -->
<testsuite ignored="113" hostname="DESKTOP-QU86F3Q" failures="3" tests="68" name="Nexus API Automation(failed)" time="15.96" errors="0" timestamp="2025-04-30T15:59:25 PKT">
  <testcase classname="Private.voidController" name="putvoidv4" time="0.049">
    <skipped/>
  </testcase> <!-- putvoidv4 -->
  <testcase classname="Private.voidController" name="getVoidLaodv4" time="0.0">
    <skipped/>
  </testcase> <!-- getVoidLaodv4 -->
  <testcase classname="Private.voidController" name="getlinkedDocumentv4" time="0.0">
    <skipped/>
  </testcase> <!-- getlinkedDocumentv4 -->
  <testcase classname="Private.transactionsControllerv4" name="gettransactionsWriteoff_v4" time="0.003">
    <skipped/>
  </testcase> <!-- gettransactionsWriteoff_v4 -->
  <testcase classname="Private.transactionsControllerv4" name="gettransactionpayment_v3_false" time="0.005">
    <skipped/>
  </testcase> <!-- gettransactionpayment_v3_false -->
  <testcase classname="Private.transactionsControllerv4" name="gettransactionpayment_v4_false" time="0.005">
    <skipped/>
  </testcase> <!-- gettransactionpayment_v4_false -->
  <testcase classname="Private.CashieringController" name="TC003_1_getCashin" time="4.399"/>
  <testcase classname="Private.CashieringController" name="TC004_balances" time="0.983"/>
  <testcase classname="Private.CashieringController" name="TC003_getnextReceipt" time="0.321"/>
  <testcase classname="Private.CashieringController" name="TC004_getReceipt" time="0.442"/>
  <testcase classname="Private.CashieringController" name="TC005_getRegisterInfo" time="0.49"/>
  <testcase classname="Private.CashieringController" name="TC006_gettransactions" time="0.002">
    <skipped/>
  </testcase> <!-- TC006_gettransactions -->
  <testcase classname="Private.CashieringController" name="TC007_getAutoApply" time="0.0">
    <skipped/>
  </testcase> <!-- TC007_getAutoApply -->
  <testcase classname="Private.BatchControllerv4" name="postBatchtv4" time="0.466"/>
  <testcase classname="Private.BatchControllerv4" name="postBatchtv4_err" time="0.277"/>
  <testcase classname="Private.AlertPanelController" name="getalert_v4" time="0.419"/>
  <testcase classname="Private.AlertPanelController" name="getalertaccountAttributes_v4" time="0.292"/>
  <testcase classname="Private.customerControllerV4" name="getCustomerAddressInfo" time="0.001">
    <skipped/>
  </testcase> <!-- getCustomerAddressInfo -->
  <testcase classname="Private.customerControllerV4" name="putupdateCustomersInfov4" time="0.001">
    <skipped/>
  </testcase> <!-- putupdateCustomersInfov4 -->
  <testcase classname="Private.customerControllerV4" name="putupdateCustomersInfov4Pos" time="0.003">
    <skipped/>
  </testcase> <!-- putupdateCustomersInfov4Pos -->
  <testcase classname="Private.PaymentControllerV4" name="postPaymentSimulatev4" time="0.001">
    <skipped/>
  </testcase> <!-- postPaymentSimulatev4 -->
  <testcase classname="Private.PaymentControllerV4" name="postPaymentSimulateExt" time="0.001">
    <skipped/>
  </testcase> <!-- postPaymentSimulateExt -->
  <testcase classname="Private.SmartyStreetValidationV4" name="postSmartyStreetValidationv4" time="0.001">
    <skipped/>
  </testcase> <!-- postSmartyStreetValidationv4 -->
  <testcase classname="Public.accountBalancesv4" name="getAccountBalancesV4" time="0.001">
    <skipped/>
  </testcase> <!-- getAccountBalancesV4 -->
  <testcase classname="Public.createandcancelSpaV3" name="cancelSPA_v_3" time="0.946"/>
  <testcase classname="Public.createandcancelSpaV3" name="createSPA_v_4" time="0.33"/>
  <testcase classname="Private.ActionsMenuController_ExtentReports" name="getActionsMenu_v4" time="0.273"/>
  <testcase classname="Public.PaymentExtension" name="postPaymentv2" time="0.001">
    <skipped/>
  </testcase> <!-- postPaymentv2 -->
  <testcase classname="Public.PaymentExtension" name="postPaymentv2_2" time="0.001">
    <skipped/>
  </testcase> <!-- postPaymentv2_2 -->
  <testcase classname="Private.SmartlistControllerV3" name="postsmartlistfavorite_v_3" time="0.001">
    <skipped/>
  </testcase> <!-- postsmartlistfavorite_v_3 -->
  <testcase classname="Private.SmartlistControllerV3" name="getsmartList_v_3" time="0.001">
    <skipped/>
  </testcase> <!-- getsmartList_v_3 -->
  <testcase classname="Public.checkControllerv4" name="postingReceivable4RefundError" time="0.55">
    <failure type="java.lang.AssertionError" message="{&amp;quot;Check&amp;quot;:{&amp;quot;Success&amp;quot;:false,&amp;quot;Data&amp;quot;:{&amp;quot;DocumentNumber&amp;quot;:&amp;quot;CHEQ00000000014&amp;quot;,&amp;quot;Receivable&amp;quot;:null,&amp;quot;PostingReport&amp;quot;:false,&amp;quot;PostingError&amp;quot;:true,&amp;quot;ReportList&amp;quot;:[],&amp;quot;ReportErrorList&amp;quot;:[{&amp;quot;Name&amp;quot;:&amp;quot;Post Check Refund Error List&amp;quot;,&amp;quot;PrintOrder&amp;quot;:1}]},&amp;quot;Messages&amp;quot;:[{&amp;quot;Enabled&amp;quot;:1,&amp;quot;Info&amp;quot;:&amp;quot;Posting validation error found. Refer to posting error report.&amp;quot;,&amp;quot;Level&amp;quot;:3}]}}">
      <![CDATA[java.lang.AssertionError: {"Check":{"Success":false,"Data":{"DocumentNumber":"CHEQ00000000014","Receivable":null,"PostingReport":false,"PostingError":true,"ReportList":[],"ReportErrorList":[{"Name":"Post Check Refund Error List","PrintOrder":1}]},"Messages":[{"Enabled":1,"Info":"Posting validation error found. Refer to posting error report.","Level":3}]}}
at org.testng.AssertJUnit.fail(AssertJUnit.java:65)
at Public.checkControllerv4.postingReceivable4RefundError(checkControllerv4.java:214)
at java.base/jdk.internal.reflect.NativeMethodAccessorImpl.invoke0(Native Method)
at java.base/jdk.internal.reflect.NativeMethodAccessorImpl.invoke(NativeMethodAccessorImpl.java:62)
at java.base/jdk.internal.reflect.DelegatingMethodAccessorImpl.invoke(DelegatingMethodAccessorImpl.java:43)
at java.base/java.lang.reflect.Method.invoke(Method.java:566)
at org.testng.internal.invokers.MethodInvocationHelper.invokeMethod(MethodInvocationHelper.java:141)
at org.testng.internal.invokers.TestInvoker.invokeMethod(TestInvoker.java:686)
at org.testng.internal.invokers.TestInvoker.invokeTestMethod(TestInvoker.java:230)
at org.testng.internal.invokers.MethodRunner.runInSequence(MethodRunner.java:63)
at org.testng.internal.invokers.TestInvoker$MethodInvocationAgent.invoke(TestInvoker.java:992)
at org.testng.internal.invokers.TestInvoker.invokeTestMethods(TestInvoker.java:203)
at org.testng.internal.invokers.TestMethodWorker.invokeTestMethods(TestMethodWorker.java:154)
at org.testng.internal.invokers.TestMethodWorker.run(TestMethodWorker.java:134)
at java.base/java.util.ArrayList.forEach(ArrayList.java:1541)
at org.testng.TestRunner.privateRun(TestRunner.java:739)
at org.testng.TestRunner.run(TestRunner.java:614)
at org.testng.SuiteRunner.runTest(SuiteRunner.java:421)
at org.testng.SuiteRunner.runSequentially(SuiteRunner.java:413)
at org.testng.SuiteRunner.privateRun(SuiteRunner.java:373)
at org.testng.SuiteRunner.run(SuiteRunner.java:312)
at org.testng.SuiteRunnerWorker.runSuite(SuiteRunnerWorker.java:52)
at org.testng.SuiteRunnerWorker.run(SuiteRunnerWorker.java:95)
at org.testng.TestNG.runSuitesSequentially(TestNG.java:1274)
at org.testng.TestNG.runSuitesLocally(TestNG.java:1208)
at org.testng.TestNG.runSuites(TestNG.java:1112)
at org.testng.TestNG.run(TestNG.java:1079)
at org.testng.remote.AbstractRemoteTestNG.run(AbstractRemoteTestNG.java:115)
at org.testng.remote.RemoteTestNG.initAndRun(RemoteTestNG.java:293)
at org.testng.remote.RemoteTestNG.main(RemoteTestNG.java:91)
]]>
    </failure>
  </testcase> <!-- postingReceivable4RefundError -->
  <testcase classname="Private.lookupControllerv4" name="getapplyByService_Paymentsv4" time="0.241"/>
  <testcase classname="Private.lookupControllerv4" name="getapplyByService_v4" time="0.231"/>
  <testcase classname="Private.lookupControllerv4" name="lookupMeterReadv4" time="0.001">
    <skipped/>
  </testcase> <!-- lookupMeterReadv4 -->
  <testcase classname="Private.lookupControllerv4" name="lookupMiscChargeDocuments" time="0.001">
    <skipped/>
  </testcase> <!-- lookupMiscChargeDocuments -->
  <testcase classname="Private.lookupControllerv4" name="lookupPaymentDocuments" time="0.001">
    <skipped/>
  </testcase> <!-- lookupPaymentDocuments -->
  <testcase classname="Private.lookupControllerv4" name="lookuptranferBillToCustomerDeposit" time="0.001">
    <skipped/>
  </testcase> <!-- lookuptranferBillToCustomerDeposit -->
  <testcase classname="Public.ServiceOrderControllerV4" name="getServiceOrderdetails_v4" time="0.001">
    <skipped/>
  </testcase> <!-- getServiceOrderdetails_v4 -->
  <testcase classname="Public.ServiceOrderControllerV4" name="postCreateServiceOrderv4UseScheduleDateForSODetailfalse" time="0.001">
    <skipped/>
  </testcase> <!-- postCreateServiceOrderv4UseScheduleDateForSODetailfalse -->
  <testcase classname="Public.ServiceOrderControllerV4" name="postCreateServiceOrderv4UseScheduleDateForSODetailtrue" time="0.001">
    <skipped/>
  </testcase> <!-- postCreateServiceOrderv4UseScheduleDateForSODetailtrue -->
  <testcase classname="Public.CashieringGet" name="TC003_getCashin" time="0.242"/>
  <testcase classname="Public.CashieringGet" name="TC004_balances" time="0.264"/>
  <testcase classname="Public.CashieringGet" name="TC003_getnextReceipt" time="0.282"/>
  <testcase classname="Public.CashieringGet" name="TC004_getReceipt" time="0.397"/>
  <testcase classname="Public.CashieringGet" name="TC005_getRegisterInfo" time="0.205"/>
  <testcase classname="Public.CashieringGet" name="TC006_gettransactions" time="0.001">
    <skipped/>
  </testcase> <!-- TC006_gettransactions -->
  <testcase classname="Public.CashieringGet" name="TC007_getAutoApply" time="0.0">
    <skipped/>
  </testcase> <!-- TC007_getAutoApply -->
  <testcase classname="Private.MeterReadControllerV4" name="putMeterReadinginWorkV4" time="0.0">
    <skipped/>
  </testcase> <!-- putMeterReadinginWorkV4 -->
  <testcase classname="Private.MeterReadControllerV4" name="deletemeterReadingvalidv4" time="0.001">
    <skipped/>
  </testcase> <!-- deletemeterReadingvalidv4 -->
  <testcase classname="Private.MeterReadControllerV4" name="deletemeterReadingErrorv4" time="0.0">
    <skipped/>
  </testcase> <!-- deletemeterReadingErrorv4 -->
  <testcase classname="Private.MeterReadControllerV4" name="PostMeterReadv4" time="0.0">
    <skipped/>
  </testcase> <!-- PostMeterReadv4 -->
  <testcase classname="Private.MeterReadControllerV4" name="postmoveOpenToHistoryv4" time="0.0">
    <skipped/>
  </testcase> <!-- postmoveOpenToHistoryv4 -->
  <testcase classname="Public.ServiceOrderControllerV3" name="getServiceOrderRequestDetailsbyOptional_v3" time="0.001">
    <skipped/>
  </testcase> <!-- getServiceOrderRequestDetailsbyOptional_v3 -->
  <testcase classname="Private.BillingControllerv4" name="delBatv4" time="0.362">
    <failure type="java.lang.AssertionError" message="1 expectation failed.
Response body doesn&amp;apos;t match expectation.
Expected: a string containing &amp;quot;{\&amp;quot;Billing\&amp;quot;:{\&amp;quot;Success\&amp;quot;:true,\&amp;quot;Data\&amp;quot;:null,\&amp;quot;Messages\&amp;quot;:[{\&amp;quot;Enabled\&amp;quot;:1,\&amp;quot;Info\&amp;quot;:\&amp;quot;Billing batch deleted.\&amp;quot;,\&amp;quot;Level\&amp;quot;:1}]}}&amp;quot;
  Actual: {&amp;quot;Billing&amp;quot;:{&amp;quot;Success&amp;quot;:false,&amp;quot;Data&amp;quot;:null,&amp;quot;Messages&amp;quot;:[{&amp;quot;Enabled&amp;quot;:1,&amp;quot;Info&amp;quot;:&amp;quot;Invalid Batch Id TEST109&amp;quot;,&amp;quot;Level&amp;quot;:3}]}}
">
      <![CDATA[java.lang.AssertionError: 1 expectation failed.
Response body doesn't match expectation.
Expected: a string containing "{\"Billing\":{\"Success\":true,\"Data\":null,\"Messages\":[{\"Enabled\":1,\"Info\":\"Billing batch deleted.\",\"Level\":1}]}}"
  Actual: {"Billing":{"Success":false,"Data":null,"Messages":[{"Enabled":1,"Info":"Invalid Batch Id TEST109","Level":3}]}}

at java.base/jdk.internal.reflect.NativeConstructorAccessorImpl.newInstance0(Native Method)
at java.base/jdk.internal.reflect.NativeConstructorAccessorImpl.newInstance(NativeConstructorAccessorImpl.java:62)
at java.base/jdk.internal.reflect.DelegatingConstructorAccessorImpl.newInstance(DelegatingConstructorAccessorImpl.java:45)
at java.base/java.lang.reflect.Constructor.newInstance(Constructor.java:490)
at org.codehaus.groovy.reflection.CachedConstructor.invoke(CachedConstructor.java:80)
at org.codehaus.groovy.reflection.CachedConstructor.doConstructorInvoke(CachedConstructor.java:74)
at org.codehaus.groovy.runtime.callsite.ConstructorSite$ConstructorSiteNoUnwrap.callConstructor(ConstructorSite.java:84)
at org.codehaus.groovy.runtime.callsite.CallSiteArray.defaultCallConstructor(CallSiteArray.java:59)
at org.codehaus.groovy.runtime.callsite.AbstractCallSite.callConstructor(AbstractCallSite.java:237)
at org.codehaus.groovy.runtime.callsite.AbstractCallSite.callConstructor(AbstractCallSite.java:249)
at io.restassured.internal.ResponseSpecificationImpl$HamcrestAssertionClosure.validate(ResponseSpecificationImpl.groovy:493)
at io.restassured.internal.ResponseSpecificationImpl$HamcrestAssertionClosure$validate$1.call(Unknown Source)
at org.codehaus.groovy.runtime.callsite.CallSiteArray.defaultCall(CallSiteArray.java:47)
at org.codehaus.groovy.runtime.callsite.AbstractCallSite.call(AbstractCallSite.java:115)
at org.codehaus.groovy.runtime.callsite.AbstractCallSite.call(AbstractCallSite.java:127)
at io.restassured.internal.ResponseSpecificationImpl.validateResponseIfRequired(ResponseSpecificationImpl.groovy:674)
at java.base/jdk.internal.reflect.NativeMethodAccessorImpl.invoke0(Native Method)
at java.base/jdk.internal.reflect.NativeMethodAccessorImpl.invoke(NativeMethodAccessorImpl.java:62)
at java.base/jdk.internal.reflect.DelegatingMethodAccessorImpl.invoke(DelegatingMethodAccessorImpl.java:43)
at java.base/java.lang.reflect.Method.invoke(Method.java:566)
at org.codehaus.groovy.runtime.callsite.PlainObjectMetaMethodSite.doInvoke(PlainObjectMetaMethodSite.java:43)
at org.codehaus.groovy.runtime.callsite.PogoMetaMethodSite$PogoCachedMethodSiteNoUnwrapNoCoerce.invoke(PogoMetaMethodSite.java:190)
at org.codehaus.groovy.runtime.callsite.PogoMetaMethodSite.callCurrent(PogoMetaMethodSite.java:58)
at org.codehaus.groovy.runtime.callsite.CallSiteArray.defaultCallCurrent(CallSiteArray.java:51)
at org.codehaus.groovy.runtime.callsite.AbstractCallSite.callCurrent(AbstractCallSite.java:156)
at org.codehaus.groovy.runtime.callsite.AbstractCallSite.callCurrent(AbstractCallSite.java:168)
at io.restassured.internal.ResponseSpecificationImpl.body(ResponseSpecificationImpl.groovy:98)
at io.restassured.internal.ValidatableResponseOptionsImpl.body(ValidatableResponseOptionsImpl.java:238)
at io.restassured.internal.ValidatableResponseImpl.super$2$body(ValidatableResponseImpl.groovy)
at java.base/jdk.internal.reflect.NativeMethodAccessorImpl.invoke0(Native Method)
at java.base/jdk.internal.reflect.NativeMethodAccessorImpl.invoke(NativeMethodAccessorImpl.java:62)
at java.base/jdk.internal.reflect.DelegatingMethodAccessorImpl.invoke(DelegatingMethodAccessorImpl.java:43)
at java.base/java.lang.reflect.Method.invoke(Method.java:566)
at org.codehaus.groovy.reflection.CachedMethod.invoke(CachedMethod.java:101)
at groovy.lang.MetaMethod.doMethodInvoke(MetaMethod.java:323)
at groovy.lang.MetaClassImpl.invokeMethod(MetaClassImpl.java:1217)
at org.codehaus.groovy.runtime.ScriptBytecodeAdapter.invokeMethodOnSuperN(ScriptBytecodeAdapter.java:144)
at io.restassured.internal.ValidatableResponseImpl.body(ValidatableResponseImpl.groovy:293)
at io.restassured.internal.ValidatableResponseImpl.body(ValidatableResponseImpl.groovy)
at com.NexustAPIAutomation.java.CommonMethods.deleteMethod(CommonMethods.java:1458)
at Private.BillingControllerv4.delBatv4(BillingControllerv4.java:32)
at java.base/jdk.internal.reflect.NativeMethodAccessorImpl.invoke0(Native Method)
at java.base/jdk.internal.reflect.NativeMethodAccessorImpl.invoke(NativeMethodAccessorImpl.java:62)
at java.base/jdk.internal.reflect.DelegatingMethodAccessorImpl.invoke(DelegatingMethodAccessorImpl.java:43)
at java.base/java.lang.reflect.Method.invoke(Method.java:566)
at org.testng.internal.invokers.MethodInvocationHelper.invokeMethod(MethodInvocationHelper.java:141)
at org.testng.internal.invokers.TestInvoker.invokeMethod(TestInvoker.java:686)
at org.testng.internal.invokers.TestInvoker.invokeTestMethod(TestInvoker.java:230)
at org.testng.internal.invokers.MethodRunner.runInSequence(MethodRunner.java:63)
at org.testng.internal.invokers.TestInvoker$MethodInvocationAgent.invoke(TestInvoker.java:992)
at org.testng.internal.invokers.TestInvoker.invokeTestMethods(TestInvoker.java:203)
at org.testng.internal.invokers.TestMethodWorker.invokeTestMethods(TestMethodWorker.java:154)
at org.testng.internal.invokers.TestMethodWorker.run(TestMethodWorker.java:134)
at java.base/java.util.ArrayList.forEach(ArrayList.java:1541)
at org.testng.TestRunner.privateRun(TestRunner.java:739)
at org.testng.TestRunner.run(TestRunner.java:614)
at org.testng.SuiteRunner.runTest(SuiteRunner.java:421)
at org.testng.SuiteRunner.runSequentially(SuiteRunner.java:413)
at org.testng.SuiteRunner.privateRun(SuiteRunner.java:373)
at org.testng.SuiteRunner.run(SuiteRunner.java:312)
at org.testng.SuiteRunnerWorker.runSuite(SuiteRunnerWorker.java:52)
at org.testng.SuiteRunnerWorker.run(SuiteRunnerWorker.java:95)
at org.testng.TestNG.runSuitesSequentially(TestNG.java:1274)
at org.testng.TestNG.runSuitesLocally(TestNG.java:1208)
at org.testng.TestNG.runSuites(TestNG.java:1112)
at org.testng.TestNG.run(TestNG.java:1079)
at org.testng.remote.AbstractRemoteTestNG.run(AbstractRemoteTestNG.java:115)
at org.testng.remote.RemoteTestNG.initAndRun(RemoteTestNG.java:293)
at org.testng.remote.RemoteTestNG.main(RemoteTestNG.java:91)
]]>
    </failure>
  </testcase> <!-- delBatv4 -->
  <testcase classname="Private.BillingControllerv4" name="delBatv4Err" time="0.208"/>
  <testcase classname="Private.BillingControllerv4" name="PostBillingcalculatev4" time="0.486"/>
  <testcase classname="Private.BillingControllerv4" name="PostgenerateEditReportv4" time="0.778"/>
  <testcase classname="Private.BillingControllerv4" name="postcreateStatementv4" time="0.811"/>
  <testcase classname="Private.BillingControllerv4" name="postcreateStatementv4_isfinal" time="0.251"/>
  <testcase classname="Private.BillingControllerv4" name="billingprintStatementv4" time="0.001">
    <skipped/>
  </testcase> <!-- billingprintStatementv4 -->
  <testcase classname="Private.BillingControllerv4" name="postBillingv4" time="0.001">
    <skipped/>
  </testcase> <!-- postBillingv4 -->
  <testcase classname="Private.BillingControllerv4" name="printcsvbillingStatements" time="0.0">
    <skipped/>
  </testcase> <!-- printcsvbillingStatements -->
  <testcase classname="Private.BillingControllerv4" name="getbillingtransferProgress" time="0.001">
    <skipped/>
  </testcase> <!-- getbillingtransferProgress -->
  <testcase classname="Private.BillingControllerv4" name="delBatv4_EditListPrint" time="0.213"/>
  <testcase classname="Private.BillingControllerv4" name="getBatchIdValidate" time="0.19"/>
  <testcase classname="Private.BillingControllerv4" name="delBatv4_calculating" time="0.183">
    <failure type="java.lang.AssertionError" message="1 expectation failed.
Response body doesn&amp;apos;t match expectation.
Expected: a string containing &amp;quot;{\&amp;quot;Billing\&amp;quot;:{\&amp;quot;Success\&amp;quot;:true,\&amp;quot;Data\&amp;quot;:null,\&amp;quot;Messages\&amp;quot;:[{\&amp;quot;Enabled\&amp;quot;:1,\&amp;quot;Info\&amp;quot;:\&amp;quot;Billing batch deleted.\&amp;quot;,\&amp;quot;Level\&amp;quot;:1}]}}&amp;quot;
  Actual: {&amp;quot;Billing&amp;quot;:{&amp;quot;Success&amp;quot;:false,&amp;quot;Data&amp;quot;:null,&amp;quot;Messages&amp;quot;:[{&amp;quot;Enabled&amp;quot;:1,&amp;quot;Info&amp;quot;:&amp;quot;Invalid Batch Id BATCHID&amp;quot;,&amp;quot;Level&amp;quot;:3}]}}
">
      <![CDATA[java.lang.AssertionError: 1 expectation failed.
Response body doesn't match expectation.
Expected: a string containing "{\"Billing\":{\"Success\":true,\"Data\":null,\"Messages\":[{\"Enabled\":1,\"Info\":\"Billing batch deleted.\",\"Level\":1}]}}"
  Actual: {"Billing":{"Success":false,"Data":null,"Messages":[{"Enabled":1,"Info":"Invalid Batch Id BATCHID","Level":3}]}}

at java.base/jdk.internal.reflect.NativeConstructorAccessorImpl.newInstance0(Native Method)
at java.base/jdk.internal.reflect.NativeConstructorAccessorImpl.newInstance(NativeConstructorAccessorImpl.java:62)
at java.base/jdk.internal.reflect.DelegatingConstructorAccessorImpl.newInstance(DelegatingConstructorAccessorImpl.java:45)
at java.base/java.lang.reflect.Constructor.newInstance(Constructor.java:490)
at org.codehaus.groovy.reflection.CachedConstructor.invoke(CachedConstructor.java:80)
at org.codehaus.groovy.reflection.CachedConstructor.doConstructorInvoke(CachedConstructor.java:74)
at org.codehaus.groovy.runtime.callsite.ConstructorSite$ConstructorSiteNoUnwrap.callConstructor(ConstructorSite.java:84)
at org.codehaus.groovy.runtime.callsite.AbstractCallSite.callConstructor(AbstractCallSite.java:249)
at io.restassured.internal.ResponseSpecificationImpl$HamcrestAssertionClosure.validate(ResponseSpecificationImpl.groovy:493)
at io.restassured.internal.ResponseSpecificationImpl$HamcrestAssertionClosure$validate$1.call(Unknown Source)
at io.restassured.internal.ResponseSpecificationImpl.validateResponseIfRequired(ResponseSpecificationImpl.groovy:674)
at java.base/jdk.internal.reflect.NativeMethodAccessorImpl.invoke0(Native Method)
at java.base/jdk.internal.reflect.NativeMethodAccessorImpl.invoke(NativeMethodAccessorImpl.java:62)
at java.base/jdk.internal.reflect.DelegatingMethodAccessorImpl.invoke(DelegatingMethodAccessorImpl.java:43)
at java.base/java.lang.reflect.Method.invoke(Method.java:566)
at org.codehaus.groovy.runtime.callsite.PlainObjectMetaMethodSite.doInvoke(PlainObjectMetaMethodSite.java:43)
at org.codehaus.groovy.runtime.callsite.PogoMetaMethodSite$PogoCachedMethodSiteNoUnwrapNoCoerce.invoke(PogoMetaMethodSite.java:190)
at org.codehaus.groovy.runtime.callsite.PogoMetaMethodSite.callCurrent(PogoMetaMethodSite.java:58)
at org.codehaus.groovy.runtime.callsite.AbstractCallSite.callCurrent(AbstractCallSite.java:168)
at io.restassured.internal.ResponseSpecificationImpl.body(ResponseSpecificationImpl.groovy:98)
at io.restassured.internal.ValidatableResponseOptionsImpl.body(ValidatableResponseOptionsImpl.java:238)
at io.restassured.internal.ValidatableResponseImpl.super$2$body(ValidatableResponseImpl.groovy)
at java.base/jdk.internal.reflect.NativeMethodAccessorImpl.invoke0(Native Method)
at java.base/jdk.internal.reflect.NativeMethodAccessorImpl.invoke(NativeMethodAccessorImpl.java:62)
at java.base/jdk.internal.reflect.DelegatingMethodAccessorImpl.invoke(DelegatingMethodAccessorImpl.java:43)
at java.base/java.lang.reflect.Method.invoke(Method.java:566)
at org.codehaus.groovy.reflection.CachedMethod.invoke(CachedMethod.java:101)
at groovy.lang.MetaMethod.doMethodInvoke(MetaMethod.java:323)
at groovy.lang.MetaClassImpl.invokeMethod(MetaClassImpl.java:1217)
at org.codehaus.groovy.runtime.ScriptBytecodeAdapter.invokeMethodOnSuperN(ScriptBytecodeAdapter.java:144)
at io.restassured.internal.ValidatableResponseImpl.body(ValidatableResponseImpl.groovy:293)
at io.restassured.internal.ValidatableResponseImpl.body(ValidatableResponseImpl.groovy)
at com.NexustAPIAutomation.java.CommonMethods.deleteMethod(CommonMethods.java:1458)
at Private.BillingControllerv4.delBatv4_calculating(BillingControllerv4.java:447)
at java.base/jdk.internal.reflect.NativeMethodAccessorImpl.invoke0(Native Method)
at java.base/jdk.internal.reflect.NativeMethodAccessorImpl.invoke(NativeMethodAccessorImpl.java:62)
at java.base/jdk.internal.reflect.DelegatingMethodAccessorImpl.invoke(DelegatingMethodAccessorImpl.java:43)
at java.base/java.lang.reflect.Method.invoke(Method.java:566)
at org.testng.internal.invokers.MethodInvocationHelper.invokeMethod(MethodInvocationHelper.java:141)
at org.testng.internal.invokers.TestInvoker.invokeMethod(TestInvoker.java:686)
at org.testng.internal.invokers.TestInvoker.invokeTestMethod(TestInvoker.java:230)
at org.testng.internal.invokers.MethodRunner.runInSequence(MethodRunner.java:63)
at org.testng.internal.invokers.TestInvoker$MethodInvocationAgent.invoke(TestInvoker.java:992)
at org.testng.internal.invokers.TestInvoker.invokeTestMethods(TestInvoker.java:203)
at org.testng.internal.invokers.TestMethodWorker.invokeTestMethods(TestMethodWorker.java:154)
at org.testng.internal.invokers.TestMethodWorker.run(TestMethodWorker.java:134)
at java.base/java.util.ArrayList.forEach(ArrayList.java:1541)
at org.testng.TestRunner.privateRun(TestRunner.java:739)
at org.testng.TestRunner.run(TestRunner.java:614)
at org.testng.SuiteRunner.runTest(SuiteRunner.java:421)
at org.testng.SuiteRunner.runSequentially(SuiteRunner.java:413)
at org.testng.SuiteRunner.privateRun(SuiteRunner.java:373)
at org.testng.SuiteRunner.run(SuiteRunner.java:312)
at org.testng.SuiteRunnerWorker.runSuite(SuiteRunnerWorker.java:52)
at org.testng.SuiteRunnerWorker.run(SuiteRunnerWorker.java:95)
at org.testng.TestNG.runSuitesSequentially(TestNG.java:1274)
at org.testng.TestNG.runSuitesLocally(TestNG.java:1208)
at org.testng.TestNG.runSuites(TestNG.java:1112)
at org.testng.TestNG.run(TestNG.java:1079)
at org.testng.remote.AbstractRemoteTestNG.run(AbstractRemoteTestNG.java:115)
at org.testng.remote.RemoteTestNG.initAndRun(RemoteTestNG.java:293)
at org.testng.remote.RemoteTestNG.main(RemoteTestNG.java:91)
]]>
    </failure>
  </testcase> <!-- delBatv4_calculating -->
  <testcase classname="Public.customerControllerV3" name="getCustomerDetail_v3" time="0.0">
    <skipped/>
  </testcase> <!-- getCustomerDetail_v3 -->
  <testcase classname="Private.BaseClass" name="@AfterSuite tearDownReport" time="0.0">
    <ignored/>
  </testcase> <!-- @AfterSuite tearDownReport -->
  <testcase classname="Public.customerControllerV3" name="getCollectionsoptions_v2" time="0.0">
    <ignored/>
  </testcase> <!-- getCollectionsoptions_v2 -->
  <testcase classname="Private.PaymentControllerV4" name="putputPaymentV4" time="0.0">
    <ignored/>
  </testcase> <!-- putputPaymentV4 -->
  <testcase classname="Private.customerControllerV4" name="putupdateCustomerCard" time="0.0">
    <ignored/>
  </testcase> <!-- putupdateCustomerCard -->
  <testcase classname="Private.BaseClass" name="@BeforeSuite setupReport" time="0.0">
    <ignored/>
  </testcase> <!-- @BeforeSuite setupReport -->
  <testcase classname="Private.BaseClass" name="@AfterSuite tearDownReport" time="0.0">
    <ignored/>
  </testcase> <!-- @AfterSuite tearDownReport -->
  <testcase classname="Public.ServiceOrderControllerV3" name="getServiceOrderRequestDetails_v3" time="0.0">
    <ignored/>
  </testcase> <!-- getServiceOrderRequestDetails_v3 -->
  <testcase classname="Private.CashieringController" name="saveReciept_2_4" time="0.0">
    <ignored/>
  </testcase> <!-- saveReciept_2_4 -->
  <testcase classname="Private.PaymentControllerV4" name="delPaymentv4" time="0.0">
    <ignored/>
  </testcase> <!-- delPaymentv4 -->
  <testcase classname="Private.lookupControllerv4" name="lookupequipmentClassv4" time="0.0">
    <ignored/>
  </testcase> <!-- lookupequipmentClassv4 -->
  <testcase classname="Public.ServiceOrderControllerV3" name="putaddMiscCharge_v_3" time="0.0">
    <ignored/>
  </testcase> <!-- putaddMiscCharge_v_3 -->
  <testcase classname="Private.lookupControllerv4" name="lookupbillType" time="0.0">
    <ignored/>
  </testcase> <!-- lookupbillType -->
  <testcase classname="Private.CashieringController" name="saveReciept_4_SOTaskCompleteDepositPayment" time="0.0">
    <ignored/>
  </testcase> <!-- saveReciept_4_SOTaskCompleteDepositPayment -->
  <testcase classname="Private.lookupControllerv4" name="lookupserviceOrderTask" time="0.0">
    <ignored/>
  </testcase> <!-- lookupserviceOrderTask -->
  <testcase classname="Public.ServiceOrderControllerV3" name="putupdatecomment_v_3" time="0.0">
    <ignored/>
  </testcase> <!-- putupdatecomment_v_3 -->
  <testcase classname="Private.lookupControllerv4" name="lookupequipmentNetMetervType4" time="0.0">
    <ignored/>
  </testcase> <!-- lookupequipmentNetMetervType4 -->
  <testcase classname="Private.lookupControllerv4" name="lookupEquipmentAttributeProtection4" time="0.0">
    <ignored/>
  </testcase> <!-- lookupEquipmentAttributeProtection4 -->
  <testcase classname="Private.lookupControllerv4" name="lookupchargeTypeAll" time="0.0">
    <ignored/>
  </testcase> <!-- lookupchargeTypeAll -->
  <testcase classname="Private.BillingControllerv4" name="getbillprintTemplatePath" time="0.0">
    <ignored/>
  </testcase> <!-- getbillprintTemplatePath -->
  <testcase classname="Private.lookupControllerv4" name="lookupserviceOrderOrigin" time="0.0">
    <ignored/>
  </testcase> <!-- lookupserviceOrderOrigin -->
  <testcase classname="Private.lookupControllerv4" name="lookupMetergroup4" time="0.0">
    <ignored/>
  </testcase> <!-- lookupMetergroup4 -->
  <testcase classname="Private.CashieringController" name="TC002_RecieptAdjustment" time="0.0">
    <ignored/>
  </testcase> <!-- TC002_RecieptAdjustment -->
  <testcase classname="Public.customerControllerV3" name="putcustomersaddressv2" time="0.0">
    <ignored/>
  </testcase> <!-- putcustomersaddressv2 -->
  <testcase classname="Private.lookupControllerv4" name="lookupdocumentTypev4" time="0.0">
    <ignored/>
  </testcase> <!-- lookupdocumentTypev4 -->
  <testcase classname="Public.customerControllerV3" name="getnextCustomerId_v2" time="0.0">
    <ignored/>
  </testcase> <!-- getnextCustomerId_v2 -->
  <testcase classname="Private.lookupControllerv4" name="lookupequipmentStatusv4" time="0.0">
    <ignored/>
  </testcase> <!-- lookupequipmentStatusv4 -->
  <testcase classname="Private.transactionsControllerv4" name="gettransactionpayment_v4" time="0.0">
    <ignored/>
  </testcase> <!-- gettransactionpayment_v4 -->
  <testcase classname="Public.createandcancelSpaV3" name="putspaCalculate_v_3" time="0.0">
    <ignored/>
  </testcase> <!-- putspaCalculate_v_3 -->
  <testcase classname="Private.transactionsControllerv4" name="getMeterReadInquiryOpen_v4" time="0.0">
    <ignored/>
  </testcase> <!-- getMeterReadInquiryOpen_v4 -->
  <testcase classname="Private.BillingControllerv4" name="getBilltransferProgress" time="0.0">
    <ignored/>
  </testcase> <!-- getBilltransferProgress -->
  <testcase classname="Public.customerControllerV3" name="getLocationsByCustomer_v3" time="0.0">
    <ignored/>
  </testcase> <!-- getLocationsByCustomer_v3 -->
  <testcase classname="Private.BaseClass" name="@BeforeSuite setupReport" time="0.0">
    <ignored/>
  </testcase> <!-- @BeforeSuite setupReport -->
  <testcase classname="Private.BillingControllerv4" name="TC001_getutilitySetup" time="0.0">
    <ignored/>
  </testcase> <!-- TC001_getutilitySetup -->
  <testcase classname="Private.BillingControllerv4" name="billBatchStatus" time="0.0">
    <ignored/>
  </testcase> <!-- billBatchStatus -->
  <testcase classname="Private.CashieringController" name="saveReciept_4_prepaymentNewCustomer" time="0.0">
    <ignored/>
  </testcase> <!-- saveReciept_4_prepaymentNewCustomer -->
  <testcase classname="Private.transactionsControllerv4" name="getapplyByService_v4" time="0.0">
    <ignored/>
  </testcase> <!-- getapplyByService_v4 -->
  <testcase classname="Public.ServiceOrderControllerV3" name="getServiceOrder_v3" time="0.0">
    <ignored/>
  </testcase> <!-- getServiceOrder_v3 -->
  <testcase classname="Private.PaymentControllerV4" name="gettPaymentNextOpenv4" time="0.0">
    <ignored/>
  </testcase> <!-- gettPaymentNextOpenv4 -->
  <testcase classname="Private.lookupControllerv4" name="getlookupcreditCard_v4" time="0.0">
    <ignored/>
  </testcase> <!-- getlookupcreditCard_v4 -->
  <testcase classname="Private.lookupControllerv4" name="lookupCheckBookv4" time="0.0">
    <ignored/>
  </testcase> <!-- lookupCheckBookv4 -->
  <testcase classname="Private.transactionsControllerv4" name="gettransactionpaymentInvCred_v4" time="0.0">
    <ignored/>
  </testcase> <!-- gettransactionpaymentInvCred_v4 -->
  <testcase classname="Private.lookupControllerv4" name="elascticsearchcreateindex_v_4" time="0.0">
    <ignored/>
  </testcase> <!-- elascticsearchcreateindex_v_4 -->
  <testcase classname="Private.lookupControllerv4" name="lookuplocationClass" time="0.0">
    <ignored/>
  </testcase> <!-- lookuplocationClass -->
  <testcase classname="Private.CashieringController" name="saveReciept_4_SOTaskCompleteDepositPaymenttask2" time="0.0">
    <ignored/>
  </testcase> <!-- saveReciept_4_SOTaskCompleteDepositPaymenttask2 -->
  <testcase classname="Private.lookupControllerv4" name="lookupEquipmentRegisterCode4" time="0.0">
    <ignored/>
  </testcase> <!-- lookupEquipmentRegisterCode4 -->
  <testcase classname="Private.BillingControllerv4" name="billingfinalcalculatev4" time="0.0">
    <ignored/>
  </testcase> <!-- billingfinalcalculatev4 -->
  <testcase classname="Private.PaymentControllerV4" name="postPaymentSimulatev4_savePayments" time="0.0">
    <ignored/>
  </testcase> <!-- postPaymentSimulatev4_savePayments -->
  <testcase classname="Private.customerControllerV4" name="getSecondaryCustomer2" time="0.0">
    <ignored/>
  </testcase> <!-- getSecondaryCustomer2 -->
  <testcase classname="Public.customerControllerV3" name="putcustomerbillingoptionv2" time="0.0">
    <ignored/>
  </testcase> <!-- putcustomerbillingoptionv2 -->
  <testcase classname="Private.PaymentControllerV4" name="gettPaymentNextAllv4" time="0.0">
    <ignored/>
  </testcase> <!-- gettPaymentNextAllv4 -->
  <testcase classname="Private.lookupControllerv4" name="lookupzonev4" time="0.0">
    <ignored/>
  </testcase> <!-- lookupzonev4 -->
  <testcase classname="Private.MeterReadControllerV4" name="getmeterlastDocumentv4" time="0.0">
    <ignored/>
  </testcase> <!-- getmeterlastDocumentv4 -->
  <testcase classname="Private.lookupControllerv4" name="lookupkvaReadingType" time="0.0">
    <ignored/>
  </testcase> <!-- lookupkvaReadingType -->
  <testcase classname="Public.ServiceOrderControllerV3" name="postcreateServiceOrder_v3" time="0.0">
    <ignored/>
  </testcase> <!-- postcreateServiceOrder_v3 -->
  <testcase classname="Public.customerControllerV3" name="getinfolabels_v2" time="0.0">
    <ignored/>
  </testcase> <!-- getinfolabels_v2 -->
  <testcase classname="Private.lookupControllerv4" name="lookupbillingCyclePeriod" time="0.0">
    <ignored/>
  </testcase> <!-- lookupbillingCyclePeriod -->
  <testcase classname="Private.BatchControllerv4" name="putBatchtv4" time="0.0">
    <ignored/>
  </testcase> <!-- putBatchtv4 -->
  <testcase classname="Private.PaymentControllerV4" name="gettPaymentNextv4" time="0.0">
    <ignored/>
  </testcase> <!-- gettPaymentNextv4 -->
  <testcase classname="Private.lookupControllerv4" name="lookuplocation" time="0.0">
    <ignored/>
  </testcase> <!-- lookuplocation -->
  <testcase classname="Public.CashieringGet" name="TC003_1_getCashin" time="0.0">
    <ignored/>
  </testcase> <!-- TC003_1_getCashin -->
  <testcase classname="Private.PaymentControllerV4" name="postPaymentSimulatev4_savePayments_2" time="0.0">
    <ignored/>
  </testcase> <!-- postPaymentSimulatev4_savePayments_2 -->
  <testcase classname="Private.lookupControllerv4" name="getapplyByService_nonev4" time="0.0">
    <ignored/>
  </testcase> <!-- getapplyByService_nonev4 -->
  <testcase classname="Private.CashieringController" name="saveReciept_SOTaskCompleteDepositPaymenttaskNewCustomer" time="0.0">
    <ignored/>
  </testcase> <!-- saveReciept_SOTaskCompleteDepositPaymenttaskNewCustomer -->
  <testcase classname="Public.ServiceOrderControllerV3" name="putaddMeterReading_v_3" time="0.0">
    <ignored/>
  </testcase> <!-- putaddMeterReading_v_3 -->
  <testcase classname="Private.PaymentControllerV4" name="delPaymentv4Err" time="0.0">
    <ignored/>
  </testcase> <!-- delPaymentv4Err -->
  <testcase classname="Public.customerControllerV3" name="getlocationsByCustomerv_2_4_ExcludeFormer" time="0.0">
    <ignored/>
  </testcase> <!-- getlocationsByCustomerv_2_4_ExcludeFormer -->
  <testcase classname="Private.transactionsControllerv4" name="getMeterReadInquiryWork_v4" time="0.0">
    <ignored/>
  </testcase> <!-- getMeterReadInquiryWork_v4 -->
  <testcase classname="Public.PaymentExtension" name="paymentExtensionv2" time="0.0">
    <ignored/>
  </testcase> <!-- paymentExtensionv2 -->
  <testcase classname="Private.lookupControllerv4" name="lookupequipmentTypev4" time="0.0">
    <ignored/>
  </testcase> <!-- lookupequipmentTypev4 -->
  <testcase classname="Private.lookupControllerv4" name="lookupNsfReasonCodev4" time="0.0">
    <ignored/>
  </testcase> <!-- lookupNsfReasonCodev4 -->
  <testcase classname="Public.ServiceOrderControllerV3" name="putswitchMeter_v_3" time="0.0">
    <ignored/>
  </testcase> <!-- putswitchMeter_v_3 -->
  <testcase classname="Private.BillingControllerv4" name="getBatchIdValidatetrue" time="0.0">
    <ignored/>
  </testcase> <!-- getBatchIdValidatetrue -->
  <testcase classname="Private.lookupControllerv4" name="lookupbillingPrepareType" time="0.0">
    <ignored/>
  </testcase> <!-- lookupbillingPrepareType -->
  <testcase classname="Private.BaseClass" name="@AfterSuite tearDownReport" time="0.0">
    <ignored/>
  </testcase> <!-- @AfterSuite tearDownReport -->
  <testcase classname="Private.BaseClass" name="@AfterSuite tearDownReport" time="0.0">
    <ignored/>
  </testcase> <!-- @AfterSuite tearDownReport -->
  <testcase classname="Private.PaymentControllerV4" name="delPaymentv4CreditNote" time="0.0">
    <ignored/>
  </testcase> <!-- delPaymentv4CreditNote -->
  <testcase classname="Public.createandcancelSpaV3" name="recancelSPA_v_3" time="0.0">
    <ignored/>
  </testcase> <!-- recancelSPA_v_3 -->
  <testcase classname="Private.BillingControllerv4" name="TC002_getbillBatchStatus" time="0.0">
    <ignored/>
  </testcase> <!-- TC002_getbillBatchStatus -->
  <testcase classname="Private.customerControllerV4" name="getSecondaryCustomer" time="0.0">
    <ignored/>
  </testcase> <!-- getSecondaryCustomer -->
  <testcase classname="Public.customerControllerV3" name="putcustomersrolldownAddressCodev2" time="0.0">
    <ignored/>
  </testcase> <!-- putcustomersrolldownAddressCodev2 -->
  <testcase classname="Private.lookupControllerv4" name="lookupcollectionnoticeType" time="0.0">
    <ignored/>
  </testcase> <!-- lookupcollectionnoticeType -->
  <testcase classname="Private.transactionsControllerv4" name="gettransactionbatch_v4" time="0.0">
    <ignored/>
  </testcase> <!-- gettransactionbatch_v4 -->
  <testcase classname="Private.lookupControllerv4" name="getserviceAddressLookup_v4" time="0.0">
    <ignored/>
  </testcase> <!-- getserviceAddressLookup_v4 -->
  <testcase classname="Private.lookupControllerv4" name="lookupchargeType" time="0.0">
    <ignored/>
  </testcase> <!-- lookupchargeType -->
  <testcase classname="Private.lookupControllerv4" name="lookupchargeTypeAll2" time="0.0">
    <ignored/>
  </testcase> <!-- lookupchargeTypeAll2 -->
  <testcase classname="Private.SmartyStreetValidationV4" name="postvalidateAddressesandPostLocation" time="0.0">
    <ignored/>
  </testcase> <!-- postvalidateAddressesandPostLocation -->
  <testcase classname="Private.lookupControllerv4" name="lookupequipmentModelv4" time="0.0">
    <ignored/>
  </testcase> <!-- lookupequipmentModelv4 -->
  <testcase classname="Private.BaseClass" name="@BeforeSuite setupReport" time="0.0">
    <ignored/>
  </testcase> <!-- @BeforeSuite setupReport -->
  <testcase classname="Private.BaseClass" name="@BeforeSuite setupReport" time="0.0">
    <ignored/>
  </testcase> <!-- @BeforeSuite setupReport -->
  <testcase classname="Private.transactionsControllerv4" name="gettransactionpaymentInv_v4" time="0.0">
    <ignored/>
  </testcase> <!-- gettransactionpaymentInv_v4 -->
  <testcase classname="Private.customerControllerV4" name="getCustomerBasicInfo4" time="0.0">
    <ignored/>
  </testcase> <!-- getCustomerBasicInfo4 -->
  <testcase classname="Private.lookupControllerv4" name="lookupserviceOrderRequestedBy" time="0.0">
    <ignored/>
  </testcase> <!-- lookupserviceOrderRequestedBy -->
  <testcase classname="Private.CashieringController" name="saveReciept_4_prepaymentExistingCustomer" time="0.0">
    <ignored/>
  </testcase> <!-- saveReciept_4_prepaymentExistingCustomer -->
  <testcase classname="Public.checkControllerv4" name="PostCheckv4" time="0.0">
    <ignored/>
  </testcase> <!-- PostCheckv4 -->
  <testcase classname="Private.lookupControllerv4" name="lookupBatch" time="0.0">
    <ignored/>
  </testcase> <!-- lookupBatch -->
  <testcase classname="Private.MeterReadControllerV4" name="postMeterReadPostInvalidv4" time="0.0">
    <ignored/>
  </testcase> <!-- postMeterReadPostInvalidv4 -->
  <testcase classname="Private.MeterReadControllerV4" name="putMeterReadingnottheLatestreadingV4" time="0.0">
    <ignored/>
  </testcase> <!-- putMeterReadingnottheLatestreadingV4 -->
  <testcase classname="Private.lookupControllerv4" name="lookupReadingTypev4" time="0.0">
    <ignored/>
  </testcase> <!-- lookupReadingTypev4 -->
  <testcase classname="Private.MeterReadControllerV4" name="getmeterReadingnextv4" time="0.0">
    <ignored/>
  </testcase> <!-- getmeterReadingnextv4 -->
  <testcase classname="Public.customerControllerV3" name="putcustomersotherOptionsv2" time="0.0">
    <ignored/>
  </testcase> <!-- putcustomersotherOptionsv2 -->
  <testcase classname="Private.lookupControllerv4" name="lookupserviceOrderStatus" time="0.0">
    <ignored/>
  </testcase> <!-- lookupserviceOrderStatus -->
  <testcase classname="Public.customerControllerV3" name="getOtheroptions_v2" time="0.0">
    <ignored/>
  </testcase> <!-- getOtheroptions_v2 -->
  <testcase classname="Public.customerControllerV3" name="getCustomerBillingOptions_v3" time="0.0">
    <ignored/>
  </testcase> <!-- getCustomerBillingOptions_v3 -->
  <testcase classname="Private.PaymentControllerV4" name="postPaymentSimulatev4_savePayments_1" time="0.0">
    <ignored/>
  </testcase> <!-- postPaymentSimulatev4_savePayments_1 -->
  <testcase classname="Public.createandcancelSpaV3" name="createSPA_v_3" time="0.0">
    <ignored/>
  </testcase> <!-- createSPA_v_3 -->
  <testcase classname="Public.checkControllerv4" name="postingReceivable4Error" time="0.0">
    <ignored/>
  </testcase> <!-- postingReceivable4Error -->
  <testcase classname="Private.PaymentControllerV4" name="postPaymentDepositv4" time="0.0">
    <ignored/>
  </testcase> <!-- postPaymentDepositv4 -->
  <testcase classname="Public.ServiceOrderControllerV3" name="putTaskCompleteNocharge_v3" time="0.0">
    <ignored/>
  </testcase> <!-- putTaskCompleteNocharge_v3 -->
  <testcase classname="Private.PaymentControllerV4" name="gettPaymentNextHistv4" time="0.0">
    <ignored/>
  </testcase> <!-- gettPaymentNextHistv4 -->
  <testcase classname="Public.customerControllerV3" name="getpreauthorizepaymentplan_v2" time="0.0">
    <ignored/>
  </testcase> <!-- getpreauthorizepaymentplan_v2 -->
  <testcase classname="Private.transactionsControllerv4" name="getMeterReadInquiryHistory_v4" time="0.0">
    <ignored/>
  </testcase> <!-- getMeterReadInquiryHistory_v4 -->
  <testcase classname="Private.MeterReadControllerV4" name="putMeterReadingNetMeterV4" time="0.0">
    <ignored/>
  </testcase> <!-- putMeterReadingNetMeterV4 -->
  <testcase classname="Public.customerControllerV3" name="putcustomerscollectionsOptionsv2" time="0.0">
    <ignored/>
  </testcase> <!-- putcustomerscollectionsOptionsv2 -->
</testsuite> <!-- Nexus API Automation(failed) -->
