<?xml version="1.0" encoding="UTF-8"?>
<!-- Generated by org.testng.reporters.JUnitXMLReporter -->
<testsuite ignored="151" hostname="DESKTOP-QU86F3Q" failures="7" tests="38" name="Default test(failed)(failed)(failed)" time="76.858" errors="0" timestamp="2025-07-22T20:09:18 PKT">
  <testcase classname="Private.BillingControllerv4" name="PostBillingcalculate_2_v4" time="26.869"/>
  <testcase classname="Private.BillingControllerv4" name="PostgenerateEditReportv4_2" time="1.787"/>
  <testcase classname="Private.BillingControllerv4" name="postcreateStatementv4_isfinal" time="12.336"/>
  <testcase classname="Private.BillingControllerv4" name="printcsvbillingStatements" time="0.353">
    <failure type="java.lang.AssertionError" message="1 expectation failed.
Response body doesn&amp;apos;t match expectation.
Expected: a string containing &amp;quot;40305/17/201706/16/2017This is your first quarter bill for 2000. Any balance not paid by May 15, 2000                                will be releived  on your year 2000 tax bill with penalties.                                                                                                                                                                                                                                                                              This your first quarter bill for 2000.                                                                                                                                                                                      ELECWAT003     CUSTOMER010    Mrs. Gail M Dewar                                           0                                                                                                                           78 MARINER BLVD                                             NEW YORK                      NY  USA                 12345     MONTHLY            EQUIPMENT015   03/31/2000        342002/28/2000        3356          64          EQUIPMENT015   04/12/2019            03/31/2000        3420                                                                                                                                                                                                                                                                                                                                                                                                                                                                                                                                                                                                                                                                                                    154.64 Previous Balance                                                                                                                                       1.00 Penalty for late payment                                                 2.64 Penalty for overdue                                                      1.20 Refuse Late Charges                                                      2.59 Penalty for late payment                                                 2.30 Penalty for late payment                                                 5.84 Stepped range                                                            0.36 Tax - USASTCITY-6*                                                       0.06 Tax - USASTCITY-6*                                                                                                                                                                                                                  15.00 Fixed charge                                                            25.50 Stepped ranges                                                          21.50 Phone fixed rate                                                         4.10 Phone charge                                                            12.00 Monthly Refuse Charge                                                                                                                                285.73 Amount Due if Paid By 06/16/2017                                       300.02 Amount Due if Paid After 06/16/2017                                                                                                                                                                                                                                                                                                                                                            154.64      130.6706/16/2017      285.73          643                             2                             3                             2                             1                             12                            11                            10                            9                             8                             7                             6                             Last Year               NN1                                                                                                                              ROUTEEW001      &amp;quot;
  Actual: 
">
      <![CDATA[java.lang.AssertionError: 1 expectation failed.
Response body doesn't match expectation.
Expected: a string containing "40305/17/201706/16/2017This is your first quarter bill for 2000. Any balance not paid by May 15, 2000                                will be releived  on your year 2000 tax bill with penalties.                                                                                                                                                                                                                                                                              This your first quarter bill for 2000.                                                                                                                                                                                      ELECWAT003     CUSTOMER010    Mrs. Gail M Dewar                                           0                                                                                                                           78 MARINER BLVD                                             NEW YORK                      NY  USA                 12345     MONTHLY            EQUIPMENT015   03/31/2000        342002/28/2000        3356          64          EQUIPMENT015   04/12/2019            03/31/2000        3420                                                                                                                                                                                                                                                                                                                                                                                                                                                                                                                                                                                                                                                                                                    154.64 Previous Balance                                                                                                                                       1.00 Penalty for late payment                                                 2.64 Penalty for overdue                                                      1.20 Refuse Late Charges                                                      2.59 Penalty for late payment                                                 2.30 Penalty for late payment                                                 5.84 Stepped range                                                            0.36 Tax - USASTCITY-6*                                                       0.06 Tax - USASTCITY-6*                                                                                                                                                                                                                  15.00 Fixed charge                                                            25.50 Stepped ranges                                                          21.50 Phone fixed rate                                                         4.10 Phone charge                                                            12.00 Monthly Refuse Charge                                                                                                                                285.73 Amount Due if Paid By 06/16/2017                                       300.02 Amount Due if Paid After 06/16/2017                                                                                                                                                                                                                                                                                                                                                            154.64      130.6706/16/2017      285.73          643                             2                             3                             2                             1                             12                            11                            10                            9                             8                             7                             6                             Last Year               NN1                                                                                                                              ROUTEEW001      "
  Actual: 

at org.codehaus.groovy.runtime.callsite.ConstructorSite$ConstructorSiteNoUnwrap.callConstructor(ConstructorSite.java:84)
at org.codehaus.groovy.runtime.callsite.CallSiteArray.defaultCallConstructor(CallSiteArray.java:59)
at org.codehaus.groovy.runtime.callsite.AbstractCallSite.callConstructor(AbstractCallSite.java:237)
at org.codehaus.groovy.runtime.callsite.AbstractCallSite.callConstructor(AbstractCallSite.java:249)
at io.restassured.internal.ResponseSpecificationImpl$HamcrestAssertionClosure.validate(ResponseSpecificationImpl.groovy:493)
at io.restassured.internal.ResponseSpecificationImpl$HamcrestAssertionClosure$validate$1.call(Unknown Source)
at org.codehaus.groovy.runtime.callsite.CallSiteArray.defaultCall(CallSiteArray.java:47)
at org.codehaus.groovy.runtime.callsite.AbstractCallSite.call(AbstractCallSite.java:115)
at org.codehaus.groovy.runtime.callsite.AbstractCallSite.call(AbstractCallSite.java:127)
at io.restassured.internal.ResponseSpecificationImpl.validateResponseIfRequired(ResponseSpecificationImpl.groovy:674)
at org.codehaus.groovy.runtime.callsite.PlainObjectMetaMethodSite.doInvoke(PlainObjectMetaMethodSite.java:43)
at org.codehaus.groovy.runtime.callsite.PogoMetaMethodSite$PogoCachedMethodSiteNoUnwrapNoCoerce.invoke(PogoMetaMethodSite.java:190)
at org.codehaus.groovy.runtime.callsite.PogoMetaMethodSite.callCurrent(PogoMetaMethodSite.java:58)
at org.codehaus.groovy.runtime.callsite.CallSiteArray.defaultCallCurrent(CallSiteArray.java:51)
at org.codehaus.groovy.runtime.callsite.AbstractCallSite.callCurrent(AbstractCallSite.java:156)
at org.codehaus.groovy.runtime.callsite.AbstractCallSite.callCurrent(AbstractCallSite.java:168)
at io.restassured.internal.ResponseSpecificationImpl.body(ResponseSpecificationImpl.groovy:98)
at io.restassured.internal.ValidatableResponseOptionsImpl.body(ValidatableResponseOptionsImpl.java:238)
at io.restassured.internal.ValidatableResponseImpl.super$2$body(ValidatableResponseImpl.groovy)
at groovy.lang.MetaMethod.doMethodInvoke(MetaMethod.java:323)
at groovy.lang.MetaClassImpl.invokeMethod(MetaClassImpl.java:1217)
at org.codehaus.groovy.runtime.ScriptBytecodeAdapter.invokeMethodOnSuperN(ScriptBytecodeAdapter.java:144)
at io.restassured.internal.ValidatableResponseImpl.body(ValidatableResponseImpl.groovy:293)
at io.restassured.internal.ValidatableResponseImpl.body(ValidatableResponseImpl.groovy)
at com.NexustAPIAutomation.java.CommonMethods.getMethodContains(CommonMethods.java:1287)
at Private.BillingControllerv4.printcsvbillingStatements(BillingControllerv4.java:429)
at java.base/java.util.ArrayList.forEach(ArrayList.java:1541)
... Removed 42 stack frames]]>
    </failure>
  </testcase> <!-- printcsvbillingStatements -->
  <testcase classname="Private.transactionsControllerv4" name="gettransactionpayment_v4_false" time="0.397"/>
  <testcase classname="Private.transactionsControllerv4" name="gettransactionpayment_v3_false" time="0.286"/>
  <testcase classname="Public.customerControllerV4" name="getlocationsByCustomerv4" time="0.522"/>
  <testcase classname="Private.customerControllerV4" name="getCustomerBasicInfo4" time="0.271">
    <failure type="java.lang.AssertionError" message="expected [{&amp;quot;Customer&amp;quot;:[{&amp;quot;CustomerId&amp;quot;:&amp;quot;AUTO1001&amp;quot;,&amp;quot;CustomerType&amp;quot;:{&amp;quot;Id&amp;quot;:1,&amp;quot;Description&amp;quot;:&amp;quot;Individual&amp;quot;},&amp;quot;CustomerClass&amp;quot;:{&amp;quot;Id&amp;quot;:&amp;quot;&amp;quot;,&amp;quot;Description&amp;quot;:&amp;quot;&amp;quot;},&amp;quot;Name&amp;quot;:{&amp;quot;Title&amp;quot;:{&amp;quot;Id&amp;quot;:&amp;quot;2&amp;quot;,&amp;quot;Description&amp;quot;:&amp;quot;Mr.&amp;quot;},&amp;quot;FirstName&amp;quot;:&amp;quot;Auto&amp;quot;,&amp;quot;MiddleName&amp;quot;:&amp;quot;&amp;quot;,&amp;quot;LastName&amp;quot;:&amp;quot;Former&amp;quot;,&amp;quot;NameSuffix&amp;quot;:&amp;quot;&amp;quot;,&amp;quot;MaidenName&amp;quot;:&amp;quot;&amp;quot;},&amp;quot;PlaceOfWork&amp;quot;:{&amp;quot;Value&amp;quot;:&amp;quot;&amp;quot;,&amp;quot;IsDirty&amp;quot;:false},&amp;quot;PrimaryLanguage&amp;quot;:&amp;quot;&amp;quot;,&amp;quot;EmailAddress&amp;quot;:&amp;quot;&amp;quot;,&amp;quot;SSN&amp;quot;:{&amp;quot;Value&amp;quot;:&amp;quot;&amp;quot;,&amp;quot;IsDirty&amp;quot;:false},&amp;quot;DateOfBirth&amp;quot;:{&amp;quot;Value&amp;quot;:&amp;quot;1970-03-03&amp;quot;,&amp;quot;IsDirty&amp;quot;:false},&amp;quot;AlternateId&amp;quot;:{&amp;quot;Value&amp;quot;:&amp;quot;&amp;quot;,&amp;quot;IssuedBy&amp;quot;:&amp;quot;&amp;quot;,&amp;quot;Country&amp;quot;:&amp;quot;USA&amp;quot;,&amp;quot;IsDirty&amp;quot;:false},&amp;quot;BusinessAs&amp;quot;:&amp;quot;&amp;quot;,&amp;quot;Inactive&amp;quot;:false,&amp;quot;Confirm&amp;quot;:0,&amp;quot;Success&amp;quot;:true,&amp;quot;Messages&amp;quot;:[{&amp;quot;Enabled&amp;quot;:0,&amp;quot;Info&amp;quot;:&amp;quot;&amp;quot;}]}]}] but found [{&amp;quot;Customer&amp;quot;:[{&amp;quot;CustomerId&amp;quot;:&amp;quot;AUTO1001&amp;quot;,&amp;quot;CustomerType&amp;quot;:{&amp;quot;Id&amp;quot;:1,&amp;quot;Description&amp;quot;:&amp;quot;Individual&amp;quot;},&amp;quot;CustomerClass&amp;quot;:{&amp;quot;Id&amp;quot;:&amp;quot;&amp;quot;,&amp;quot;Description&amp;quot;:&amp;quot;&amp;quot;},&amp;quot;Name&amp;quot;:{&amp;quot;Title&amp;quot;:{&amp;quot;Id&amp;quot;:&amp;quot;2&amp;quot;,&amp;quot;Description&amp;quot;:&amp;quot;Mr.&amp;quot;},&amp;quot;FirstName&amp;quot;:&amp;quot;Auto&amp;quot;,&amp;quot;MiddleName&amp;quot;:&amp;quot;&amp;quot;,&amp;quot;LastName&amp;quot;:&amp;quot;Former&amp;quot;,&amp;quot;NameSuffix&amp;quot;:&amp;quot;&amp;quot;,&amp;quot;MaidenName&amp;quot;:&amp;quot;&amp;quot;},&amp;quot;PlaceOfWork&amp;quot;:{&amp;quot;Value&amp;quot;:&amp;quot;&amp;quot;,&amp;quot;IsDirty&amp;quot;:false},&amp;quot;PrimaryLanguage&amp;quot;:&amp;quot;&amp;quot;,&amp;quot;EmailAddress&amp;quot;:&amp;quot;&amp;quot;,&amp;quot;SSN&amp;quot;:{&amp;quot;Value&amp;quot;:&amp;quot;&amp;quot;,&amp;quot;IsDirty&amp;quot;:false},&amp;quot;DateOfBirth&amp;quot;:{&amp;quot;Value&amp;quot;:&amp;quot;1970-03-03&amp;quot;,&amp;quot;IsDirty&amp;quot;:false},&amp;quot;AlternateId&amp;quot;:{&amp;quot;Value&amp;quot;:&amp;quot;&amp;quot;,&amp;quot;IssuedBy&amp;quot;:&amp;quot;&amp;quot;,&amp;quot;Country&amp;quot;:&amp;quot;CANADA&amp;quot;,&amp;quot;IsDirty&amp;quot;:false},&amp;quot;BusinessAs&amp;quot;:&amp;quot;&amp;quot;,&amp;quot;Inactive&amp;quot;:false,&amp;quot;Confirm&amp;quot;:0,&amp;quot;Success&amp;quot;:true,&amp;quot;Messages&amp;quot;:[{&amp;quot;Enabled&amp;quot;:0,&amp;quot;Info&amp;quot;:&amp;quot;&amp;quot;}]}]}]">
      <![CDATA[java.lang.AssertionError: expected [{"Customer":[{"CustomerId":"AUTO1001","CustomerType":{"Id":1,"Description":"Individual"},"CustomerClass":{"Id":"","Description":""},"Name":{"Title":{"Id":"2","Description":"Mr."},"FirstName":"Auto","MiddleName":"","LastName":"Former","NameSuffix":"","MaidenName":""},"PlaceOfWork":{"Value":"","IsDirty":false},"PrimaryLanguage":"","EmailAddress":"","SSN":{"Value":"","IsDirty":false},"DateOfBirth":{"Value":"1970-03-03","IsDirty":false},"AlternateId":{"Value":"","IssuedBy":"","Country":"USA","IsDirty":false},"BusinessAs":"","Inactive":false,"Confirm":0,"Success":true,"Messages":[{"Enabled":0,"Info":""}]}]}] but found [{"Customer":[{"CustomerId":"AUTO1001","CustomerType":{"Id":1,"Description":"Individual"},"CustomerClass":{"Id":"","Description":""},"Name":{"Title":{"Id":"2","Description":"Mr."},"FirstName":"Auto","MiddleName":"","LastName":"Former","NameSuffix":"","MaidenName":""},"PlaceOfWork":{"Value":"","IsDirty":false},"PrimaryLanguage":"","EmailAddress":"","SSN":{"Value":"","IsDirty":false},"DateOfBirth":{"Value":"1970-03-03","IsDirty":false},"AlternateId":{"Value":"","IssuedBy":"","Country":"CANADA","IsDirty":false},"BusinessAs":"","Inactive":false,"Confirm":0,"Success":true,"Messages":[{"Enabled":0,"Info":""}]}]}]
at com.NexustAPIAutomation.java.CommonMethods.getMethod(CommonMethods.java:706)
at Private.customerControllerV4.getCustomerBasicInfo4(customerControllerV4.java:35)
at java.base/java.util.ArrayList.forEach(ArrayList.java:1541)
... Removed 33 stack frames]]>
    </failure>
  </testcase> <!-- getCustomerBasicInfo4 -->
  <testcase classname="Private.customerControllerV4" name="getCustomerAddressInfo" time="0.001">
    <skipped/>
  </testcase> <!-- getCustomerAddressInfo -->
  <testcase classname="Public.spaControllerV3" name="getoutstandingDocuments_v_3" time="0.323"/>
  <testcase classname="Private.DepositsController" name="getdeposit" time="0.303"/>
  <testcase classname="Private.voidController" name="getVoidLaodv4" time="0.002">
    <skipped/>
  </testcase> <!-- getVoidLaodv4 -->
  <testcase classname="Private.lookupControllerv4" name="getlookupBatch_v4" time="0.253">
    <failure type="java.lang.AssertionError" message="expected [true] but found [false]">
      <![CDATA[java.lang.AssertionError: expected [true] but found [false]
at Private.lookupControllerv4.getlookupBatch_v4(lookupControllerv4.java:32)
at java.base/java.util.ArrayList.forEach(ArrayList.java:1541)
... Removed 31 stack frames]]>
    </failure>
  </testcase> <!-- getlookupBatch_v4 -->
  <testcase classname="Private.lookupControllerv4" name="lookupBatch" time="0.197">
    <failure type="java.lang.AssertionError" message="expected [{&amp;quot;Batch&amp;quot;:[{&amp;quot;Id&amp;quot;:&amp;quot;BAT10123123&amp;quot;,&amp;quot;Description&amp;quot;:&amp;quot;&amp;quot;,&amp;quot;HasTransaction&amp;quot;:false},{&amp;quot;Id&amp;quot;:&amp;quot;BATCHPOSTTRANS&amp;quot;,&amp;quot;Description&amp;quot;:&amp;quot;&amp;quot;,&amp;quot;HasTransaction&amp;quot;:false},{&amp;quot;Id&amp;quot;:&amp;quot;BATCHTEST01&amp;quot;,&amp;quot;Description&amp;quot;:&amp;quot;&amp;quot;,&amp;quot;HasTransaction&amp;quot;:false},{&amp;quot;Id&amp;quot;:&amp;quot;BT1232&amp;quot;,&amp;quot;Description&amp;quot;:&amp;quot;Api billing&amp;quot;,&amp;quot;HasTransaction&amp;quot;:false},{&amp;quot;Id&amp;quot;:&amp;quot;FINALBILL&amp;quot;,&amp;quot;Description&amp;quot;:&amp;quot;&amp;quot;,&amp;quot;HasTransaction&amp;quot;:true}]}] but found [{&amp;quot;Batch&amp;quot;:[{&amp;quot;Id&amp;quot;:&amp;quot;BAT10123123&amp;quot;,&amp;quot;Description&amp;quot;:&amp;quot;&amp;quot;,&amp;quot;HasTransaction&amp;quot;:false},{&amp;quot;Id&amp;quot;:&amp;quot;BATCH2025&amp;quot;,&amp;quot;Description&amp;quot;:&amp;quot;&amp;quot;,&amp;quot;HasTransaction&amp;quot;:true},{&amp;quot;Id&amp;quot;:&amp;quot;BATCHPOSTTRANS&amp;quot;,&amp;quot;Description&amp;quot;:&amp;quot;&amp;quot;,&amp;quot;HasTransaction&amp;quot;:false},{&amp;quot;Id&amp;quot;:&amp;quot;BATCHTEST01&amp;quot;,&amp;quot;Description&amp;quot;:&amp;quot;&amp;quot;,&amp;quot;HasTransaction&amp;quot;:false},{&amp;quot;Id&amp;quot;:&amp;quot;FINALBILL&amp;quot;,&amp;quot;Description&amp;quot;:&amp;quot;&amp;quot;,&amp;quot;HasTransaction&amp;quot;:true}]}]">
      <![CDATA[java.lang.AssertionError: expected [{"Batch":[{"Id":"BAT10123123","Description":"","HasTransaction":false},{"Id":"BATCHPOSTTRANS","Description":"","HasTransaction":false},{"Id":"BATCHTEST01","Description":"","HasTransaction":false},{"Id":"BT1232","Description":"Api billing","HasTransaction":false},{"Id":"FINALBILL","Description":"","HasTransaction":true}]}] but found [{"Batch":[{"Id":"BAT10123123","Description":"","HasTransaction":false},{"Id":"BATCH2025","Description":"","HasTransaction":true},{"Id":"BATCHPOSTTRANS","Description":"","HasTransaction":false},{"Id":"BATCHTEST01","Description":"","HasTransaction":false},{"Id":"FINALBILL","Description":"","HasTransaction":true}]}]
at Private.lookupControllerv4.lookupBatch(lookupControllerv4.java:391)
at java.base/java.util.ArrayList.forEach(ArrayList.java:1541)
... Removed 33 stack frames]]>
    </failure>
  </testcase> <!-- lookupBatch -->
  <testcase classname="Private.lookupControllerv4" name="lookuptranferBillToCustomerDeposit" time="0.002">
    <skipped/>
  </testcase> <!-- lookuptranferBillToCustomerDeposit -->
  <testcase classname="Private.lookupControllerv4" name="lookupPaymentDocuments" time="0.294">
    <failure type="java.lang.AssertionError" message="expected [{&amp;quot;Payment&amp;quot;:[{&amp;quot;DocumentNumber&amp;quot;:&amp;quot;PYMT00000000529&amp;quot;,&amp;quot;BatchId&amp;quot;:&amp;quot;WRITEOFF01&amp;quot;,&amp;quot;LocationId&amp;quot;:&amp;quot;LOCATION004&amp;quot;,&amp;quot;CustomerId&amp;quot;:&amp;quot;MASTER001&amp;quot;,&amp;quot;PaymentDate&amp;quot;:&amp;quot;2024-04-20T00:00:00&amp;quot;,&amp;quot;PaymentTypeDesc&amp;quot;:&amp;quot;CreditMemo&amp;quot;},{&amp;quot;DocumentNumber&amp;quot;:&amp;quot;PYMT00000000532&amp;quot;,&amp;quot;BatchId&amp;quot;:&amp;quot;WRITEOFF01&amp;quot;,&amp;quot;LocationId&amp;quot;:&amp;quot;LOCATION004&amp;quot;,&amp;quot;CustomerId&amp;quot;:&amp;quot;MASTER001&amp;quot;,&amp;quot;PaymentDate&amp;quot;:&amp;quot;2027-04-12T00:00:00&amp;quot;,&amp;quot;PaymentTypeDesc&amp;quot;:&amp;quot;CreditMemo&amp;quot;},{&amp;quot;DocumentNumber&amp;quot;:&amp;quot;PYMT00000000534&amp;quot;,&amp;quot;BatchId&amp;quot;:&amp;quot;WRITEOFF01&amp;quot;,&amp;quot;LocationId&amp;quot;:&amp;quot;LOCATION004&amp;quot;,&amp;quot;CustomerId&amp;quot;:&amp;quot;MASTER001&amp;quot;,&amp;quot;PaymentDate&amp;quot;:&amp;quot;2027-04-12T00:00:00&amp;quot;,&amp;quot;PaymentTypeDesc&amp;quot;:&amp;quot;CreditMemo&amp;quot;},{&amp;quot;DocumentNumber&amp;quot;:&amp;quot;PYMT00000000535&amp;quot;,&amp;quot;BatchId&amp;quot;:&amp;quot;WRITEOFF01&amp;quot;,&amp;quot;LocationId&amp;quot;:&amp;quot;LOCATION001&amp;quot;,&amp;quot;CustomerId&amp;quot;:&amp;quot;MASTER001&amp;quot;,&amp;quot;PaymentDate&amp;quot;:&amp;quot;2027-04-12T00:00:00&amp;quot;,&amp;quot;PaymentTypeDesc&amp;quot;:&amp;quot;CreditMemo&amp;quot;},{&amp;quot;DocumentNumber&amp;quot;:&amp;quot;PYMT00000000537&amp;quot;,&amp;quot;BatchId&amp;quot;:&amp;quot;WRITEOFF01&amp;quot;,&amp;quot;LocationId&amp;quot;:&amp;quot;LOCATION004&amp;quot;,&amp;quot;CustomerId&amp;quot;:&amp;quot;MASTER001&amp;quot;,&amp;quot;PaymentDate&amp;quot;:&amp;quot;2027-04-12T00:00:00&amp;quot;,&amp;quot;PaymentTypeDesc&amp;quot;:&amp;quot;CreditMemo&amp;quot;},{&amp;quot;DocumentNumber&amp;quot;:&amp;quot;PYMT00000000542&amp;quot;,&amp;quot;BatchId&amp;quot;:&amp;quot;___api_CR&amp;quot;,&amp;quot;LocationId&amp;quot;:&amp;quot;BUDGETLOC02&amp;quot;,&amp;quot;CustomerId&amp;quot;:&amp;quot;03332301204&amp;quot;,&amp;quot;PaymentDate&amp;quot;:&amp;quot;2020-01-15T00:00:00&amp;quot;,&amp;quot;PaymentTypeDesc&amp;quot;:&amp;quot;CreditMemo&amp;quot;}]}] but found [{&amp;quot;Payment&amp;quot;:[{&amp;quot;DocumentNumber&amp;quot;:&amp;quot;PYMT00000000505&amp;quot;,&amp;quot;BatchId&amp;quot;:&amp;quot;WO101619CRP001&amp;quot;,&amp;quot;LocationId&amp;quot;:&amp;quot;100002&amp;quot;,&amp;quot;CustomerId&amp;quot;:&amp;quot;500002&amp;quot;,&amp;quot;PaymentDate&amp;quot;:&amp;quot;2027-04-12T00:00:00&amp;quot;,&amp;quot;PaymentTypeDesc&amp;quot;:&amp;quot;CreditMemo&amp;quot;},{&amp;quot;DocumentNumber&amp;quot;:&amp;quot;PYMT00000000529&amp;quot;,&amp;quot;BatchId&amp;quot;:&amp;quot;WRITEOFF01&amp;quot;,&amp;quot;LocationId&amp;quot;:&amp;quot;LOCATION004&amp;quot;,&amp;quot;CustomerId&amp;quot;:&amp;quot;MASTER001&amp;quot;,&amp;quot;PaymentDate&amp;quot;:&amp;quot;2027-04-12T00:00:00&amp;quot;,&amp;quot;PaymentTypeDesc&amp;quot;:&amp;quot;CreditMemo&amp;quot;},{&amp;quot;DocumentNumber&amp;quot;:&amp;quot;PYMT00000000532&amp;quot;,&amp;quot;BatchId&amp;quot;:&amp;quot;WRITEOFF01&amp;quot;,&amp;quot;LocationId&amp;quot;:&amp;quot;LOCATION004&amp;quot;,&amp;quot;CustomerId&amp;quot;:&amp;quot;MASTER001&amp;quot;,&amp;quot;PaymentDate&amp;quot;:&amp;quot;2027-04-12T00:00:00&amp;quot;,&amp;quot;PaymentTypeDesc&amp;quot;:&amp;quot;CreditMemo&amp;quot;},{&amp;quot;DocumentNumber&amp;quot;:&amp;quot;PYMT00000000534&amp;quot;,&amp;quot;BatchId&amp;quot;:&amp;quot;WRITEOFF01&amp;quot;,&amp;quot;LocationId&amp;quot;:&amp;quot;LOCATION004&amp;quot;,&amp;quot;CustomerId&amp;quot;:&amp;quot;MASTER001&amp;quot;,&amp;quot;PaymentDate&amp;quot;:&amp;quot;2027-04-12T00:00:00&amp;quot;,&amp;quot;PaymentTypeDesc&amp;quot;:&amp;quot;CreditMemo&amp;quot;},{&amp;quot;DocumentNumber&amp;quot;:&amp;quot;PYMT00000000535&amp;quot;,&amp;quot;BatchId&amp;quot;:&amp;quot;WRITEOFF01&amp;quot;,&amp;quot;LocationId&amp;quot;:&amp;quot;LOCATION001&amp;quot;,&amp;quot;CustomerId&amp;quot;:&amp;quot;MASTER001&amp;quot;,&amp;quot;PaymentDate&amp;quot;:&amp;quot;2027-04-12T00:00:00&amp;quot;,&amp;quot;PaymentTypeDesc&amp;quot;:&amp;quot;CreditMemo&amp;quot;},{&amp;quot;DocumentNumber&amp;quot;:&amp;quot;PYMT00000000537&amp;quot;,&amp;quot;BatchId&amp;quot;:&amp;quot;WRITEOFF01&amp;quot;,&amp;quot;LocationId&amp;quot;:&amp;quot;LOCATION004&amp;quot;,&amp;quot;CustomerId&amp;quot;:&amp;quot;MASTER001&amp;quot;,&amp;quot;PaymentDate&amp;quot;:&amp;quot;2027-04-12T00:00:00&amp;quot;,&amp;quot;PaymentTypeDesc&amp;quot;:&amp;quot;CreditMemo&amp;quot;}]}]">
      <![CDATA[java.lang.AssertionError: expected [{"Payment":[{"DocumentNumber":"PYMT00000000529","BatchId":"WRITEOFF01","LocationId":"LOCATION004","CustomerId":"MASTER001","PaymentDate":"2024-04-20T00:00:00","PaymentTypeDesc":"CreditMemo"},{"DocumentNumber":"PYMT00000000532","BatchId":"WRITEOFF01","LocationId":"LOCATION004","CustomerId":"MASTER001","PaymentDate":"2027-04-12T00:00:00","PaymentTypeDesc":"CreditMemo"},{"DocumentNumber":"PYMT00000000534","BatchId":"WRITEOFF01","LocationId":"LOCATION004","CustomerId":"MASTER001","PaymentDate":"2027-04-12T00:00:00","PaymentTypeDesc":"CreditMemo"},{"DocumentNumber":"PYMT00000000535","BatchId":"WRITEOFF01","LocationId":"LOCATION001","CustomerId":"MASTER001","PaymentDate":"2027-04-12T00:00:00","PaymentTypeDesc":"CreditMemo"},{"DocumentNumber":"PYMT00000000537","BatchId":"WRITEOFF01","LocationId":"LOCATION004","CustomerId":"MASTER001","PaymentDate":"2027-04-12T00:00:00","PaymentTypeDesc":"CreditMemo"},{"DocumentNumber":"PYMT00000000542","BatchId":"___api_CR","LocationId":"BUDGETLOC02","CustomerId":"03332301204","PaymentDate":"2020-01-15T00:00:00","PaymentTypeDesc":"CreditMemo"}]}] but found [{"Payment":[{"DocumentNumber":"PYMT00000000505","BatchId":"WO101619CRP001","LocationId":"100002","CustomerId":"500002","PaymentDate":"2027-04-12T00:00:00","PaymentTypeDesc":"CreditMemo"},{"DocumentNumber":"PYMT00000000529","BatchId":"WRITEOFF01","LocationId":"LOCATION004","CustomerId":"MASTER001","PaymentDate":"2027-04-12T00:00:00","PaymentTypeDesc":"CreditMemo"},{"DocumentNumber":"PYMT00000000532","BatchId":"WRITEOFF01","LocationId":"LOCATION004","CustomerId":"MASTER001","PaymentDate":"2027-04-12T00:00:00","PaymentTypeDesc":"CreditMemo"},{"DocumentNumber":"PYMT00000000534","BatchId":"WRITEOFF01","LocationId":"LOCATION004","CustomerId":"MASTER001","PaymentDate":"2027-04-12T00:00:00","PaymentTypeDesc":"CreditMemo"},{"DocumentNumber":"PYMT00000000535","BatchId":"WRITEOFF01","LocationId":"LOCATION001","CustomerId":"MASTER001","PaymentDate":"2027-04-12T00:00:00","PaymentTypeDesc":"CreditMemo"},{"DocumentNumber":"PYMT00000000537","BatchId":"WRITEOFF01","LocationId":"LOCATION004","CustomerId":"MASTER001","PaymentDate":"2027-04-12T00:00:00","PaymentTypeDesc":"CreditMemo"}]}]
at Private.lookupControllerv4.lookupPaymentDocuments(lookupControllerv4.java:477)
at java.base/java.util.ArrayList.forEach(ArrayList.java:1541)
... Removed 33 stack frames]]>
    </failure>
  </testcase> <!-- lookupPaymentDocuments -->
  <testcase classname="Private.lookupControllerv4" name="lookupMiscChargeDocuments" time="0.0">
    <skipped/>
  </testcase> <!-- lookupMiscChargeDocuments -->
  <testcase classname="Public.spaController" name="getoutstandingDocuments_v_2" time="0.22"/>
  <testcase classname="Public.customerControllerV3" name="getinfolabels_v2" time="0.223">
    <failure type="java.lang.AssertionError" message="expected [{&amp;quot;CustomerInfoLabels&amp;quot;:[{&amp;quot;SSNLabels&amp;quot;:[{&amp;quot;CustomerType&amp;quot;:0,&amp;quot;SSNLabelShort&amp;quot;:&amp;quot;EIN&amp;quot;,&amp;quot;SSNLabelLong&amp;quot;:&amp;quot;Employer Identification Number&amp;quot;},{&amp;quot;CustomerType&amp;quot;:1,&amp;quot;SSNLabelShort&amp;quot;:&amp;quot;SSN&amp;quot;,&amp;quot;SSNLabelLong&amp;quot;:&amp;quot;Social Security Number&amp;quot;}],&amp;quot;AlternateIdLabel&amp;quot;:&amp;quot;Drivers License&amp;quot;,&amp;quot;AlternateIdCountry&amp;quot;:&amp;quot;USA&amp;quot;,&amp;quot;DLStateSelectionEnabled&amp;quot;:&amp;quot;1&amp;quot;}]}] but found [{&amp;quot;CustomerInfoLabels&amp;quot;:[{&amp;quot;SSNLabels&amp;quot;:[{&amp;quot;CustomerType&amp;quot;:0,&amp;quot;SSNLabelShort&amp;quot;:&amp;quot;BN&amp;quot;,&amp;quot;SSNLabelLong&amp;quot;:&amp;quot;Business Number&amp;quot;},{&amp;quot;CustomerType&amp;quot;:1,&amp;quot;SSNLabelShort&amp;quot;:&amp;quot;SIN&amp;quot;,&amp;quot;SSNLabelLong&amp;quot;:&amp;quot;Social Insurance Number&amp;quot;}],&amp;quot;AlternateIdLabel&amp;quot;:&amp;quot;Drivers License&amp;quot;,&amp;quot;AlternateIdCountry&amp;quot;:&amp;quot;CANADA&amp;quot;,&amp;quot;DLStateSelectionEnabled&amp;quot;:&amp;quot;1&amp;quot;}]}]">
      <![CDATA[java.lang.AssertionError: expected [{"CustomerInfoLabels":[{"SSNLabels":[{"CustomerType":0,"SSNLabelShort":"EIN","SSNLabelLong":"Employer Identification Number"},{"CustomerType":1,"SSNLabelShort":"SSN","SSNLabelLong":"Social Security Number"}],"AlternateIdLabel":"Drivers License","AlternateIdCountry":"USA","DLStateSelectionEnabled":"1"}]}] but found [{"CustomerInfoLabels":[{"SSNLabels":[{"CustomerType":0,"SSNLabelShort":"BN","SSNLabelLong":"Business Number"},{"CustomerType":1,"SSNLabelShort":"SIN","SSNLabelLong":"Social Insurance Number"}],"AlternateIdLabel":"Drivers License","AlternateIdCountry":"CANADA","DLStateSelectionEnabled":"1"}]}]
at com.NexustAPIAutomation.java.CommonMethods.getMethod(CommonMethods.java:706)
at Public.customerControllerV3.getinfolabels_v2(customerControllerV3.java:145)
at java.base/java.util.ArrayList.forEach(ArrayList.java:1541)
... Removed 33 stack frames]]>
    </failure>
  </testcase> <!-- getinfolabels_v2 -->
  <testcase classname="Public.customerControllerV3" name="getLocationsByCustomer_v3" time="0.211"/>
  <testcase classname="Public.customerControllerV3" name="getCustomerDetail_v3" time="0.603"/>
  <testcase classname="Private.equipmentControllerV4" name="getequipmentControllerEquipmentDetailv4" time="0.309"/>
  <testcase classname="Private.CollectionControllerv4" name="getcollectionv4" time="0.327"/>
  <testcase classname="Private.CashieringController" name="saveReciept_2_4" time="17.172"/>
  <testcase classname="Private.CashieringController" name="TC002_RecieptAdjustment" time="0.207">
    <failure type="java.lang.AssertionError" message="Reciept not adjusted {
    &amp;quot;Receipt&amp;quot;: {
        &amp;quot;Success&amp;quot;: false,
        &amp;quot;Data&amp;quot;: null,
        &amp;quot;Messages&amp;quot;: [
            {
                &amp;quot;Enabled&amp;quot;: 1,
                &amp;quot;Info&amp;quot;: &amp;quot;Receipt number does not exist.&amp;quot;,
                &amp;quot;Level&amp;quot;: 3
            }
        ]
    }
}">
      <![CDATA[java.lang.AssertionError: Reciept not adjusted {
    "Receipt": {
        "Success": false,
        "Data": null,
        "Messages": [
            {
                "Enabled": 1,
                "Info": "Receipt number does not exist.",
                "Level": 3
            }
        ]
    }
}
at Private.CashieringController.TC002_RecieptAdjustment(CashieringController.java:253)
at java.base/java.util.ArrayList.forEach(ArrayList.java:1541)
... Removed 28 stack frames]]>
    </failure>
  </testcase> <!-- TC002_RecieptAdjustment -->
  <testcase classname="Private.CashieringController" name="saveReciept_4_prepaymentExistingCustomer" time="0.001">
    <skipped/>
  </testcase> <!-- saveReciept_4_prepaymentExistingCustomer -->
  <testcase classname="Private.CashieringController" name="saveReciept_4_prepaymentNewCustomer" time="0.001">
    <skipped/>
  </testcase> <!-- saveReciept_4_prepaymentNewCustomer -->
  <testcase classname="Private.CashieringController" name="saveReciept_4_SOTaskCompleteDepositPayment" time="0.0">
    <skipped/>
  </testcase> <!-- saveReciept_4_SOTaskCompleteDepositPayment -->
  <testcase classname="Private.CashieringController" name="saveReciept_4_SOTaskCompleteDepositPaymenttask2" time="0.001">
    <skipped/>
  </testcase> <!-- saveReciept_4_SOTaskCompleteDepositPaymenttask2 -->
  <testcase classname="Private.CashieringController" name="saveReciept_SOTaskCompleteDepositPaymenttaskNewCustomer" time="0.001">
    <skipped/>
  </testcase> <!-- saveReciept_SOTaskCompleteDepositPaymenttaskNewCustomer -->
  <testcase classname="Private.PaymentControllerV4" name="postPaymentSimulatev4" time="2.15"/>
  <testcase classname="Private.PaymentControllerV4" name="postPaymentSimulateExt" time="10.2"/>
  <testcase classname="Private.PaymentControllerV4" name="postPaymentSimulatev4_savePayments" time="0.31"/>
  <testcase classname="Private.PaymentControllerV4" name="postPaymentSimulatev4_savePayments_1" time="0.234"/>
  <testcase classname="Private.PaymentControllerV4" name="postPaymentSimulatev4_savePayments_2" time="0.265"/>
  <testcase classname="Public.accountBalancesv4" name="getAccountBalancesV4" time="0.001">
    <skipped/>
  </testcase> <!-- getAccountBalancesV4 -->
  <testcase classname="Private.SmartlistControllerV3" name="postsmartlistfavorite_v_3" time="0.0">
    <skipped/>
  </testcase> <!-- postsmartlistfavorite_v_3 -->
  <testcase classname="Private.SmartlistControllerV3" name="getsmartList_v_3" time="0.0">
    <skipped/>
  </testcase> <!-- getsmartList_v_3 -->
  <testcase classname="Private.lookupControllerv4" name="getlookupcreditCard_v4" time="0.0">
    <ignored/>
  </testcase> <!-- getlookupcreditCard_v4 -->
  <testcase classname="Private.lookupControllerv4" name="lookupCheckBookv4" time="0.0">
    <ignored/>
  </testcase> <!-- lookupCheckBookv4 -->
  <testcase classname="Private.PaymentControllerV4" name="putputPaymentV4" time="0.0">
    <ignored/>
  </testcase> <!-- putputPaymentV4 -->
  <testcase classname="Private.BillingControllerv4" name="getBatchIdValidate" time="0.0">
    <ignored/>
  </testcase> <!-- getBatchIdValidate -->
  <testcase classname="Private.lookupControllerv4" name="lookupEquipmentRegisterCode4" time="0.0">
    <ignored/>
  </testcase> <!-- lookupEquipmentRegisterCode4 -->
  <testcase classname="Private.BaseClass" name="@BeforeSuite setupReport" time="0.0">
    <ignored/>
  </testcase> <!-- @BeforeSuite setupReport -->
  <testcase classname="Private.BillingControllerv4" name="getBatchIdValidatetrue" time="0.0">
    <ignored/>
  </testcase> <!-- getBatchIdValidatetrue -->
  <testcase classname="Public.customerControllerV3" name="putcustomerscollectionsOptionsv2" time="0.0">
    <ignored/>
  </testcase> <!-- putcustomerscollectionsOptionsv2 -->
  <testcase classname="Private.transactionsControllerv4" name="gettransactionpaymentInvCred_v4" time="0.0">
    <ignored/>
  </testcase> <!-- gettransactionpaymentInvCred_v4 -->
  <testcase classname="Private.BillingControllerv4" name="TC002_getbillBatchStatus" time="0.0">
    <ignored/>
  </testcase> <!-- TC002_getbillBatchStatus -->
  <testcase classname="Private.transactionsControllerv4" name="gettransactionpaymentInv_v4" time="0.0">
    <ignored/>
  </testcase> <!-- gettransactionpaymentInv_v4 -->
  <testcase classname="Public.customerControllerV3" name="getpreauthorizepaymentplan_v2" time="0.0">
    <ignored/>
  </testcase> <!-- getpreauthorizepaymentplan_v2 -->
  <testcase classname="Private.CashieringController" name="TC004_getReceipt" time="0.0">
    <ignored/>
  </testcase> <!-- TC004_getReceipt -->
  <testcase classname="Private.BaseClass" name="@BeforeSuite setupReport" time="0.0">
    <ignored/>
  </testcase> <!-- @BeforeSuite setupReport -->
  <testcase classname="Public.spaControllerV3" name="getcalculatedocuments_v_3" time="0.0">
    <ignored/>
  </testcase> <!-- getcalculatedocuments_v_3 -->
  <testcase classname="Private.customerControllerV4" name="putupdateCustomerCard" time="0.0">
    <ignored/>
  </testcase> <!-- putupdateCustomerCard -->
  <testcase classname="Private.lookupControllerv4" name="lookupReadingTypev4" time="0.0">
    <ignored/>
  </testcase> <!-- lookupReadingTypev4 -->
  <testcase classname="Private.DepositsController" name="getdepositpaymentPlan" time="0.0">
    <ignored/>
  </testcase> <!-- getdepositpaymentPlan -->
  <testcase classname="Private.BaseClass" name="@AfterSuite sendReportByEmail" time="0.0">
    <ignored/>
  </testcase> <!-- @AfterSuite sendReportByEmail -->
  <testcase classname="Private.BillingControllerv4" name="postBillingv4" time="0.0">
    <ignored/>
  </testcase> <!-- postBillingv4 -->
  <testcase classname="Private.lookupControllerv4" name="lookupserviceOrderOrigin" time="0.0">
    <ignored/>
  </testcase> <!-- lookupserviceOrderOrigin -->
  <testcase classname="Private.BaseClass" name="@AfterSuite sendReportByEmail" time="0.0">
    <ignored/>
  </testcase> <!-- @AfterSuite sendReportByEmail -->
  <testcase classname="Private.lookupControllerv4" name="lookupMeterReadv4" time="0.0">
    <ignored/>
  </testcase> <!-- lookupMeterReadv4 -->
  <testcase classname="Private.lookupControllerv4" name="lookupdocumentTypev4" time="0.0">
    <ignored/>
  </testcase> <!-- lookupdocumentTypev4 -->
  <testcase classname="Private.lookupControllerv4" name="lookupequipmentModelv4" time="0.0">
    <ignored/>
  </testcase> <!-- lookupequipmentModelv4 -->
  <testcase classname="Private.lookupControllerv4" name="lookupserviceOrderRequestedBy" time="0.0">
    <ignored/>
  </testcase> <!-- lookupserviceOrderRequestedBy -->
  <testcase classname="Public.spaController" name="getcalculatedocuments_v_2" time="0.0">
    <ignored/>
  </testcase> <!-- getcalculatedocuments_v_2 -->
  <testcase classname="Private.BaseClass" name="@AfterSuite sendReportByEmail" time="0.0">
    <ignored/>
  </testcase> <!-- @AfterSuite sendReportByEmail -->
  <testcase classname="Private.BillingControllerv4" name="postcreateStatementv4" time="0.0">
    <ignored/>
  </testcase> <!-- postcreateStatementv4 -->
  <testcase classname="Private.lookupControllerv4" name="lookuplocation" time="0.0">
    <ignored/>
  </testcase> <!-- lookuplocation -->
  <testcase classname="Private.lookupControllerv4" name="lookupMetergroup4" time="0.0">
    <ignored/>
  </testcase> <!-- lookupMetergroup4 -->
  <testcase classname="Private.lookupControllerv4" name="getapplyByService_nonev4" time="0.0">
    <ignored/>
  </testcase> <!-- getapplyByService_nonev4 -->
  <testcase classname="Public.spaController" name="getspadocuments_v_2" time="0.0">
    <ignored/>
  </testcase> <!-- getspadocuments_v_2 -->
  <testcase classname="Public.spaController" name="getspaAccountBalances_v_2" time="0.0">
    <ignored/>
  </testcase> <!-- getspaAccountBalances_v_2 -->
  <testcase classname="Private.lookupControllerv4" name="lookupNsfReasonCodev4" time="0.0">
    <ignored/>
  </testcase> <!-- lookupNsfReasonCodev4 -->
  <testcase classname="Private.PaymentControllerV4" name="gettPaymentNextOpenv4" time="0.0">
    <ignored/>
  </testcase> <!-- gettPaymentNextOpenv4 -->
  <testcase classname="Private.lookupControllerv4" name="lookupkvaReadingType" time="0.0">
    <ignored/>
  </testcase> <!-- lookupkvaReadingType -->
  <testcase classname="Public.customerControllerV3" name="getnextCustomerId_v2" time="0.0">
    <ignored/>
  </testcase> <!-- getnextCustomerId_v2 -->
  <testcase classname="Public.customerControllerV3" name="putcustomersaddressv2" time="0.0">
    <ignored/>
  </testcase> <!-- putcustomersaddressv2 -->
  <testcase classname="Private.lookupControllerv4" name="getserviceAddressLookup_v4" time="0.0">
    <ignored/>
  </testcase> <!-- getserviceAddressLookup_v4 -->
  <testcase classname="Private.BaseClass" name="@BeforeSuite setupReport" time="0.0">
    <ignored/>
  </testcase> <!-- @BeforeSuite setupReport -->
  <testcase classname="Private.DepositsController" name="lookupDepositId" time="0.0">
    <ignored/>
  </testcase> <!-- lookupDepositId -->
  <testcase classname="Private.BillingControllerv4" name="getbillingtransferProgress" time="0.0">
    <ignored/>
  </testcase> <!-- getbillingtransferProgress -->
  <testcase classname="Private.CollectionControllerv4" name="getcollectionsetupv4" time="0.0">
    <ignored/>
  </testcase> <!-- getcollectionsetupv4 -->
  <testcase classname="Private.transactionsControllerv4" name="getMeterReadInquiryWork_v4" time="0.0">
    <ignored/>
  </testcase> <!-- getMeterReadInquiryWork_v4 -->
  <testcase classname="Private.lookupControllerv4" name="lookupzonev4" time="0.0">
    <ignored/>
  </testcase> <!-- lookupzonev4 -->
  <testcase classname="Public.customerControllerV3" name="putcustomersotherOptionsv2" time="0.0">
    <ignored/>
  </testcase> <!-- putcustomersotherOptionsv2 -->
  <testcase classname="Private.DepositsController" name="getdepositpaymentPlanv3" time="0.0">
    <ignored/>
  </testcase> <!-- getdepositpaymentPlanv3 -->
  <testcase classname="Private.lookupControllerv4" name="lookupbillingCyclePeriod" time="0.0">
    <ignored/>
  </testcase> <!-- lookupbillingCyclePeriod -->
  <testcase classname="Private.lookupControllerv4" name="lookupequipmentNetMetervType4" time="0.0">
    <ignored/>
  </testcase> <!-- lookupequipmentNetMetervType4 -->
  <testcase classname="Private.lookupControllerv4" name="lookupEquipmentAttributeProtection4" time="0.0">
    <ignored/>
  </testcase> <!-- lookupEquipmentAttributeProtection4 -->
  <testcase classname="Private.lookupControllerv4" name="lookupequipmentTypev4" time="0.0">
    <ignored/>
  </testcase> <!-- lookupequipmentTypev4 -->
  <testcase classname="Public.spaController" name="getheaderInfo_v_2" time="0.0">
    <ignored/>
  </testcase> <!-- getheaderInfo_v_2 -->
  <testcase classname="Public.customerControllerV3" name="putcustomersrolldownAddressCodev2" time="0.0">
    <ignored/>
  </testcase> <!-- putcustomersrolldownAddressCodev2 -->
  <testcase classname="Public.spaControllerV3" name="getheaderInfo_v_3" time="0.0">
    <ignored/>
  </testcase> <!-- getheaderInfo_v_3 -->
  <testcase classname="Private.BaseClass" name="@AfterSuite sendReportByEmail" time="0.0">
    <ignored/>
  </testcase> <!-- @AfterSuite sendReportByEmail -->
  <testcase classname="Private.transactionsControllerv4" name="gettransactionbatch_v4" time="0.0">
    <ignored/>
  </testcase> <!-- gettransactionbatch_v4 -->
  <testcase classname="Private.BillingControllerv4" name="delBatv4" time="0.0">
    <ignored/>
  </testcase> <!-- delBatv4 -->
  <testcase classname="Private.BaseClass" name="@AfterSuite sendReportByEmail" time="0.0">
    <ignored/>
  </testcase> <!-- @AfterSuite sendReportByEmail -->
  <testcase classname="Private.DepositsController" name="postdepositpaymentPlanv4" time="0.0">
    <ignored/>
  </testcase> <!-- postdepositpaymentPlanv4 -->
  <testcase classname="Private.lookupControllerv4" name="lookupequipmentClassv4" time="0.0">
    <ignored/>
  </testcase> <!-- lookupequipmentClassv4 -->
  <testcase classname="Private.BillingControllerv4" name="billingprintStatementv4_Error" time="0.0">
    <ignored/>
  </testcase> <!-- billingprintStatementv4_Error -->
  <testcase classname="Private.equipmentControllerV4" name="postequipmentControllerv4" time="0.0">
    <ignored/>
  </testcase> <!-- postequipmentControllerv4 -->
  <testcase classname="Private.PaymentControllerV4" name="gettPaymentNextAllv4" time="0.0">
    <ignored/>
  </testcase> <!-- gettPaymentNextAllv4 -->
  <testcase classname="Private.transactionsControllerv4" name="getapplyByService_v4" time="0.0">
    <ignored/>
  </testcase> <!-- getapplyByService_v4 -->
  <testcase classname="Private.CollectionControllerv4" name="confirmNoticev4" time="0.0">
    <ignored/>
  </testcase> <!-- confirmNoticev4 -->
  <testcase classname="Private.BaseClass" name="@BeforeSuite setupReport" time="0.0">
    <ignored/>
  </testcase> <!-- @BeforeSuite setupReport -->
  <testcase classname="Public.customerControllerV3" name="getOtheroptions_v2" time="0.0">
    <ignored/>
  </testcase> <!-- getOtheroptions_v2 -->
  <testcase classname="Private.BaseClass" name="@AfterSuite sendReportByEmail" time="0.0">
    <ignored/>
  </testcase> <!-- @AfterSuite sendReportByEmail -->
  <testcase classname="Private.BaseClass" name="@AfterSuite sendReportByEmail" time="0.0">
    <ignored/>
  </testcase> <!-- @AfterSuite sendReportByEmail -->
  <testcase classname="Public.spaControllerV3" name="getspaAccountBalances_v_3" time="0.0">
    <ignored/>
  </testcase> <!-- getspaAccountBalances_v_3 -->
  <testcase classname="Private.BaseClass" name="@AfterSuite sendReportByEmail" time="0.0">
    <ignored/>
  </testcase> <!-- @AfterSuite sendReportByEmail -->
  <testcase classname="Private.CashieringController" name="TC003_getnextReceipt" time="0.0">
    <ignored/>
  </testcase> <!-- TC003_getnextReceipt -->
  <testcase classname="Private.voidController" name="getlinkedDocumentv4" time="0.0">
    <ignored/>
  </testcase> <!-- getlinkedDocumentv4 -->
  <testcase classname="Private.BaseClass" name="@AfterSuite sendReportByEmail" time="0.0">
    <ignored/>
  </testcase> <!-- @AfterSuite sendReportByEmail -->
  <testcase classname="Private.PaymentControllerV4" name="delPaymentv4Err" time="0.0">
    <ignored/>
  </testcase> <!-- delPaymentv4Err -->
  <testcase classname="Private.BillingControllerv4" name="PostBillingcalculatev4" time="0.0">
    <ignored/>
  </testcase> <!-- PostBillingcalculatev4 -->
  <testcase classname="Private.lookupControllerv4" name="elascticsearchcreateindex_v_4" time="0.0">
    <ignored/>
  </testcase> <!-- elascticsearchcreateindex_v_4 -->
  <testcase classname="Private.CollectionControllerv4" name="postcollectionprocessv4" time="0.0">
    <ignored/>
  </testcase> <!-- postcollectionprocessv4 -->
  <testcase classname="Private.transactionsControllerv4" name="gettransactionpayment_v4" time="0.0">
    <ignored/>
  </testcase> <!-- gettransactionpayment_v4 -->
  <testcase classname="Private.customerControllerV4" name="putupdateCustomersInfov4Pos" time="0.0">
    <ignored/>
  </testcase> <!-- putupdateCustomersInfov4Pos -->
  <testcase classname="Private.BillingControllerv4" name="postingFinalBillTransferv4" time="0.0">
    <ignored/>
  </testcase> <!-- postingFinalBillTransferv4 -->
  <testcase classname="Private.lookupControllerv4" name="lookuplocationClass" time="0.0">
    <ignored/>
  </testcase> <!-- lookuplocationClass -->
  <testcase classname="Private.equipmentControllerV4" name="getequipmentControllerClassv4" time="0.0">
    <ignored/>
  </testcase> <!-- getequipmentControllerClassv4 -->
  <testcase classname="Private.PaymentControllerV4" name="delPaymentv4CreditNote" time="0.0">
    <ignored/>
  </testcase> <!-- delPaymentv4CreditNote -->
  <testcase classname="Private.BaseClass" name="@BeforeSuite setupReport" time="0.0">
    <ignored/>
  </testcase> <!-- @BeforeSuite setupReport -->
  <testcase classname="Private.CollectionControllerv4" name="postcollectionGeneratev4" time="0.0">
    <ignored/>
  </testcase> <!-- postcollectionGeneratev4 -->
  <testcase classname="Private.BillingControllerv4" name="getbillprintTemplatePath" time="0.0">
    <ignored/>
  </testcase> <!-- getbillprintTemplatePath -->
  <testcase classname="Private.CashieringController" name="TC005_getRegisterInfo" time="0.0">
    <ignored/>
  </testcase> <!-- TC005_getRegisterInfo -->
  <testcase classname="Public.customerControllerV3" name="getCustomerBillingOptions_v3" time="0.0">
    <ignored/>
  </testcase> <!-- getCustomerBillingOptions_v3 -->
  <testcase classname="Private.customerControllerV4" name="getSecondaryCustomer" time="0.0">
    <ignored/>
  </testcase> <!-- getSecondaryCustomer -->
  <testcase classname="Private.PaymentControllerV4" name="gettPaymentNextv4" time="0.0">
    <ignored/>
  </testcase> <!-- gettPaymentNextv4 -->
  <testcase classname="Private.BaseClass" name="@AfterSuite sendReportByEmail" time="0.0">
    <ignored/>
  </testcase> <!-- @AfterSuite sendReportByEmail -->
  <testcase classname="Private.BillingControllerv4" name="delBatv4_EditListPrint" time="0.0">
    <ignored/>
  </testcase> <!-- delBatv4_EditListPrint -->
  <testcase classname="Public.customerControllerV3" name="putcustomerbillingoptionv2" time="0.0">
    <ignored/>
  </testcase> <!-- putcustomerbillingoptionv2 -->
  <testcase classname="Private.CashieringController" name="TC004_balances" time="0.0">
    <ignored/>
  </testcase> <!-- TC004_balances -->
  <testcase classname="Public.customerControllerV3" name="getCollectionsoptions_v2" time="0.0">
    <ignored/>
  </testcase> <!-- getCollectionsoptions_v2 -->
  <testcase classname="Private.CashieringController" name="TC007_getAutoApply" time="0.0">
    <ignored/>
  </testcase> <!-- TC007_getAutoApply -->
  <testcase classname="Private.BaseClass" name="@BeforeSuite setupReport" time="0.0">
    <ignored/>
  </testcase> <!-- @BeforeSuite setupReport -->
  <testcase classname="Public.spaControllerV3" name="getspadetails_v_3" time="0.0">
    <ignored/>
  </testcase> <!-- getspadetails_v_3 -->
  <testcase classname="Private.lookupControllerv4" name="lookupequipmentStatusv4" time="0.0">
    <ignored/>
  </testcase> <!-- lookupequipmentStatusv4 -->
  <testcase classname="Private.BillingControllerv4" name="getBilltransferProgress" time="0.0">
    <ignored/>
  </testcase> <!-- getBilltransferProgress -->
  <testcase classname="Private.lookupControllerv4" name="lookupchargeTypeAll" time="0.0">
    <ignored/>
  </testcase> <!-- lookupchargeTypeAll -->
  <testcase classname="Private.BillingControllerv4" name="postinggenerateBillingTransferReportv4" time="0.0">
    <ignored/>
  </testcase> <!-- postinggenerateBillingTransferReportv4 -->
  <testcase classname="Private.BillingControllerv4" name="TC001_getutilitySetup" time="0.0">
    <ignored/>
  </testcase> <!-- TC001_getutilitySetup -->
  <testcase classname="Private.lookupControllerv4" name="lookupcollectionnoticeType" time="0.0">
    <ignored/>
  </testcase> <!-- lookupcollectionnoticeType -->
  <testcase classname="Private.CollectionControllerv4" name="getcollectionMessagesv4" time="0.0">
    <ignored/>
  </testcase> <!-- getcollectionMessagesv4 -->
  <testcase classname="Private.CashieringController" name="TC006_gettransactions_2_4" time="0.0">
    <ignored/>
  </testcase> <!-- TC006_gettransactions_2_4 -->
  <testcase classname="Private.lookupControllerv4" name="lookupchargeType" time="0.0">
    <ignored/>
  </testcase> <!-- lookupchargeType -->
  <testcase classname="Public.spaControllerV3" name="putcalculatedocuments_v_3" time="0.0">
    <ignored/>
  </testcase> <!-- putcalculatedocuments_v_3 -->
  <testcase classname="Private.CollectionControllerv4" name="getcollectionNoticeTypev4" time="0.0">
    <ignored/>
  </testcase> <!-- getcollectionNoticeTypev4 -->
  <testcase classname="Private.BillingControllerv4" name="PostgenerateEditReportv4" time="0.0">
    <ignored/>
  </testcase> <!-- PostgenerateEditReportv4 -->
  <testcase classname="Private.lookupControllerv4" name="lookupchargeTypeAll2" time="0.0">
    <ignored/>
  </testcase> <!-- lookupchargeTypeAll2 -->
  <testcase classname="Private.BillingControllerv4" name="delBatv4_calculating" time="0.0">
    <ignored/>
  </testcase> <!-- delBatv4_calculating -->
  <testcase classname="Private.lookupControllerv4" name="lookupserviceOrderTask" time="0.0">
    <ignored/>
  </testcase> <!-- lookupserviceOrderTask -->
  <testcase classname="Private.lookupControllerv4" name="getapplyByService_Paymentsv4" time="0.0">
    <ignored/>
  </testcase> <!-- getapplyByService_Paymentsv4 -->
  <testcase classname="Private.BaseClass" name="@BeforeSuite setupReport" time="0.0">
    <ignored/>
  </testcase> <!-- @BeforeSuite setupReport -->
  <testcase classname="Private.BillingControllerv4" name="billBatchStatus" time="0.0">
    <ignored/>
  </testcase> <!-- billBatchStatus -->
  <testcase classname="Private.BillingControllerv4" name="billingfinalcalculatev4" time="0.0">
    <ignored/>
  </testcase> <!-- billingfinalcalculatev4 -->
  <testcase classname="Public.spaController" name="putcalculatedocuments_v_2" time="0.0">
    <ignored/>
  </testcase> <!-- putcalculatedocuments_v_2 -->
  <testcase classname="Private.BaseClass" name="@AfterSuite sendReportByEmail" time="0.0">
    <ignored/>
  </testcase> <!-- @AfterSuite sendReportByEmail -->
  <testcase classname="Private.voidController" name="putvoidv4" time="0.0">
    <ignored/>
  </testcase> <!-- putvoidv4 -->
  <testcase classname="Private.transactionsControllerv4" name="getMeterReadInquiryHistory_v4" time="0.0">
    <ignored/>
  </testcase> <!-- getMeterReadInquiryHistory_v4 -->
  <testcase classname="Private.lookupControllerv4" name="lookupbillingPrepareType" time="0.0">
    <ignored/>
  </testcase> <!-- lookupbillingPrepareType -->
  <testcase classname="Private.BaseClass" name="@BeforeSuite setupReport" time="0.0">
    <ignored/>
  </testcase> <!-- @BeforeSuite setupReport -->
  <testcase classname="Private.BillingControllerv4" name="billingprintStatementv4" time="0.0">
    <ignored/>
  </testcase> <!-- billingprintStatementv4 -->
  <testcase classname="Private.transactionsControllerv4" name="getMeterReadInquiryOpen_v4" time="0.0">
    <ignored/>
  </testcase> <!-- getMeterReadInquiryOpen_v4 -->
  <testcase classname="Private.CollectionControllerv4" name="putcollectionapplyDisconnectDatev4" time="0.0">
    <ignored/>
  </testcase> <!-- putcollectionapplyDisconnectDatev4 -->
  <testcase classname="Private.BaseClass" name="@BeforeSuite setupReport" time="0.0">
    <ignored/>
  </testcase> <!-- @BeforeSuite setupReport -->
  <testcase classname="Public.customerControllerV3" name="getlocationsByCustomerv_2_4_ExcludeFormer" time="0.0">
    <ignored/>
  </testcase> <!-- getlocationsByCustomerv_2_4_ExcludeFormer -->
  <testcase classname="Private.BaseClass" name="@BeforeSuite setupReport" time="0.0">
    <ignored/>
  </testcase> <!-- @BeforeSuite setupReport -->
  <testcase classname="Private.lookupControllerv4" name="lookupbillType" time="0.0">
    <ignored/>
  </testcase> <!-- lookupbillType -->
  <testcase classname="Private.BaseClass" name="@AfterSuite sendReportByEmail" time="0.0">
    <ignored/>
  </testcase> <!-- @AfterSuite sendReportByEmail -->
  <testcase classname="Private.PaymentControllerV4" name="gettPaymentNextHistv4" time="0.0">
    <ignored/>
  </testcase> <!-- gettPaymentNextHistv4 -->
  <testcase classname="Private.BaseClass" name="@BeforeSuite setupReport" time="0.0">
    <ignored/>
  </testcase> <!-- @BeforeSuite setupReport -->
  <testcase classname="Private.customerControllerV4" name="putupdateCustomersInfov4" time="0.0">
    <ignored/>
  </testcase> <!-- putupdateCustomersInfov4 -->
  <testcase classname="Public.spaController" name="getspadetails_v_2" time="0.0">
    <ignored/>
  </testcase> <!-- getspadetails_v_2 -->
  <testcase classname="Private.BaseClass" name="@BeforeSuite setupReport" time="0.0">
    <ignored/>
  </testcase> <!-- @BeforeSuite setupReport -->
  <testcase classname="Private.BillingControllerv4" name="delBatv4Err" time="0.0">
    <ignored/>
  </testcase> <!-- delBatv4Err -->
  <testcase classname="Private.customerControllerV4" name="getSecondaryCustomer2" time="0.0">
    <ignored/>
  </testcase> <!-- getSecondaryCustomer2 -->
  <testcase classname="Private.CollectionControllerv4" name="getcollectioncriteriav4" time="0.0">
    <ignored/>
  </testcase> <!-- getcollectioncriteriav4 -->
  <testcase classname="Private.CollectionControllerv4" name="postcollectionprintv4" time="0.0">
    <ignored/>
  </testcase> <!-- postcollectionprintv4 -->
  <testcase classname="Private.BaseClass" name="@AfterSuite sendReportByEmail" time="0.0">
    <ignored/>
  </testcase> <!-- @AfterSuite sendReportByEmail -->
  <testcase classname="Private.PaymentControllerV4" name="postPaymentDepositv4" time="0.0">
    <ignored/>
  </testcase> <!-- postPaymentDepositv4 -->
  <testcase classname="Private.CashieringController" name="TC003_1_getCashin" time="0.0">
    <ignored/>
  </testcase> <!-- TC003_1_getCashin -->
  <testcase classname="Public.spaControllerV3" name="getspadocuments_v_3" time="0.0">
    <ignored/>
  </testcase> <!-- getspadocuments_v_3 -->
  <testcase classname="Private.PaymentControllerV4" name="delPaymentv4" time="0.0">
    <ignored/>
  </testcase> <!-- delPaymentv4 -->
  <testcase classname="Private.BaseClass" name="@BeforeSuite setupReport" time="0.0">
    <ignored/>
  </testcase> <!-- @BeforeSuite setupReport -->
  <testcase classname="Private.lookupControllerv4" name="lookupserviceOrderStatus" time="0.0">
    <ignored/>
  </testcase> <!-- lookupserviceOrderStatus -->
  <testcase classname="Private.equipmentControllerV4" name="postequipmentControllerv4Error" time="0.0">
    <ignored/>
  </testcase> <!-- postequipmentControllerv4Error -->
  <testcase classname="Private.CashieringController" name="TC006_gettransactions" time="0.0">
    <ignored/>
  </testcase> <!-- TC006_gettransactions -->
</testsuite> <!-- Default test(failed)(failed)(failed) -->
